{"C:\\Users\\kingsley\\Desktop\\Events-Manager\\server\\services\\AuthenticationService.js":{"path":"C:\\Users\\kingsley\\Desktop\\Events-Manager\\server\\services\\AuthenticationService.js","statementMap":{"0":{"start":{"line":20,"column":3},"end":{"line":35,"column":7}},"1":{"start":{"line":21,"column":20},"end":{"line":25,"column":5}},"2":{"start":{"line":27,"column":3},"end":{"line":34,"column":5}},"3":{"start":{"line":28,"column":4},"end":{"line":33,"column":31}},"4":{"start":{"line":29,"column":19},"end":{"line":29,"column":30}},"5":{"start":{"line":30,"column":17},"end":{"line":30,"column":43}},"6":{"start":{"line":31,"column":5},"end":{"line":31,"column":59}},"7":{"start":{"line":33,"column":9},"end":{"line":33,"column":31}},"8":{"start":{"line":48,"column":2},"end":{"line":61,"column":3}},"9":{"start":{"line":49,"column":19},"end":{"line":52,"column":4}},"10":{"start":{"line":53,"column":19},"end":{"line":53,"column":56}},"11":{"start":{"line":54,"column":3},"end":{"line":55,"column":36}},"12":{"start":{"line":55,"column":4},"end":{"line":55,"column":36}},"13":{"start":{"line":58,"column":3},"end":{"line":58,"column":20}},"14":{"start":{"line":59,"column":3},"end":{"line":59,"column":73}},"15":{"start":{"line":60,"column":3},"end":{"line":60,"column":31}}},"fnMap":{"0":{"name":"(anonymous_0)","decl":{"start":{"line":19,"column":1},"end":{"line":19,"column":2}},"loc":{"start":{"line":19,"column":41},"end":{"line":36,"column":2}},"line":19},"1":{"name":"(anonymous_1)","decl":{"start":{"line":20,"column":22},"end":{"line":20,"column":23}},"loc":{"start":{"line":20,"column":43},"end":{"line":35,"column":5}},"line":20},"2":{"name":"(anonymous_2)","decl":{"start":{"line":27,"column":49},"end":{"line":27,"column":50}},"loc":{"start":{"line":27,"column":67},"end":{"line":34,"column":4}},"line":27},"3":{"name":"(anonymous_3)","decl":{"start":{"line":46,"column":1},"end":{"line":46,"column":2}},"loc":{"start":{"line":46,"column":36},"end":{"line":62,"column":2}},"line":46}},"branchMap":{"0":{"loc":{"start":{"line":28,"column":4},"end":{"line":33,"column":31}},"type":"if","locations":[{"start":{"line":28,"column":4},"end":{"line":33,"column":31}},{"start":{"line":28,"column":4},"end":{"line":33,"column":31}}],"line":28},"1":{"loc":{"start":{"line":54,"column":3},"end":{"line":55,"column":36}},"type":"if","locations":[{"start":{"line":54,"column":3},"end":{"line":55,"column":36}},{"start":{"line":54,"column":3},"end":{"line":55,"column":36}}],"line":54}},"s":{"0":4,"1":4,"2":4,"3":4,"4":1,"5":1,"6":1,"7":3,"8":3,"9":3,"10":3,"11":1,"12":1,"13":2,"14":2,"15":2},"f":{"0":4,"1":4,"2":4,"3":3},"b":{"0":[1,3],"1":[1,0]},"_coverageSchema":"332fd63041d2c1bcb487cc26dd0d5f7d97098a6c","hash":"5dca070f8c31665ef0f1ce4ef43c69bc66ff9a29","contentHash":"2531f6f3bfb44cc77475c51ef3087812_11.3.0"},"C:\\Users\\kingsley\\Desktop\\Events-Manager\\server\\services\\modelService.js":{"path":"C:\\Users\\kingsley\\Desktop\\Events-Manager\\server\\services\\modelService.js","statementMap":{"0":{"start":{"line":21,"column":3},"end":{"line":34,"column":6}},"1":{"start":{"line":23,"column":4},"end":{"line":29,"column":6}},"2":{"start":{"line":32,"column":17},"end":{"line":32,"column":76}},"3":{"start":{"line":33,"column":5},"end":{"line":33,"column":32}},"4":{"start":{"line":49,"column":26},"end":{"line":49,"column":48}},"5":{"start":{"line":50,"column":21},"end":{"line":50,"column":41}},"6":{"start":{"line":52,"column":15},"end":{"line":52,"column":20}},"7":{"start":{"line":54,"column":21},"end":{"line":56,"column":11}},"8":{"start":{"line":55,"column":8},"end":{"line":55,"column":50}},"9":{"start":{"line":58,"column":2},"end":{"line":64,"column":5}},"10":{"start":{"line":60,"column":6},"end":{"line":63,"column":6}},"11":{"start":{"line":61,"column":6},"end":{"line":61,"column":20}},"12":{"start":{"line":62,"column":6},"end":{"line":62,"column":11}},"13":{"start":{"line":66,"column":2},"end":{"line":69,"column":3}},"14":{"start":{"line":84,"column":17},"end":{"line":84,"column":28}},"15":{"start":{"line":85,"column":33},"end":{"line":85,"column":40}},"16":{"start":{"line":86,"column":6},"end":{"line":102,"column":4}},"17":{"start":{"line":91,"column":3},"end":{"line":97,"column":5}},"18":{"start":{"line":92,"column":7},"end":{"line":92,"column":24}},"19":{"start":{"line":93,"column":7},"end":{"line":95,"column":20}},"20":{"start":{"line":96,"column":6},"end":{"line":96,"column":18}},"21":{"start":{"line":98,"column":3},"end":{"line":98,"column":17}},"22":{"start":{"line":101,"column":3},"end":{"line":101,"column":32}},"23":{"start":{"line":118,"column":33},"end":{"line":118,"column":40}},"24":{"start":{"line":119,"column":5},"end":{"line":131,"column":5}},"25":{"start":{"line":124,"column":18},"end":{"line":124,"column":25}},"26":{"start":{"line":125,"column":4},"end":{"line":125,"column":21}},"27":{"start":{"line":126,"column":4},"end":{"line":128,"column":44}},"28":{"start":{"line":130,"column":4},"end":{"line":130,"column":69}},"29":{"start":{"line":146,"column":4},"end":{"line":167,"column":6}},"30":{"start":{"line":148,"column":4},"end":{"line":163,"column":5}},"31":{"start":{"line":149,"column":5},"end":{"line":149,"column":19}},"32":{"start":{"line":152,"column":15},"end":{"line":152,"column":36}},"33":{"start":{"line":153,"column":4},"end":{"line":155,"column":21}},"34":{"start":{"line":154,"column":5},"end":{"line":154,"column":49}},"35":{"start":{"line":155,"column":9},"end":{"line":155,"column":21}},"36":{"start":{"line":157,"column":19},"end":{"line":157,"column":30}},"37":{"start":{"line":158,"column":5},"end":{"line":158,"column":22}},"38":{"start":{"line":159,"column":5},"end":{"line":161,"column":32}},"39":{"start":{"line":162,"column":5},"end":{"line":162,"column":17}},"40":{"start":{"line":166,"column":4},"end":{"line":166,"column":33}},"41":{"start":{"line":180,"column":2},"end":{"line":194,"column":5}},"42":{"start":{"line":182,"column":4},"end":{"line":190,"column":7}},"43":{"start":{"line":184,"column":5},"end":{"line":189,"column":7}},"44":{"start":{"line":193,"column":4},"end":{"line":193,"column":33}},"45":{"start":{"line":209,"column":2},"end":{"line":235,"column":4}},"46":{"start":{"line":213,"column":22},"end":{"line":213,"column":61}},"47":{"start":{"line":214,"column":21},"end":{"line":214,"column":63}},"48":{"start":{"line":215,"column":6},"end":{"line":231,"column":5}},"49":{"start":{"line":217,"column":6},"end":{"line":230,"column":5}},"50":{"start":{"line":218,"column":7},"end":{"line":226,"column":9}},"51":{"start":{"line":228,"column":16},"end":{"line":228,"column":48}},"52":{"start":{"line":229,"column":5},"end":{"line":229,"column":42}},"53":{"start":{"line":234,"column":3},"end":{"line":234,"column":32}},"54":{"start":{"line":247,"column":16},"end":{"line":247,"column":27}},"55":{"start":{"line":248,"column":2},"end":{"line":248,"column":24}},"56":{"start":{"line":249,"column":18},"end":{"line":249,"column":23}},"57":{"start":{"line":251,"column":2},"end":{"line":269,"column":3}},"58":{"start":{"line":252,"column":3},"end":{"line":266,"column":4}},"59":{"start":{"line":255,"column":23},"end":{"line":255,"column":36}},"60":{"start":{"line":256,"column":18},"end":{"line":256,"column":32}},"61":{"start":{"line":257,"column":5},"end":{"line":257,"column":22}},"62":{"start":{"line":259,"column":5},"end":{"line":261,"column":41}},"63":{"start":{"line":260,"column":6},"end":{"line":260,"column":60}},"64":{"start":{"line":261,"column":10},"end":{"line":261,"column":41}},"65":{"start":{"line":262,"column":5},"end":{"line":262,"column":11}},"66":{"start":{"line":264,"column":5},"end":{"line":264,"column":22}},"67":{"start":{"line":265,"column":5},"end":{"line":265,"column":22}},"68":{"start":{"line":267,"column":3},"end":{"line":267,"column":39}},"69":{"start":{"line":268,"column":3},"end":{"line":268,"column":67}},"70":{"start":{"line":270,"column":5},"end":{"line":270,"column":18}},"71":{"start":{"line":282,"column":2},"end":{"line":282,"column":78}},"72":{"start":{"line":282,"column":19},"end":{"line":282,"column":36}},"73":{"start":{"line":282,"column":37},"end":{"line":282,"column":77}},"74":{"start":{"line":283,"column":2},"end":{"line":286,"column":5}},"75":{"start":{"line":299,"column":21},"end":{"line":299,"column":32}},"76":{"start":{"line":300,"column":2},"end":{"line":300,"column":50}}},"fnMap":{"0":{"name":"(anonymous_0)","decl":{"start":{"line":20,"column":2},"end":{"line":20,"column":3}},"loc":{"start":{"line":20,"column":43},"end":{"line":35,"column":3}},"line":20},"1":{"name":"(anonymous_1)","decl":{"start":{"line":22,"column":9},"end":{"line":22,"column":10}},"loc":{"start":{"line":22,"column":21},"end":{"line":30,"column":4}},"line":22},"2":{"name":"(anonymous_2)","decl":{"start":{"line":31,"column":10},"end":{"line":31,"column":11}},"loc":{"start":{"line":31,"column":21},"end":{"line":34,"column":4}},"line":31},"3":{"name":"(anonymous_3)","decl":{"start":{"line":48,"column":1},"end":{"line":48,"column":2}},"loc":{"start":{"line":48,"column":43},"end":{"line":70,"column":2}},"line":48},"4":{"name":"(anonymous_4)","decl":{"start":{"line":54,"column":39},"end":{"line":54,"column":40}},"loc":{"start":{"line":54,"column":49},"end":{"line":56,"column":10}},"line":54},"5":{"name":"(anonymous_5)","decl":{"start":{"line":83,"column":2},"end":{"line":83,"column":3}},"loc":{"start":{"line":83,"column":44},"end":{"line":103,"column":2}},"line":83},"6":{"name":"(anonymous_6)","decl":{"start":{"line":90,"column":8},"end":{"line":90,"column":9}},"loc":{"start":{"line":90,"column":20},"end":{"line":99,"column":3}},"line":90},"7":{"name":"(anonymous_7)","decl":{"start":{"line":100,"column":9},"end":{"line":100,"column":10}},"loc":{"start":{"line":100,"column":18},"end":{"line":102,"column":3}},"line":100},"8":{"name":"(anonymous_8)","decl":{"start":{"line":117,"column":2},"end":{"line":117,"column":3}},"loc":{"start":{"line":117,"column":44},"end":{"line":132,"column":3}},"line":117},"9":{"name":"(anonymous_9)","decl":{"start":{"line":123,"column":9},"end":{"line":123,"column":10}},"loc":{"start":{"line":123,"column":19},"end":{"line":131,"column":4}},"line":123},"10":{"name":"(anonymous_10)","decl":{"start":{"line":145,"column":2},"end":{"line":145,"column":3}},"loc":{"start":{"line":145,"column":45},"end":{"line":168,"column":3}},"line":145},"11":{"name":"(anonymous_11)","decl":{"start":{"line":147,"column":9},"end":{"line":147,"column":10}},"loc":{"start":{"line":147,"column":19},"end":{"line":164,"column":4}},"line":147},"12":{"name":"(anonymous_12)","decl":{"start":{"line":165,"column":10},"end":{"line":165,"column":11}},"loc":{"start":{"line":165,"column":19},"end":{"line":167,"column":4}},"line":165},"13":{"name":"(anonymous_13)","decl":{"start":{"line":179,"column":4},"end":{"line":179,"column":5}},"loc":{"start":{"line":179,"column":45},"end":{"line":195,"column":2}},"line":179},"14":{"name":"(anonymous_14)","decl":{"start":{"line":181,"column":8},"end":{"line":181,"column":9}},"loc":{"start":{"line":181,"column":25},"end":{"line":191,"column":3}},"line":181},"15":{"name":"(anonymous_15)","decl":{"start":{"line":183,"column":10},"end":{"line":183,"column":11}},"loc":{"start":{"line":183,"column":16},"end":{"line":190,"column":5}},"line":183},"16":{"name":"(anonymous_16)","decl":{"start":{"line":192,"column":9},"end":{"line":192,"column":10}},"loc":{"start":{"line":192,"column":18},"end":{"line":194,"column":4}},"line":192},"17":{"name":"(anonymous_17)","decl":{"start":{"line":208,"column":4},"end":{"line":208,"column":5}},"loc":{"start":{"line":208,"column":57},"end":{"line":236,"column":2}},"line":208},"18":{"name":"(anonymous_18)","decl":{"start":{"line":212,"column":8},"end":{"line":212,"column":9}},"loc":{"start":{"line":212,"column":25},"end":{"line":232,"column":6}},"line":212},"19":{"name":"(anonymous_19)","decl":{"start":{"line":216,"column":10},"end":{"line":216,"column":11}},"loc":{"start":{"line":216,"column":28},"end":{"line":231,"column":4}},"line":216},"20":{"name":"(anonymous_20)","decl":{"start":{"line":233,"column":9},"end":{"line":233,"column":10}},"loc":{"start":{"line":233,"column":18},"end":{"line":235,"column":3}},"line":233},"21":{"name":"(anonymous_21)","decl":{"start":{"line":246,"column":3},"end":{"line":246,"column":4}},"loc":{"start":{"line":246,"column":38},"end":{"line":271,"column":2}},"line":246},"22":{"name":"(anonymous_22)","decl":{"start":{"line":281,"column":1},"end":{"line":281,"column":2}},"loc":{"start":{"line":281,"column":44},"end":{"line":287,"column":2}},"line":281},"23":{"name":"(anonymous_23)","decl":{"start":{"line":298,"column":1},"end":{"line":298,"column":2}},"loc":{"start":{"line":298,"column":48},"end":{"line":301,"column":2}},"line":298}},"branchMap":{"0":{"loc":{"start":{"line":25,"column":14},"end":{"line":27,"column":48}},"type":"cond-expr","locations":[{"start":{"line":26,"column":11},"end":{"line":26,"column":26}},{"start":{"line":27,"column":11},"end":{"line":27,"column":48}}],"line":25},"1":{"loc":{"start":{"line":60,"column":6},"end":{"line":63,"column":6}},"type":"if","locations":[{"start":{"line":60,"column":6},"end":{"line":63,"column":6}},{"start":{"line":60,"column":6},"end":{"line":63,"column":6}}],"line":60},"2":{"loc":{"start":{"line":86,"column":14},"end":{"line":88,"column":28}},"type":"cond-expr","locations":[{"start":{"line":87,"column":6},"end":{"line":87,"column":29}},{"start":{"line":88,"column":6},"end":{"line":88,"column":28}}],"line":86},"3":{"loc":{"start":{"line":91,"column":3},"end":{"line":97,"column":5}},"type":"if","locations":[{"start":{"line":91,"column":3},"end":{"line":97,"column":5}},{"start":{"line":91,"column":3},"end":{"line":97,"column":5}}],"line":91},"4":{"loc":{"start":{"line":93,"column":23},"end":{"line":95,"column":19}},"type":"cond-expr","locations":[{"start":{"line":94,"column":12},"end":{"line":94,"column":43}},{"start":{"line":95,"column":12},"end":{"line":95,"column":19}}],"line":93},"5":{"loc":{"start":{"line":119,"column":13},"end":{"line":121,"column":24}},"type":"cond-expr","locations":[{"start":{"line":120,"column":6},"end":{"line":120,"column":43}},{"start":{"line":121,"column":6},"end":{"line":121,"column":24}}],"line":119},"6":{"loc":{"start":{"line":126,"column":20},"end":{"line":128,"column":43}},"type":"cond-expr","locations":[{"start":{"line":127,"column":14},"end":{"line":127,"column":29}},{"start":{"line":128,"column":14},"end":{"line":128,"column":43}}],"line":126},"7":{"loc":{"start":{"line":130,"column":11},"end":{"line":130,"column":68}},"type":"cond-expr","locations":[{"start":{"line":130,"column":23},"end":{"line":130,"column":44}},{"start":{"line":130,"column":47},"end":{"line":130,"column":68}}],"line":130},"8":{"loc":{"start":{"line":148,"column":4},"end":{"line":163,"column":5}},"type":"if","locations":[{"start":{"line":148,"column":4},"end":{"line":163,"column":5}},{"start":{"line":148,"column":4},"end":{"line":163,"column":5}}],"line":148},"9":{"loc":{"start":{"line":153,"column":4},"end":{"line":155,"column":21}},"type":"if","locations":[{"start":{"line":153,"column":4},"end":{"line":155,"column":21}},{"start":{"line":153,"column":4},"end":{"line":155,"column":21}}],"line":153},"10":{"loc":{"start":{"line":159,"column":21},"end":{"line":161,"column":31}},"type":"cond-expr","locations":[{"start":{"line":160,"column":16},"end":{"line":160,"column":36}},{"start":{"line":161,"column":16},"end":{"line":161,"column":31}}],"line":159},"11":{"loc":{"start":{"line":186,"column":15},"end":{"line":188,"column":28}},"type":"cond-expr","locations":[{"start":{"line":187,"column":13},"end":{"line":187,"column":49}},{"start":{"line":188,"column":13},"end":{"line":188,"column":28}}],"line":186},"12":{"loc":{"start":{"line":217,"column":6},"end":{"line":230,"column":5}},"type":"if","locations":[{"start":{"line":217,"column":6},"end":{"line":230,"column":5}},{"start":{"line":217,"column":6},"end":{"line":230,"column":5}}],"line":217},"13":{"loc":{"start":{"line":219,"column":14},"end":{"line":219,"column":52}},"type":"cond-expr","locations":[{"start":{"line":219,"column":34},"end":{"line":219,"column":43}},{"start":{"line":219,"column":46},"end":{"line":219,"column":52}}],"line":219},"14":{"loc":{"start":{"line":221,"column":15},"end":{"line":224,"column":57}},"type":"cond-expr","locations":[{"start":{"line":222,"column":13},"end":{"line":223,"column":70}},{"start":{"line":224,"column":13},"end":{"line":224,"column":57}}],"line":221},"15":{"loc":{"start":{"line":222,"column":13},"end":{"line":223,"column":70}},"type":"cond-expr","locations":[{"start":{"line":223,"column":15},"end":{"line":223,"column":30}},{"start":{"line":223,"column":33},"end":{"line":223,"column":70}}],"line":222},"16":{"loc":{"start":{"line":251,"column":2},"end":{"line":269,"column":3}},"type":"if","locations":[{"start":{"line":251,"column":2},"end":{"line":269,"column":3}},{"start":{"line":251,"column":2},"end":{"line":269,"column":3}}],"line":251},"17":{"loc":{"start":{"line":252,"column":3},"end":{"line":266,"column":4}},"type":"switch","locations":[{"start":{"line":253,"column":4},"end":{"line":253,"column":36}},{"start":{"line":254,"column":4},"end":{"line":262,"column":11}},{"start":{"line":263,"column":4},"end":{"line":265,"column":22}}],"line":252},"18":{"loc":{"start":{"line":259,"column":5},"end":{"line":261,"column":41}},"type":"if","locations":[{"start":{"line":259,"column":5},"end":{"line":261,"column":41}},{"start":{"line":259,"column":5},"end":{"line":261,"column":41}}],"line":259},"19":{"loc":{"start":{"line":267,"column":16},"end":{"line":267,"column":38}},"type":"binary-expr","locations":[{"start":{"line":267,"column":16},"end":{"line":267,"column":26}},{"start":{"line":267,"column":30},"end":{"line":267,"column":38}}],"line":267},"20":{"loc":{"start":{"line":268,"column":19},"end":{"line":268,"column":67}},"type":"cond-expr","locations":[{"start":{"line":268,"column":33},"end":{"line":268,"column":57}},{"start":{"line":268,"column":60},"end":{"line":268,"column":67}}],"line":268},"21":{"loc":{"start":{"line":282,"column":2},"end":{"line":282,"column":78}},"type":"if","locations":[{"start":{"line":282,"column":2},"end":{"line":282,"column":78}},{"start":{"line":282,"column":2},"end":{"line":282,"column":78}}],"line":282},"22":{"loc":{"start":{"line":282,"column":53},"end":{"line":282,"column":76}},"type":"binary-expr","locations":[{"start":{"line":282,"column":53},"end":{"line":282,"column":56}},{"start":{"line":282,"column":60},"end":{"line":282,"column":76}}],"line":282},"23":{"loc":{"start":{"line":285,"column":12},"end":{"line":285,"column":32}},"type":"binary-expr","locations":[{"start":{"line":285,"column":12},"end":{"line":285,"column":15}},{"start":{"line":285,"column":19},"end":{"line":285,"column":32}}],"line":285},"24":{"loc":{"start":{"line":299,"column":21},"end":{"line":299,"column":32}},"type":"binary-expr","locations":[{"start":{"line":299,"column":21},"end":{"line":299,"column":25}},{"start":{"line":299,"column":29},"end":{"line":299,"column":32}}],"line":299}},"s":{"0":4,"1":1,"2":3,"3":3,"4":0,"5":0,"6":0,"7":0,"8":0,"9":0,"10":0,"11":0,"12":0,"13":0,"14":0,"15":0,"16":0,"17":0,"18":0,"19":0,"20":0,"21":0,"22":0,"23":0,"24":0,"25":0,"26":0,"27":0,"28":0,"29":0,"30":0,"31":0,"32":0,"33":0,"34":0,"35":0,"36":0,"37":0,"38":0,"39":0,"40":0,"41":0,"42":0,"43":0,"44":0,"45":0,"46":0,"47":0,"48":0,"49":0,"50":0,"51":0,"52":0,"53":0,"54":4,"55":4,"56":4,"57":4,"58":4,"59":3,"60":3,"61":3,"62":3,"63":1,"64":2,"65":3,"66":1,"67":1,"68":4,"69":4,"70":4,"71":0,"72":0,"73":0,"74":0,"75":0,"76":0},"f":{"0":4,"1":1,"2":3,"3":0,"4":0,"5":0,"6":0,"7":0,"8":0,"9":0,"10":0,"11":0,"12":0,"13":0,"14":0,"15":0,"16":0,"17":0,"18":0,"19":0,"20":0,"21":4,"22":0,"23":0},"b":{"0":[0,1],"1":[0,0],"2":[0,0],"3":[0,0],"4":[0,0],"5":[0,0],"6":[0,0],"7":[0,0],"8":[0,0],"9":[0,0],"10":[0,0],"11":[0,0],"12":[0,0],"13":[0,0],"14":[0,0],"15":[0,0],"16":[4,0],"17":[2,3,1],"18":[1,2],"19":[4,0],"20":[1,3],"21":[0,0],"22":[0,0],"23":[0,0],"24":[0,0]},"_coverageSchema":"332fd63041d2c1bcb487cc26dd0d5f7d97098a6c","hash":"c9794796fa21807266bb21f7e29c2f08b7bb2ddb","contentHash":"28922065916098bb396afec21ea0ec49_11.3.0"},"C:\\Users\\kingsley\\Desktop\\Events-Manager\\server\\models\\index.js":{"path":"C:\\Users\\kingsley\\Desktop\\Events-Manager\\server\\models\\index.js","statementMap":{"0":{"start":{"line":7,"column":0},"end":{"line":7,"column":16}},"1":{"start":{"line":9,"column":18},"end":{"line":9,"column":48}},"2":{"start":{"line":10,"column":18},"end":{"line":10,"column":55}},"3":{"start":{"line":11,"column":16},"end":{"line":11,"column":37}},"4":{"start":{"line":12,"column":18},"end":{"line":12,"column":20}},"5":{"start":{"line":15,"column":0},"end":{"line":19,"column":1}},"6":{"start":{"line":16,"column":2},"end":{"line":16,"column":66}},"7":{"start":{"line":18,"column":2},"end":{"line":18,"column":87}},"8":{"start":{"line":21,"column":0},"end":{"line":29,"column":5}},"9":{"start":{"line":24,"column":4},"end":{"line":24,"column":90}},"10":{"start":{"line":27,"column":18},"end":{"line":27,"column":65}},"11":{"start":{"line":28,"column":4},"end":{"line":28,"column":27}},"12":{"start":{"line":31,"column":0},"end":{"line":35,"column":3}},"13":{"start":{"line":32,"column":2},"end":{"line":34,"column":3}},"14":{"start":{"line":33,"column":4},"end":{"line":33,"column":32}},"15":{"start":{"line":37,"column":0},"end":{"line":37,"column":25}},"16":{"start":{"line":38,"column":0},"end":{"line":38,"column":25}},"17":{"start":{"line":40,"column":0},"end":{"line":40,"column":20}}},"fnMap":{"0":{"name":"(anonymous_0)","decl":{"start":{"line":23,"column":10},"end":{"line":23,"column":11}},"loc":{"start":{"line":23,"column":20},"end":{"line":25,"column":3}},"line":23},"1":{"name":"(anonymous_1)","decl":{"start":{"line":26,"column":11},"end":{"line":26,"column":12}},"loc":{"start":{"line":26,"column":21},"end":{"line":29,"column":3}},"line":26},"2":{"name":"(anonymous_2)","decl":{"start":{"line":31,"column":24},"end":{"line":31,"column":25}},"loc":{"start":{"line":31,"column":39},"end":{"line":35,"column":1}},"line":31}},"branchMap":{"0":{"loc":{"start":{"line":10,"column":18},"end":{"line":10,"column":55}},"type":"binary-expr","locations":[{"start":{"line":10,"column":18},"end":{"line":10,"column":38}},{"start":{"line":10,"column":42},"end":{"line":10,"column":55}}],"line":10},"1":{"loc":{"start":{"line":15,"column":0},"end":{"line":19,"column":1}},"type":"if","locations":[{"start":{"line":15,"column":0},"end":{"line":19,"column":1}},{"start":{"line":15,"column":0},"end":{"line":19,"column":1}}],"line":15},"2":{"loc":{"start":{"line":24,"column":11},"end":{"line":24,"column":89}},"type":"binary-expr","locations":[{"start":{"line":24,"column":12},"end":{"line":24,"column":35}},{"start":{"line":24,"column":41},"end":{"line":24,"column":58}},{"start":{"line":24,"column":64},"end":{"line":24,"column":88}}],"line":24},"3":{"loc":{"start":{"line":32,"column":2},"end":{"line":34,"column":3}},"type":"if","locations":[{"start":{"line":32,"column":2},"end":{"line":34,"column":3}},{"start":{"line":32,"column":2},"end":{"line":34,"column":3}}],"line":32}},"s":{"0":1,"1":1,"2":1,"3":1,"4":1,"5":1,"6":0,"7":1,"8":1,"9":4,"10":3,"11":3,"12":1,"13":3,"14":3,"15":1,"16":1,"17":1},"f":{"0":4,"1":3,"2":3},"b":{"0":[1,1],"1":[0,1],"2":[4,4,3],"3":[3,0]},"_coverageSchema":"332fd63041d2c1bcb487cc26dd0d5f7d97098a6c","hash":"c49e713e172f702931081afe54d9e5598450adf6","contentHash":"9aae7ddf363cfc74ec8d1826972d3293_11.3.0"},"C:\\Users\\kingsley\\Desktop\\Events-Manager\\server\\config\\config.js":{"path":"C:\\Users\\kingsley\\Desktop\\Events-Manager\\server\\config\\config.js","statementMap":{"0":{"start":{"line":1,"column":0},"end":{"line":1,"column":25}},"1":{"start":{"line":19,"column":4},"end":{"line":19,"column":15}},"2":{"start":{"line":21,"column":0},"end":{"line":41,"column":1}}},"fnMap":{},"branchMap":{},"s":{"0":1,"1":1,"2":1},"f":{},"b":{},"_coverageSchema":"332fd63041d2c1bcb487cc26dd0d5f7d97098a6c","hash":"dd4ebb5664e3c47cfa170b562489b3085ee524a3","contentHash":"77258bcc41e94b5fe15aae606422a3c9_11.3.0"},"C:\\Users\\kingsley\\Desktop\\Events-Manager\\server\\models\\center.js":{"path":"C:\\Users\\kingsley\\Desktop\\Events-Manager\\server\\models\\center.js","statementMap":{"0":{"start":{"line":2,"column":14},"end":{"line":2,"column":25}},"1":{"start":{"line":5,"column":19},"end":{"line":129,"column":6}},"2":{"start":{"line":21,"column":20},"end":{"line":24,"column":21}},"3":{"start":{"line":22,"column":24},"end":{"line":22,"column":114}},"4":{"start":{"line":23,"column":24},"end":{"line":23,"column":36}},"5":{"start":{"line":51,"column":20},"end":{"line":54,"column":21}},"6":{"start":{"line":52,"column":24},"end":{"line":52,"column":83}},"7":{"start":{"line":53,"column":24},"end":{"line":53,"column":36}},"8":{"start":{"line":67,"column":20},"end":{"line":70,"column":21}},"9":{"start":{"line":68,"column":24},"end":{"line":68,"column":76}},"10":{"start":{"line":69,"column":24},"end":{"line":69,"column":36}},"11":{"start":{"line":83,"column":20},"end":{"line":86,"column":21}},"12":{"start":{"line":84,"column":24},"end":{"line":84,"column":88}},"13":{"start":{"line":85,"column":24},"end":{"line":85,"column":36}},"14":{"start":{"line":99,"column":20},"end":{"line":102,"column":21}},"15":{"start":{"line":100,"column":24},"end":{"line":100,"column":76}},"16":{"start":{"line":101,"column":24},"end":{"line":101,"column":36}},"17":{"start":{"line":112,"column":20},"end":{"line":115,"column":21}},"18":{"start":{"line":113,"column":24},"end":{"line":113,"column":87}},"19":{"start":{"line":114,"column":24},"end":{"line":114,"column":36}},"20":{"start":{"line":131,"column":4},"end":{"line":148,"column":6}},"21":{"start":{"line":132,"column":8},"end":{"line":139,"column":11}},"22":{"start":{"line":140,"column":8},"end":{"line":147,"column":11}},"23":{"start":{"line":149,"column":4},"end":{"line":149,"column":18}}},"fnMap":{"0":{"name":"(anonymous_0)","decl":{"start":{"line":4,"column":15},"end":{"line":4,"column":16}},"loc":{"start":{"line":4,"column":41},"end":{"line":150,"column":1}},"line":4},"1":{"name":"(anonymous_1)","decl":{"start":{"line":20,"column":35},"end":{"line":20,"column":36}},"loc":{"start":{"line":20,"column":46},"end":{"line":25,"column":17}},"line":20},"2":{"name":"(anonymous_2)","decl":{"start":{"line":50,"column":30},"end":{"line":50,"column":31}},"loc":{"start":{"line":50,"column":41},"end":{"line":55,"column":17}},"line":50},"3":{"name":"(anonymous_3)","decl":{"start":{"line":66,"column":33},"end":{"line":66,"column":34}},"loc":{"start":{"line":66,"column":44},"end":{"line":71,"column":17}},"line":66},"4":{"name":"(anonymous_4)","decl":{"start":{"line":82,"column":32},"end":{"line":82,"column":33}},"loc":{"start":{"line":82,"column":43},"end":{"line":87,"column":17}},"line":82},"5":{"name":"(anonymous_5)","decl":{"start":{"line":98,"column":36},"end":{"line":98,"column":37}},"loc":{"start":{"line":98,"column":47},"end":{"line":103,"column":17}},"line":98},"6":{"name":"(anonymous_6)","decl":{"start":{"line":111,"column":24},"end":{"line":111,"column":25}},"loc":{"start":{"line":111,"column":35},"end":{"line":116,"column":17}},"line":111},"7":{"name":"(anonymous_7)","decl":{"start":{"line":131,"column":23},"end":{"line":131,"column":24}},"loc":{"start":{"line":131,"column":35},"end":{"line":148,"column":5}},"line":131}},"branchMap":{"0":{"loc":{"start":{"line":21,"column":20},"end":{"line":24,"column":21}},"type":"if","locations":[{"start":{"line":21,"column":20},"end":{"line":24,"column":21}},{"start":{"line":21,"column":20},"end":{"line":24,"column":21}}],"line":21},"1":{"loc":{"start":{"line":51,"column":20},"end":{"line":54,"column":21}},"type":"if","locations":[{"start":{"line":51,"column":20},"end":{"line":54,"column":21}},{"start":{"line":51,"column":20},"end":{"line":54,"column":21}}],"line":51},"2":{"loc":{"start":{"line":67,"column":20},"end":{"line":70,"column":21}},"type":"if","locations":[{"start":{"line":67,"column":20},"end":{"line":70,"column":21}},{"start":{"line":67,"column":20},"end":{"line":70,"column":21}}],"line":67},"3":{"loc":{"start":{"line":83,"column":20},"end":{"line":86,"column":21}},"type":"if","locations":[{"start":{"line":83,"column":20},"end":{"line":86,"column":21}},{"start":{"line":83,"column":20},"end":{"line":86,"column":21}}],"line":83},"4":{"loc":{"start":{"line":99,"column":20},"end":{"line":102,"column":21}},"type":"if","locations":[{"start":{"line":99,"column":20},"end":{"line":102,"column":21}},{"start":{"line":99,"column":20},"end":{"line":102,"column":21}}],"line":99},"5":{"loc":{"start":{"line":112,"column":20},"end":{"line":115,"column":21}},"type":"if","locations":[{"start":{"line":112,"column":20},"end":{"line":115,"column":21}},{"start":{"line":112,"column":20},"end":{"line":115,"column":21}}],"line":112}},"s":{"0":1,"1":1,"2":0,"3":0,"4":0,"5":0,"6":0,"7":0,"8":0,"9":0,"10":0,"11":0,"12":0,"13":0,"14":0,"15":0,"16":0,"17":0,"18":0,"19":0,"20":1,"21":1,"22":1,"23":1},"f":{"0":1,"1":0,"2":0,"3":0,"4":0,"5":0,"6":0,"7":1},"b":{"0":[0,0],"1":[0,0],"2":[0,0],"3":[0,0],"4":[0,0],"5":[0,0]},"_coverageSchema":"332fd63041d2c1bcb487cc26dd0d5f7d97098a6c","hash":"a1592d101f70c8e214ed83362d65f640bf024c93","contentHash":"f0107f7bb79e58b696af31780a0ecd58_11.3.0"},"C:\\Users\\kingsley\\Desktop\\Events-Manager\\server\\services\\ValidationService.js":{"path":"C:\\Users\\kingsley\\Desktop\\Events-Manager\\server\\services\\ValidationService.js","statementMap":{"0":{"start":{"line":3,"column":21},"end":{"line":3,"column":79}},"1":{"start":{"line":19,"column":2},"end":{"line":36,"column":3}},"2":{"start":{"line":20,"column":16},"end":{"line":20,"column":26}},"3":{"start":{"line":22,"column":3},"end":{"line":27,"column":4}},"4":{"start":{"line":23,"column":4},"end":{"line":26,"column":5}},"5":{"start":{"line":24,"column":5},"end":{"line":24,"column":25}},"6":{"start":{"line":25,"column":5},"end":{"line":25,"column":11}},"7":{"start":{"line":29,"column":3},"end":{"line":35,"column":22}},"8":{"start":{"line":30,"column":18},"end":{"line":30,"column":29}},"9":{"start":{"line":31,"column":4},"end":{"line":31,"column":21}},"10":{"start":{"line":32,"column":4},"end":{"line":32,"column":67}},"11":{"start":{"line":33,"column":7},"end":{"line":33,"column":46}},"12":{"start":{"line":35,"column":8},"end":{"line":35,"column":22}},"13":{"start":{"line":47,"column":2},"end":{"line":49,"column":71}},"14":{"start":{"line":48,"column":3},"end":{"line":48,"column":21}},"15":{"start":{"line":49,"column":7},"end":{"line":49,"column":71}},"16":{"start":{"line":60,"column":2},"end":{"line":62,"column":66}},"17":{"start":{"line":61,"column":3},"end":{"line":61,"column":21}},"18":{"start":{"line":62,"column":7},"end":{"line":62,"column":66}},"19":{"start":{"line":74,"column":2},"end":{"line":79,"column":3}},"20":{"start":{"line":75,"column":3},"end":{"line":75,"column":21}},"21":{"start":{"line":77,"column":18},"end":{"line":77,"column":74}},"22":{"start":{"line":78,"column":3},"end":{"line":78,"column":51}},"23":{"start":{"line":91,"column":2},"end":{"line":97,"column":3}},"24":{"start":{"line":92,"column":3},"end":{"line":92,"column":21}},"25":{"start":{"line":94,"column":3},"end":{"line":94,"column":34}},"26":{"start":{"line":95,"column":15},"end":{"line":95,"column":122}},"27":{"start":{"line":96,"column":3},"end":{"line":96,"column":53}},"28":{"start":{"line":108,"column":2},"end":{"line":113,"column":3}},"29":{"start":{"line":109,"column":3},"end":{"line":109,"column":21}},"30":{"start":{"line":111,"column":17},"end":{"line":111,"column":82}},"31":{"start":{"line":112,"column":6},"end":{"line":112,"column":56}},"32":{"start":{"line":124,"column":2},"end":{"line":129,"column":4}},"33":{"start":{"line":125,"column":3},"end":{"line":125,"column":21}},"34":{"start":{"line":127,"column":16},"end":{"line":127,"column":62}},"35":{"start":{"line":128,"column":4},"end":{"line":128,"column":54}},"36":{"start":{"line":140,"column":2},"end":{"line":145,"column":3}},"37":{"start":{"line":141,"column":3},"end":{"line":141,"column":20}},"38":{"start":{"line":143,"column":3},"end":{"line":143,"column":53}},"39":{"start":{"line":144,"column":4},"end":{"line":144,"column":47}},"40":{"start":{"line":156,"column":2},"end":{"line":158,"column":75}},"41":{"start":{"line":157,"column":3},"end":{"line":157,"column":20}},"42":{"start":{"line":158,"column":10},"end":{"line":158,"column":75}},"43":{"start":{"line":169,"column":2},"end":{"line":173,"column":76}},"44":{"start":{"line":170,"column":3},"end":{"line":170,"column":21}},"45":{"start":{"line":171,"column":7},"end":{"line":173,"column":76}},"46":{"start":{"line":172,"column":5},"end":{"line":172,"column":17}},"47":{"start":{"line":173,"column":7},"end":{"line":173,"column":76}},"48":{"start":{"line":184,"column":2},"end":{"line":189,"column":54}},"49":{"start":{"line":185,"column":3},"end":{"line":185,"column":21}},"50":{"start":{"line":186,"column":7},"end":{"line":189,"column":54}},"51":{"start":{"line":187,"column":3},"end":{"line":187,"column":15}},"52":{"start":{"line":189,"column":3},"end":{"line":189,"column":54}},"53":{"start":{"line":201,"column":2},"end":{"line":203,"column":69}},"54":{"start":{"line":202,"column":3},"end":{"line":202,"column":21}},"55":{"start":{"line":203,"column":7},"end":{"line":203,"column":69}},"56":{"start":{"line":214,"column":2},"end":{"line":216,"column":60}},"57":{"start":{"line":215,"column":3},"end":{"line":215,"column":21}},"58":{"start":{"line":216,"column":9},"end":{"line":216,"column":60}},"59":{"start":{"line":228,"column":2},"end":{"line":233,"column":3}},"60":{"start":{"line":229,"column":3},"end":{"line":229,"column":21}},"61":{"start":{"line":231,"column":16},"end":{"line":231,"column":37}},"62":{"start":{"line":232,"column":5},"end":{"line":232,"column":55}}},"fnMap":{"0":{"name":"(anonymous_0)","decl":{"start":{"line":18,"column":1},"end":{"line":18,"column":2}},"loc":{"start":{"line":18,"column":28},"end":{"line":37,"column":2}},"line":18},"1":{"name":"(anonymous_1)","decl":{"start":{"line":19,"column":9},"end":{"line":19,"column":10}},"loc":{"start":{"line":19,"column":29},"end":{"line":36,"column":3}},"line":19},"2":{"name":"(anonymous_2)","decl":{"start":{"line":46,"column":1},"end":{"line":46,"column":2}},"loc":{"start":{"line":46,"column":21},"end":{"line":50,"column":2}},"line":46},"3":{"name":"(anonymous_3)","decl":{"start":{"line":59,"column":1},"end":{"line":59,"column":2}},"loc":{"start":{"line":59,"column":25},"end":{"line":63,"column":2}},"line":59},"4":{"name":"(anonymous_4)","decl":{"start":{"line":73,"column":1},"end":{"line":73,"column":2}},"loc":{"start":{"line":73,"column":32},"end":{"line":80,"column":2}},"line":73},"5":{"name":"(anonymous_5)","decl":{"start":{"line":89,"column":1},"end":{"line":89,"column":2}},"loc":{"start":{"line":90,"column":1},"end":{"line":98,"column":2}},"line":90},"6":{"name":"(anonymous_6)","decl":{"start":{"line":107,"column":1},"end":{"line":107,"column":2}},"loc":{"start":{"line":107,"column":28},"end":{"line":114,"column":2}},"line":107},"7":{"name":"(anonymous_7)","decl":{"start":{"line":123,"column":1},"end":{"line":123,"column":2}},"loc":{"start":{"line":123,"column":29},"end":{"line":130,"column":2}},"line":123},"8":{"name":"(anonymous_8)","decl":{"start":{"line":139,"column":1},"end":{"line":139,"column":2}},"loc":{"start":{"line":139,"column":29},"end":{"line":146,"column":2}},"line":139},"9":{"name":"(anonymous_9)","decl":{"start":{"line":155,"column":1},"end":{"line":155,"column":2}},"loc":{"start":{"line":155,"column":23},"end":{"line":159,"column":2}},"line":155},"10":{"name":"(anonymous_10)","decl":{"start":{"line":168,"column":1},"end":{"line":168,"column":2}},"loc":{"start":{"line":168,"column":21},"end":{"line":174,"column":4}},"line":168},"11":{"name":"(anonymous_11)","decl":{"start":{"line":183,"column":1},"end":{"line":183,"column":2}},"loc":{"start":{"line":183,"column":25},"end":{"line":191,"column":2}},"line":183},"12":{"name":"(anonymous_12)","decl":{"start":{"line":200,"column":1},"end":{"line":200,"column":2}},"loc":{"start":{"line":200,"column":26},"end":{"line":204,"column":2}},"line":200},"13":{"name":"(anonymous_13)","decl":{"start":{"line":213,"column":1},"end":{"line":213,"column":2}},"loc":{"start":{"line":213,"column":22},"end":{"line":217,"column":2}},"line":213},"14":{"name":"(anonymous_14)","decl":{"start":{"line":227,"column":1},"end":{"line":227,"column":2}},"loc":{"start":{"line":227,"column":25},"end":{"line":234,"column":2}},"line":227}},"branchMap":{"0":{"loc":{"start":{"line":23,"column":4},"end":{"line":26,"column":5}},"type":"if","locations":[{"start":{"line":23,"column":4},"end":{"line":26,"column":5}},{"start":{"line":23,"column":4},"end":{"line":26,"column":5}}],"line":23},"1":{"loc":{"start":{"line":23,"column":7},"end":{"line":23,"column":54}},"type":"binary-expr","locations":[{"start":{"line":23,"column":7},"end":{"line":23,"column":22}},{"start":{"line":23,"column":26},"end":{"line":23,"column":54}}],"line":23},"2":{"loc":{"start":{"line":29,"column":3},"end":{"line":35,"column":22}},"type":"if","locations":[{"start":{"line":29,"column":3},"end":{"line":35,"column":22}},{"start":{"line":29,"column":3},"end":{"line":35,"column":22}}],"line":29},"3":{"loc":{"start":{"line":47,"column":2},"end":{"line":49,"column":71}},"type":"if","locations":[{"start":{"line":47,"column":2},"end":{"line":49,"column":71}},{"start":{"line":47,"column":2},"end":{"line":49,"column":71}}],"line":47},"4":{"loc":{"start":{"line":49,"column":14},"end":{"line":49,"column":70}},"type":"cond-expr","locations":[{"start":{"line":49,"column":58},"end":{"line":49,"column":62}},{"start":{"line":49,"column":65},"end":{"line":49,"column":70}}],"line":49},"5":{"loc":{"start":{"line":49,"column":15},"end":{"line":49,"column":54}},"type":"binary-expr","locations":[{"start":{"line":49,"column":15},"end":{"line":49,"column":34}},{"start":{"line":49,"column":38},"end":{"line":49,"column":54}}],"line":49},"6":{"loc":{"start":{"line":60,"column":2},"end":{"line":62,"column":66}},"type":"if","locations":[{"start":{"line":60,"column":2},"end":{"line":62,"column":66}},{"start":{"line":60,"column":2},"end":{"line":62,"column":66}}],"line":60},"7":{"loc":{"start":{"line":62,"column":14},"end":{"line":62,"column":65}},"type":"cond-expr","locations":[{"start":{"line":62,"column":53},"end":{"line":62,"column":57}},{"start":{"line":62,"column":60},"end":{"line":62,"column":65}}],"line":62},"8":{"loc":{"start":{"line":74,"column":2},"end":{"line":79,"column":3}},"type":"if","locations":[{"start":{"line":74,"column":2},"end":{"line":79,"column":3}},{"start":{"line":74,"column":2},"end":{"line":79,"column":3}}],"line":74},"9":{"loc":{"start":{"line":78,"column":10},"end":{"line":78,"column":50}},"type":"cond-expr","locations":[{"start":{"line":78,"column":38},"end":{"line":78,"column":42}},{"start":{"line":78,"column":45},"end":{"line":78,"column":50}}],"line":78},"10":{"loc":{"start":{"line":91,"column":2},"end":{"line":97,"column":3}},"type":"if","locations":[{"start":{"line":91,"column":2},"end":{"line":97,"column":3}},{"start":{"line":91,"column":2},"end":{"line":97,"column":3}}],"line":91},"11":{"loc":{"start":{"line":94,"column":9},"end":{"line":94,"column":33}},"type":"cond-expr","locations":[{"start":{"line":94,"column":24},"end":{"line":94,"column":27}},{"start":{"line":94,"column":30},"end":{"line":94,"column":33}}],"line":94},"12":{"loc":{"start":{"line":96,"column":10},"end":{"line":96,"column":52}},"type":"cond-expr","locations":[{"start":{"line":96,"column":40},"end":{"line":96,"column":44}},{"start":{"line":96,"column":47},"end":{"line":96,"column":52}}],"line":96},"13":{"loc":{"start":{"line":108,"column":2},"end":{"line":113,"column":3}},"type":"if","locations":[{"start":{"line":108,"column":2},"end":{"line":113,"column":3}},{"start":{"line":108,"column":2},"end":{"line":113,"column":3}}],"line":108},"14":{"loc":{"start":{"line":112,"column":13},"end":{"line":112,"column":55}},"type":"cond-expr","locations":[{"start":{"line":112,"column":43},"end":{"line":112,"column":47}},{"start":{"line":112,"column":50},"end":{"line":112,"column":55}}],"line":112},"15":{"loc":{"start":{"line":124,"column":2},"end":{"line":129,"column":4}},"type":"if","locations":[{"start":{"line":124,"column":2},"end":{"line":129,"column":4}},{"start":{"line":124,"column":2},"end":{"line":129,"column":4}}],"line":124},"16":{"loc":{"start":{"line":128,"column":11},"end":{"line":128,"column":53}},"type":"cond-expr","locations":[{"start":{"line":128,"column":41},"end":{"line":128,"column":45}},{"start":{"line":128,"column":48},"end":{"line":128,"column":53}}],"line":128},"17":{"loc":{"start":{"line":140,"column":2},"end":{"line":145,"column":3}},"type":"if","locations":[{"start":{"line":140,"column":2},"end":{"line":145,"column":3}},{"start":{"line":140,"column":2},"end":{"line":145,"column":3}}],"line":140},"18":{"loc":{"start":{"line":144,"column":11},"end":{"line":144,"column":46}},"type":"cond-expr","locations":[{"start":{"line":144,"column":34},"end":{"line":144,"column":38}},{"start":{"line":144,"column":41},"end":{"line":144,"column":46}}],"line":144},"19":{"loc":{"start":{"line":156,"column":2},"end":{"line":158,"column":75}},"type":"if","locations":[{"start":{"line":156,"column":2},"end":{"line":158,"column":75}},{"start":{"line":156,"column":2},"end":{"line":158,"column":75}}],"line":156},"20":{"loc":{"start":{"line":158,"column":17},"end":{"line":158,"column":74}},"type":"cond-expr","locations":[{"start":{"line":158,"column":62},"end":{"line":158,"column":66}},{"start":{"line":158,"column":69},"end":{"line":158,"column":74}}],"line":158},"21":{"loc":{"start":{"line":158,"column":18},"end":{"line":158,"column":58}},"type":"binary-expr","locations":[{"start":{"line":158,"column":18},"end":{"line":158,"column":37}},{"start":{"line":158,"column":41},"end":{"line":158,"column":58}}],"line":158},"22":{"loc":{"start":{"line":169,"column":2},"end":{"line":173,"column":76}},"type":"if","locations":[{"start":{"line":169,"column":2},"end":{"line":173,"column":76}},{"start":{"line":169,"column":2},"end":{"line":173,"column":76}}],"line":169},"23":{"loc":{"start":{"line":171,"column":7},"end":{"line":173,"column":76}},"type":"if","locations":[{"start":{"line":171,"column":7},"end":{"line":173,"column":76}},{"start":{"line":171,"column":7},"end":{"line":173,"column":76}}],"line":171},"24":{"loc":{"start":{"line":173,"column":14},"end":{"line":173,"column":75}},"type":"cond-expr","locations":[{"start":{"line":173,"column":63},"end":{"line":173,"column":67}},{"start":{"line":173,"column":70},"end":{"line":173,"column":75}}],"line":173},"25":{"loc":{"start":{"line":184,"column":2},"end":{"line":189,"column":54}},"type":"if","locations":[{"start":{"line":184,"column":2},"end":{"line":189,"column":54}},{"start":{"line":184,"column":2},"end":{"line":189,"column":54}}],"line":184},"26":{"loc":{"start":{"line":186,"column":7},"end":{"line":189,"column":54}},"type":"if","locations":[{"start":{"line":186,"column":7},"end":{"line":189,"column":54}},{"start":{"line":186,"column":7},"end":{"line":189,"column":54}}],"line":186},"27":{"loc":{"start":{"line":186,"column":10},"end":{"line":186,"column":97}},"type":"binary-expr","locations":[{"start":{"line":186,"column":10},"end":{"line":186,"column":51}},{"start":{"line":186,"column":55},"end":{"line":186,"column":97}}],"line":186},"28":{"loc":{"start":{"line":201,"column":2},"end":{"line":203,"column":69}},"type":"if","locations":[{"start":{"line":201,"column":2},"end":{"line":203,"column":69}},{"start":{"line":201,"column":2},"end":{"line":203,"column":69}}],"line":201},"29":{"loc":{"start":{"line":203,"column":14},"end":{"line":203,"column":68}},"type":"cond-expr","locations":[{"start":{"line":203,"column":56},"end":{"line":203,"column":60}},{"start":{"line":203,"column":63},"end":{"line":203,"column":68}}],"line":203},"30":{"loc":{"start":{"line":214,"column":2},"end":{"line":216,"column":60}},"type":"if","locations":[{"start":{"line":214,"column":2},"end":{"line":216,"column":60}},{"start":{"line":214,"column":2},"end":{"line":216,"column":60}}],"line":214},"31":{"loc":{"start":{"line":216,"column":16},"end":{"line":216,"column":59}},"type":"cond-expr","locations":[{"start":{"line":216,"column":47},"end":{"line":216,"column":51}},{"start":{"line":216,"column":54},"end":{"line":216,"column":59}}],"line":216},"32":{"loc":{"start":{"line":228,"column":2},"end":{"line":233,"column":3}},"type":"if","locations":[{"start":{"line":228,"column":2},"end":{"line":233,"column":3}},{"start":{"line":228,"column":2},"end":{"line":233,"column":3}}],"line":228},"33":{"loc":{"start":{"line":232,"column":12},"end":{"line":232,"column":54}},"type":"cond-expr","locations":[{"start":{"line":232,"column":42},"end":{"line":232,"column":46}},{"start":{"line":232,"column":49},"end":{"line":232,"column":54}}],"line":232}},"s":{"0":1,"1":0,"2":0,"3":0,"4":0,"5":0,"6":0,"7":0,"8":0,"9":0,"10":0,"11":0,"12":0,"13":3,"14":1,"15":2,"16":10,"17":1,"18":9,"19":5,"20":1,"21":4,"22":4,"23":5,"24":1,"25":4,"26":4,"27":4,"28":5,"29":1,"30":4,"31":4,"32":5,"33":1,"34":4,"35":4,"36":0,"37":0,"38":0,"39":0,"40":6,"41":1,"42":5,"43":11,"44":1,"45":10,"46":3,"47":7,"48":0,"49":0,"50":0,"51":0,"52":0,"53":7,"54":1,"55":6,"56":6,"57":1,"58":5,"59":6,"60":1,"61":5,"62":5},"f":{"0":0,"1":0,"2":3,"3":10,"4":5,"5":5,"6":5,"7":5,"8":0,"9":6,"10":11,"11":0,"12":7,"13":6,"14":6},"b":{"0":[0,0],"1":[0,0],"2":[0,0],"3":[1,2],"4":[1,1],"5":[2,1],"6":[1,9],"7":[2,7],"8":[1,4],"9":[1,3],"10":[1,4],"11":[0,4],"12":[1,3],"13":[1,4],"14":[1,3],"15":[1,4],"16":[1,3],"17":[0,0],"18":[0,0],"19":[1,5],"20":[2,3],"21":[5,4],"22":[1,10],"23":[3,7],"24":[4,3],"25":[0,0],"26":[0,0],"27":[0,0],"28":[1,6],"29":[1,5],"30":[1,5],"31":[3,2],"32":[1,5],"33":[2,3]},"_coverageSchema":"332fd63041d2c1bcb487cc26dd0d5f7d97098a6c","hash":"3ac91c1140bb6152bb9708ee39aa04d6b82dc7b2","contentHash":"75ed877c7cc0bbfef63767b08c1e0ba7_11.3.0"},"C:\\Users\\kingsley\\Desktop\\Events-Manager\\server\\services\\utilityService.js":{"path":"C:\\Users\\kingsley\\Desktop\\Events-Manager\\server\\services\\utilityService.js","statementMap":{"0":{"start":{"line":25,"column":16},"end":{"line":25,"column":20}},"1":{"start":{"line":26,"column":18},"end":{"line":27,"column":34}},"2":{"start":{"line":28,"column":18},"end":{"line":29,"column":30}},"3":{"start":{"line":30,"column":2},"end":{"line":69,"column":25}},"4":{"start":{"line":31,"column":3},"end":{"line":31,"column":13}},"5":{"start":{"line":32,"column":3},"end":{"line":52,"column":4}},"6":{"start":{"line":33,"column":4},"end":{"line":51,"column":5}},"7":{"start":{"line":34,"column":5},"end":{"line":50,"column":38}},"8":{"start":{"line":35,"column":6},"end":{"line":48,"column":7}},"9":{"start":{"line":36,"column":21},"end":{"line":36,"column":47}},"10":{"start":{"line":37,"column":7},"end":{"line":42,"column":20}},"11":{"start":{"line":38,"column":8},"end":{"line":38,"column":36}},"12":{"start":{"line":39,"column":8},"end":{"line":41,"column":56}},"13":{"start":{"line":44,"column":19},"end":{"line":44,"column":52}},"14":{"start":{"line":45,"column":7},"end":{"line":47,"column":56}},"15":{"start":{"line":50,"column":10},"end":{"line":50,"column":38}},"16":{"start":{"line":53,"column":9},"end":{"line":69,"column":25}},"17":{"start":{"line":54,"column":3},"end":{"line":67,"column":4}},"18":{"start":{"line":55,"column":18},"end":{"line":55,"column":39}},"19":{"start":{"line":56,"column":4},"end":{"line":61,"column":17}},"20":{"start":{"line":57,"column":5},"end":{"line":57,"column":33}},"21":{"start":{"line":58,"column":5},"end":{"line":60,"column":76}},"22":{"start":{"line":63,"column":16},"end":{"line":63,"column":44}},"23":{"start":{"line":64,"column":4},"end":{"line":66,"column":52}},"24":{"start":{"line":69,"column":7},"end":{"line":69,"column":25}},"25":{"start":{"line":70,"column":2},"end":{"line":70,"column":14}},"26":{"start":{"line":82,"column":20},"end":{"line":82,"column":22}},"27":{"start":{"line":83,"column":5},"end":{"line":86,"column":6}},"28":{"start":{"line":84,"column":9},"end":{"line":85,"column":55}},"29":{"start":{"line":85,"column":7},"end":{"line":85,"column":55}},"30":{"start":{"line":87,"column":2},"end":{"line":87,"column":16}},"31":{"start":{"line":100,"column":13},"end":{"line":100,"column":67}},"32":{"start":{"line":101,"column":3},"end":{"line":101,"column":90}}},"fnMap":{"0":{"name":"(anonymous_0)","decl":{"start":{"line":24,"column":1},"end":{"line":24,"column":2}},"loc":{"start":{"line":24,"column":44},"end":{"line":71,"column":2}},"line":24},"1":{"name":"(anonymous_1)","decl":{"start":{"line":37,"column":29},"end":{"line":37,"column":30}},"loc":{"start":{"line":37,"column":38},"end":{"line":42,"column":8}},"line":37},"2":{"name":"(anonymous_2)","decl":{"start":{"line":56,"column":21},"end":{"line":56,"column":22}},"loc":{"start":{"line":56,"column":30},"end":{"line":61,"column":5}},"line":56},"3":{"name":"(anonymous_3)","decl":{"start":{"line":81,"column":1},"end":{"line":81,"column":2}},"loc":{"start":{"line":81,"column":35},"end":{"line":88,"column":2}},"line":81},"4":{"name":"(anonymous_4)","decl":{"start":{"line":99,"column":1},"end":{"line":99,"column":2}},"loc":{"start":{"line":99,"column":44},"end":{"line":102,"column":2}},"line":99}},"branchMap":{"0":{"loc":{"start":{"line":26,"column":18},"end":{"line":27,"column":34}},"type":"cond-expr","locations":[{"start":{"line":27,"column":14},"end":{"line":27,"column":26}},{"start":{"line":27,"column":29},"end":{"line":27,"column":34}}],"line":26},"1":{"loc":{"start":{"line":26,"column":19},"end":{"line":26,"column":65}},"type":"binary-expr","locations":[{"start":{"line":26,"column":19},"end":{"line":26,"column":26}},{"start":{"line":26,"column":30},"end":{"line":26,"column":65}}],"line":26},"2":{"loc":{"start":{"line":28,"column":18},"end":{"line":29,"column":30}},"type":"cond-expr","locations":[{"start":{"line":29,"column":13},"end":{"line":29,"column":25}},{"start":{"line":29,"column":28},"end":{"line":29,"column":30}}],"line":28},"3":{"loc":{"start":{"line":28,"column":19},"end":{"line":28,"column":65}},"type":"binary-expr","locations":[{"start":{"line":28,"column":19},"end":{"line":28,"column":26}},{"start":{"line":28,"column":30},"end":{"line":28,"column":65}}],"line":28},"4":{"loc":{"start":{"line":30,"column":2},"end":{"line":69,"column":25}},"type":"if","locations":[{"start":{"line":30,"column":2},"end":{"line":69,"column":25}},{"start":{"line":30,"column":2},"end":{"line":69,"column":25}}],"line":30},"5":{"loc":{"start":{"line":33,"column":4},"end":{"line":51,"column":5}},"type":"if","locations":[{"start":{"line":33,"column":4},"end":{"line":51,"column":5}},{"start":{"line":33,"column":4},"end":{"line":51,"column":5}}],"line":33},"6":{"loc":{"start":{"line":34,"column":5},"end":{"line":50,"column":38}},"type":"if","locations":[{"start":{"line":34,"column":5},"end":{"line":50,"column":38}},{"start":{"line":34,"column":5},"end":{"line":50,"column":38}}],"line":34},"7":{"loc":{"start":{"line":35,"column":6},"end":{"line":48,"column":7}},"type":"if","locations":[{"start":{"line":35,"column":6},"end":{"line":48,"column":7}},{"start":{"line":35,"column":6},"end":{"line":48,"column":7}}],"line":35},"8":{"loc":{"start":{"line":39,"column":15},"end":{"line":41,"column":55}},"type":"cond-expr","locations":[{"start":{"line":40,"column":12},"end":{"line":40,"column":15}},{"start":{"line":41,"column":12},"end":{"line":41,"column":55}}],"line":39},"9":{"loc":{"start":{"line":45,"column":19},"end":{"line":47,"column":55}},"type":"cond-expr","locations":[{"start":{"line":46,"column":12},"end":{"line":46,"column":15}},{"start":{"line":47,"column":12},"end":{"line":47,"column":55}}],"line":45},"10":{"loc":{"start":{"line":53,"column":9},"end":{"line":69,"column":25}},"type":"if","locations":[{"start":{"line":53,"column":9},"end":{"line":69,"column":25}},{"start":{"line":53,"column":9},"end":{"line":69,"column":25}}],"line":53},"11":{"loc":{"start":{"line":54,"column":3},"end":{"line":67,"column":4}},"type":"if","locations":[{"start":{"line":54,"column":3},"end":{"line":67,"column":4}},{"start":{"line":54,"column":3},"end":{"line":67,"column":4}}],"line":54},"12":{"loc":{"start":{"line":58,"column":12},"end":{"line":60,"column":75}},"type":"cond-expr","locations":[{"start":{"line":59,"column":9},"end":{"line":59,"column":12}},{"start":{"line":60,"column":9},"end":{"line":60,"column":75}}],"line":58},"13":{"loc":{"start":{"line":64,"column":11},"end":{"line":66,"column":51}},"type":"cond-expr","locations":[{"start":{"line":65,"column":8},"end":{"line":65,"column":11}},{"start":{"line":66,"column":8},"end":{"line":66,"column":51}}],"line":64},"14":{"loc":{"start":{"line":84,"column":9},"end":{"line":85,"column":55}},"type":"if","locations":[{"start":{"line":84,"column":9},"end":{"line":85,"column":55}},{"start":{"line":84,"column":9},"end":{"line":85,"column":55}}],"line":84},"15":{"loc":{"start":{"line":100,"column":13},"end":{"line":100,"column":67}},"type":"cond-expr","locations":[{"start":{"line":100,"column":51},"end":{"line":100,"column":60}},{"start":{"line":100,"column":63},"end":{"line":100,"column":67}}],"line":100},"16":{"loc":{"start":{"line":101,"column":10},"end":{"line":101,"column":90}},"type":"cond-expr","locations":[{"start":{"line":101,"column":18},"end":{"line":101,"column":52}},{"start":{"line":101,"column":55},"end":{"line":101,"column":90}}],"line":101}},"s":{"0":1,"1":1,"2":1,"3":1,"4":0,"5":0,"6":0,"7":0,"8":0,"9":0,"10":0,"11":0,"12":0,"13":0,"14":0,"15":0,"16":1,"17":1,"18":0,"19":0,"20":0,"21":0,"22":1,"23":1,"24":0,"25":1,"26":4,"27":4,"28":11,"29":11,"30":4,"31":0,"32":0},"f":{"0":1,"1":0,"2":0,"3":4,"4":0},"b":{"0":[0,1],"1":[1,0],"2":[0,1],"3":[1,0],"4":[0,1],"5":[0,0],"6":[0,0],"7":[0,0],"8":[0,0],"9":[0,0],"10":[1,0],"11":[0,1],"12":[0,0],"13":[0,1],"14":[11,0],"15":[0,0],"16":[0,0]},"_coverageSchema":"332fd63041d2c1bcb487cc26dd0d5f7d97098a6c","hash":"27f1c404463ac03db319083081d8ffa2c9d6c9ae","contentHash":"cc6b5c0164d3fed85ef8c2155498c01a_11.3.0"},"C:\\Users\\kingsley\\Desktop\\Events-Manager\\server\\models\\event.js":{"path":"C:\\Users\\kingsley\\Desktop\\Events-Manager\\server\\models\\event.js","statementMap":{"0":{"start":{"line":2,"column":14},"end":{"line":2,"column":25}},"1":{"start":{"line":4,"column":0},"end":{"line":136,"column":2}},"2":{"start":{"line":5,"column":18},"end":{"line":115,"column":6}},"3":{"start":{"line":24,"column":24},"end":{"line":27,"column":25}},"4":{"start":{"line":25,"column":28},"end":{"line":25,"column":118}},"5":{"start":{"line":26,"column":28},"end":{"line":26,"column":40}},"6":{"start":{"line":75,"column":20},"end":{"line":78,"column":21}},"7":{"start":{"line":76,"column":24},"end":{"line":76,"column":76}},"8":{"start":{"line":77,"column":24},"end":{"line":77,"column":36}},"9":{"start":{"line":88,"column":20},"end":{"line":91,"column":21}},"10":{"start":{"line":89,"column":24},"end":{"line":89,"column":83}},"11":{"start":{"line":90,"column":24},"end":{"line":90,"column":36}},"12":{"start":{"line":117,"column":4},"end":{"line":134,"column":5}},"13":{"start":{"line":118,"column":8},"end":{"line":125,"column":11}},"14":{"start":{"line":126,"column":8},"end":{"line":133,"column":11}},"15":{"start":{"line":135,"column":4},"end":{"line":135,"column":17}}},"fnMap":{"0":{"name":"(anonymous_0)","decl":{"start":{"line":4,"column":17},"end":{"line":4,"column":18}},"loc":{"start":{"line":4,"column":43},"end":{"line":136,"column":1}},"line":4},"1":{"name":"(anonymous_1)","decl":{"start":{"line":23,"column":39},"end":{"line":23,"column":40}},"loc":{"start":{"line":23,"column":50},"end":{"line":28,"column":21}},"line":23},"2":{"name":"(anonymous_2)","decl":{"start":{"line":74,"column":36},"end":{"line":74,"column":37}},"loc":{"start":{"line":74,"column":47},"end":{"line":79,"column":17}},"line":74},"3":{"name":"(anonymous_3)","decl":{"start":{"line":87,"column":24},"end":{"line":87,"column":25}},"loc":{"start":{"line":87,"column":35},"end":{"line":92,"column":17}},"line":87},"4":{"name":"(anonymous_4)","decl":{"start":{"line":117,"column":22},"end":{"line":117,"column":23}},"loc":{"start":{"line":117,"column":34},"end":{"line":134,"column":5}},"line":117}},"branchMap":{"0":{"loc":{"start":{"line":24,"column":24},"end":{"line":27,"column":25}},"type":"if","locations":[{"start":{"line":24,"column":24},"end":{"line":27,"column":25}},{"start":{"line":24,"column":24},"end":{"line":27,"column":25}}],"line":24},"1":{"loc":{"start":{"line":75,"column":20},"end":{"line":78,"column":21}},"type":"if","locations":[{"start":{"line":75,"column":20},"end":{"line":78,"column":21}},{"start":{"line":75,"column":20},"end":{"line":78,"column":21}}],"line":75},"2":{"loc":{"start":{"line":88,"column":20},"end":{"line":91,"column":21}},"type":"if","locations":[{"start":{"line":88,"column":20},"end":{"line":91,"column":21}},{"start":{"line":88,"column":20},"end":{"line":91,"column":21}}],"line":88}},"s":{"0":1,"1":1,"2":1,"3":0,"4":0,"5":0,"6":0,"7":0,"8":0,"9":0,"10":0,"11":0,"12":1,"13":1,"14":1,"15":1},"f":{"0":1,"1":0,"2":0,"3":0,"4":1},"b":{"0":[0,0],"1":[0,0],"2":[0,0]},"_coverageSchema":"332fd63041d2c1bcb487cc26dd0d5f7d97098a6c","hash":"13c20b132f6339774d1ba1cb4b4d027c911aa4c9","contentHash":"cafea2187470041d830a723365d5bf75_11.3.0"},"C:\\Users\\kingsley\\Desktop\\Events-Manager\\server\\models\\user.js":{"path":"C:\\Users\\kingsley\\Desktop\\Events-Manager\\server\\models\\user.js","statementMap":{"0":{"start":{"line":5,"column":17},"end":{"line":91,"column":6}},"1":{"start":{"line":76,"column":12},"end":{"line":80,"column":14}},"2":{"start":{"line":78,"column":16},"end":{"line":78,"column":37}},"3":{"start":{"line":79,"column":16},"end":{"line":79,"column":37}},"4":{"start":{"line":84,"column":12},"end":{"line":88,"column":18}},"5":{"start":{"line":86,"column":20},"end":{"line":86,"column":41}},"6":{"start":{"line":87,"column":20},"end":{"line":87,"column":41}},"7":{"start":{"line":93,"column":4},"end":{"line":110,"column":6}},"8":{"start":{"line":94,"column":8},"end":{"line":101,"column":10}},"9":{"start":{"line":102,"column":8},"end":{"line":109,"column":10}},"10":{"start":{"line":112,"column":4},"end":{"line":112,"column":16}}},"fnMap":{"0":{"name":"(anonymous_0)","decl":{"start":{"line":4,"column":15},"end":{"line":4,"column":16}},"loc":{"start":{"line":4,"column":41},"end":{"line":113,"column":1}},"line":4},"1":{"name":"(anonymous_1)","decl":{"start":{"line":75,"column":22},"end":{"line":75,"column":23}},"loc":{"start":{"line":75,"column":41},"end":{"line":81,"column":9}},"line":75},"2":{"name":"(anonymous_2)","decl":{"start":{"line":77,"column":18},"end":{"line":77,"column":19}},"loc":{"start":{"line":77,"column":28},"end":{"line":80,"column":13}},"line":77},"3":{"name":"(anonymous_3)","decl":{"start":{"line":83,"column":22},"end":{"line":83,"column":23}},"loc":{"start":{"line":83,"column":41},"end":{"line":89,"column":13}},"line":83},"4":{"name":"(anonymous_4)","decl":{"start":{"line":85,"column":22},"end":{"line":85,"column":23}},"loc":{"start":{"line":85,"column":32},"end":{"line":88,"column":17}},"line":85},"5":{"name":"(anonymous_5)","decl":{"start":{"line":93,"column":21},"end":{"line":93,"column":22}},"loc":{"start":{"line":93,"column":33},"end":{"line":110,"column":5}},"line":93}},"branchMap":{},"s":{"0":1,"1":2,"2":2,"3":2,"4":0,"5":0,"6":0,"7":1,"8":1,"9":1,"10":1},"f":{"0":1,"1":2,"2":2,"3":0,"4":0,"5":1},"b":{},"_coverageSchema":"332fd63041d2c1bcb487cc26dd0d5f7d97098a6c","hash":"805a929cd9668d16cf26c754cbf547485db9b8c2","contentHash":"2e121434cddfc788fb516d7932377995_11.3.0"},"C:\\Users\\kingsley\\Desktop\\Events-Manager\\server\\test\\dbSync.js":{"path":"C:\\Users\\kingsley\\Desktop\\Events-Manager\\server\\test\\dbSync.js","statementMap":{"0":{"start":{"line":6,"column":2},"end":{"line":14,"column":4}},"1":{"start":{"line":7,"column":3},"end":{"line":13,"column":5}},"2":{"start":{"line":9,"column":4},"end":{"line":9,"column":15}},"3":{"start":{"line":12,"column":4},"end":{"line":12,"column":16}}},"fnMap":{"0":{"name":"(anonymous_0)","decl":{"start":{"line":4,"column":2},"end":{"line":4,"column":3}},"loc":{"start":{"line":5,"column":2},"end":{"line":15,"column":2}},"line":5},"1":{"name":"(anonymous_1)","decl":{"start":{"line":6,"column":9},"end":{"line":6,"column":10}},"loc":{"start":{"line":6,"column":19},"end":{"line":14,"column":3}},"line":6},"2":{"name":"(anonymous_2)","decl":{"start":{"line":8,"column":9},"end":{"line":8,"column":10}},"loc":{"start":{"line":8,"column":15},"end":{"line":10,"column":4}},"line":8},"3":{"name":"(anonymous_3)","decl":{"start":{"line":11,"column":10},"end":{"line":11,"column":11}},"loc":{"start":{"line":11,"column":19},"end":{"line":13,"column":4}},"line":11}},"branchMap":{},"s":{"0":1,"1":1,"2":1,"3":0},"f":{"0":1,"1":1,"2":1,"3":0},"b":{},"_coverageSchema":"332fd63041d2c1bcb487cc26dd0d5f7d97098a6c","hash":"7738984bbfc5a8ccda12ae3085954457b2d9cb7d","contentHash":"c3da8390377d5287d46f52c8ac9f44a3_11.3.0"},"C:\\Users\\kingsley\\Desktop\\Events-Manager\\server\\services\\UtilityService.js":{"path":"C:\\Users\\kingsley\\Desktop\\Events-Manager\\server\\services\\UtilityService.js","statementMap":{"0":{"start":{"line":25,"column":16},"end":{"line":25,"column":20}},"1":{"start":{"line":26,"column":18},"end":{"line":27,"column":34}},"2":{"start":{"line":28,"column":18},"end":{"line":29,"column":30}},"3":{"start":{"line":30,"column":2},"end":{"line":69,"column":25}},"4":{"start":{"line":31,"column":3},"end":{"line":31,"column":13}},"5":{"start":{"line":32,"column":3},"end":{"line":52,"column":4}},"6":{"start":{"line":33,"column":4},"end":{"line":51,"column":5}},"7":{"start":{"line":34,"column":5},"end":{"line":50,"column":38}},"8":{"start":{"line":35,"column":6},"end":{"line":48,"column":7}},"9":{"start":{"line":36,"column":21},"end":{"line":36,"column":47}},"10":{"start":{"line":37,"column":7},"end":{"line":42,"column":20}},"11":{"start":{"line":38,"column":8},"end":{"line":38,"column":36}},"12":{"start":{"line":39,"column":8},"end":{"line":41,"column":56}},"13":{"start":{"line":44,"column":19},"end":{"line":44,"column":52}},"14":{"start":{"line":45,"column":7},"end":{"line":47,"column":56}},"15":{"start":{"line":50,"column":10},"end":{"line":50,"column":38}},"16":{"start":{"line":53,"column":9},"end":{"line":69,"column":25}},"17":{"start":{"line":54,"column":3},"end":{"line":67,"column":4}},"18":{"start":{"line":55,"column":18},"end":{"line":55,"column":39}},"19":{"start":{"line":56,"column":4},"end":{"line":61,"column":17}},"20":{"start":{"line":57,"column":5},"end":{"line":57,"column":33}},"21":{"start":{"line":58,"column":5},"end":{"line":60,"column":76}},"22":{"start":{"line":63,"column":16},"end":{"line":63,"column":44}},"23":{"start":{"line":64,"column":4},"end":{"line":66,"column":52}},"24":{"start":{"line":69,"column":7},"end":{"line":69,"column":25}},"25":{"start":{"line":70,"column":2},"end":{"line":70,"column":14}},"26":{"start":{"line":82,"column":20},"end":{"line":82,"column":22}},"27":{"start":{"line":83,"column":5},"end":{"line":86,"column":6}},"28":{"start":{"line":84,"column":9},"end":{"line":85,"column":55}},"29":{"start":{"line":85,"column":7},"end":{"line":85,"column":55}},"30":{"start":{"line":87,"column":2},"end":{"line":87,"column":16}},"31":{"start":{"line":100,"column":13},"end":{"line":100,"column":67}},"32":{"start":{"line":101,"column":3},"end":{"line":101,"column":90}}},"fnMap":{"0":{"name":"(anonymous_0)","decl":{"start":{"line":24,"column":1},"end":{"line":24,"column":2}},"loc":{"start":{"line":24,"column":44},"end":{"line":71,"column":2}},"line":24},"1":{"name":"(anonymous_1)","decl":{"start":{"line":37,"column":29},"end":{"line":37,"column":30}},"loc":{"start":{"line":37,"column":38},"end":{"line":42,"column":8}},"line":37},"2":{"name":"(anonymous_2)","decl":{"start":{"line":56,"column":21},"end":{"line":56,"column":22}},"loc":{"start":{"line":56,"column":30},"end":{"line":61,"column":5}},"line":56},"3":{"name":"(anonymous_3)","decl":{"start":{"line":81,"column":1},"end":{"line":81,"column":2}},"loc":{"start":{"line":81,"column":35},"end":{"line":88,"column":2}},"line":81},"4":{"name":"(anonymous_4)","decl":{"start":{"line":99,"column":1},"end":{"line":99,"column":2}},"loc":{"start":{"line":99,"column":44},"end":{"line":102,"column":2}},"line":99}},"branchMap":{"0":{"loc":{"start":{"line":26,"column":18},"end":{"line":27,"column":34}},"type":"cond-expr","locations":[{"start":{"line":27,"column":14},"end":{"line":27,"column":26}},{"start":{"line":27,"column":29},"end":{"line":27,"column":34}}],"line":26},"1":{"loc":{"start":{"line":26,"column":19},"end":{"line":26,"column":65}},"type":"binary-expr","locations":[{"start":{"line":26,"column":19},"end":{"line":26,"column":26}},{"start":{"line":26,"column":30},"end":{"line":26,"column":65}}],"line":26},"2":{"loc":{"start":{"line":28,"column":18},"end":{"line":29,"column":30}},"type":"cond-expr","locations":[{"start":{"line":29,"column":13},"end":{"line":29,"column":25}},{"start":{"line":29,"column":28},"end":{"line":29,"column":30}}],"line":28},"3":{"loc":{"start":{"line":28,"column":19},"end":{"line":28,"column":65}},"type":"binary-expr","locations":[{"start":{"line":28,"column":19},"end":{"line":28,"column":26}},{"start":{"line":28,"column":30},"end":{"line":28,"column":65}}],"line":28},"4":{"loc":{"start":{"line":30,"column":2},"end":{"line":69,"column":25}},"type":"if","locations":[{"start":{"line":30,"column":2},"end":{"line":69,"column":25}},{"start":{"line":30,"column":2},"end":{"line":69,"column":25}}],"line":30},"5":{"loc":{"start":{"line":33,"column":4},"end":{"line":51,"column":5}},"type":"if","locations":[{"start":{"line":33,"column":4},"end":{"line":51,"column":5}},{"start":{"line":33,"column":4},"end":{"line":51,"column":5}}],"line":33},"6":{"loc":{"start":{"line":34,"column":5},"end":{"line":50,"column":38}},"type":"if","locations":[{"start":{"line":34,"column":5},"end":{"line":50,"column":38}},{"start":{"line":34,"column":5},"end":{"line":50,"column":38}}],"line":34},"7":{"loc":{"start":{"line":35,"column":6},"end":{"line":48,"column":7}},"type":"if","locations":[{"start":{"line":35,"column":6},"end":{"line":48,"column":7}},{"start":{"line":35,"column":6},"end":{"line":48,"column":7}}],"line":35},"8":{"loc":{"start":{"line":39,"column":15},"end":{"line":41,"column":55}},"type":"cond-expr","locations":[{"start":{"line":40,"column":12},"end":{"line":40,"column":15}},{"start":{"line":41,"column":12},"end":{"line":41,"column":55}}],"line":39},"9":{"loc":{"start":{"line":45,"column":19},"end":{"line":47,"column":55}},"type":"cond-expr","locations":[{"start":{"line":46,"column":12},"end":{"line":46,"column":15}},{"start":{"line":47,"column":12},"end":{"line":47,"column":55}}],"line":45},"10":{"loc":{"start":{"line":53,"column":9},"end":{"line":69,"column":25}},"type":"if","locations":[{"start":{"line":53,"column":9},"end":{"line":69,"column":25}},{"start":{"line":53,"column":9},"end":{"line":69,"column":25}}],"line":53},"11":{"loc":{"start":{"line":54,"column":3},"end":{"line":67,"column":4}},"type":"if","locations":[{"start":{"line":54,"column":3},"end":{"line":67,"column":4}},{"start":{"line":54,"column":3},"end":{"line":67,"column":4}}],"line":54},"12":{"loc":{"start":{"line":58,"column":12},"end":{"line":60,"column":75}},"type":"cond-expr","locations":[{"start":{"line":59,"column":9},"end":{"line":59,"column":12}},{"start":{"line":60,"column":9},"end":{"line":60,"column":75}}],"line":58},"13":{"loc":{"start":{"line":64,"column":11},"end":{"line":66,"column":51}},"type":"cond-expr","locations":[{"start":{"line":65,"column":8},"end":{"line":65,"column":11}},{"start":{"line":66,"column":8},"end":{"line":66,"column":51}}],"line":64},"14":{"loc":{"start":{"line":84,"column":9},"end":{"line":85,"column":55}},"type":"if","locations":[{"start":{"line":84,"column":9},"end":{"line":85,"column":55}},{"start":{"line":84,"column":9},"end":{"line":85,"column":55}}],"line":84},"15":{"loc":{"start":{"line":100,"column":13},"end":{"line":100,"column":67}},"type":"cond-expr","locations":[{"start":{"line":100,"column":51},"end":{"line":100,"column":60}},{"start":{"line":100,"column":63},"end":{"line":100,"column":67}}],"line":100},"16":{"loc":{"start":{"line":101,"column":10},"end":{"line":101,"column":90}},"type":"cond-expr","locations":[{"start":{"line":101,"column":18},"end":{"line":101,"column":52}},{"start":{"line":101,"column":55},"end":{"line":101,"column":90}}],"line":101}},"s":{"0":6,"1":6,"2":6,"3":6,"4":3,"5":3,"6":3,"7":3,"8":3,"9":2,"10":2,"11":6,"12":6,"13":1,"14":1,"15":0,"16":3,"17":3,"18":2,"19":2,"20":5,"21":5,"22":1,"23":1,"24":0,"25":6,"26":1,"27":1,"28":3,"29":3,"30":1,"31":7,"32":7},"f":{"0":6,"1":6,"2":5,"3":1,"4":7},"b":{"0":[4,2],"1":[6,4],"2":[2,4],"3":[6,4],"4":[3,3],"5":[3,0],"6":[3,0],"7":[2,1],"8":[1,5],"9":[0,1],"10":[3,0],"11":[2,1],"12":[1,4],"13":[0,1],"14":[3,0],"15":[2,5],"16":[6,1]},"_coverageSchema":"332fd63041d2c1bcb487cc26dd0d5f7d97098a6c","hash":"e40e0ac04532ee0a9f967547042a22c039d27808","contentHash":"1078cbc722514652e3f21655097e6e1c_11.3.0"},"C:\\Users\\kingsley\\Desktop\\Events-Manager\\server\\app.js":{"path":"C:\\Users\\kingsley\\Desktop\\Events-Manager\\server\\app.js","statementMap":{"0":{"start":{"line":9,"column":0},"end":{"line":9,"column":16}},"1":{"start":{"line":10,"column":12},"end":{"line":10,"column":21}},"2":{"start":{"line":12,"column":0},"end":{"line":12,"column":23}},"3":{"start":{"line":14,"column":0},"end":{"line":14,"column":44}},"4":{"start":{"line":15,"column":0},"end":{"line":15,"column":67}},"5":{"start":{"line":16,"column":0},"end":{"line":16,"column":24}},"6":{"start":{"line":18,"column":0},"end":{"line":18,"column":27}},"7":{"start":{"line":19,"column":0},"end":{"line":19,"column":29}},"8":{"start":{"line":20,"column":0},"end":{"line":20,"column":28}},"9":{"start":{"line":22,"column":0},"end":{"line":24,"column":3}},"10":{"start":{"line":23,"column":4},"end":{"line":23,"column":44}}},"fnMap":{"0":{"name":"(anonymous_0)","decl":{"start":{"line":22,"column":13},"end":{"line":22,"column":14}},"loc":{"start":{"line":22,"column":27},"end":{"line":24,"column":1}},"line":22}},"branchMap":{},"s":{"0":1,"1":1,"2":1,"3":1,"4":1,"5":1,"6":1,"7":1,"8":1,"9":1,"10":0},"f":{"0":0},"b":{},"_coverageSchema":"332fd63041d2c1bcb487cc26dd0d5f7d97098a6c","hash":"ce9c9065f17fbe844de63e75cb9dc50a82f276cf","contentHash":"d39af400eba41b522b86e73b6377f5b4_11.3.0"},"C:\\Users\\kingsley\\Desktop\\Events-Manager\\server\\routes\\index.js":{"path":"C:\\Users\\kingsley\\Desktop\\Events-Manager\\server\\routes\\index.js","statementMap":{"0":{"start":{"line":5,"column":15},"end":{"line":9,"column":1}}},"fnMap":{},"branchMap":{},"s":{"0":1},"f":{},"b":{},"_coverageSchema":"332fd63041d2c1bcb487cc26dd0d5f7d97098a6c","hash":"5cf908e714df726bc779f175e7475298623f5ee8","contentHash":"a2486a280b452e562c1e8e8aa552861e_11.3.0"},"C:\\Users\\kingsley\\Desktop\\Events-Manager\\server\\routes\\authRoutes.js":{"path":"C:\\Users\\kingsley\\Desktop\\Events-Manager\\server\\routes\\authRoutes.js","statementMap":{"0":{"start":{"line":6,"column":23},"end":{"line":6,"column":49}},"1":{"start":{"line":7,"column":24},"end":{"line":7,"column":51}},"2":{"start":{"line":8,"column":19},"end":{"line":8,"column":35}},"3":{"start":{"line":10,"column":0},"end":{"line":14,"column":29}},"4":{"start":{"line":16,"column":0},"end":{"line":18,"column":26}}},"fnMap":{},"branchMap":{},"s":{"0":1,"1":1,"2":1,"3":1,"4":1},"f":{},"b":{},"_coverageSchema":"332fd63041d2c1bcb487cc26dd0d5f7d97098a6c","hash":"edad307cfa1309435a6e3bdc255f52d1ab241792","contentHash":"97185acbe81efeb1b23e0b741e7f08cc_11.3.0"},"C:\\Users\\kingsley\\Desktop\\Events-Manager\\server\\controllers\\index.js":{"path":"C:\\Users\\kingsley\\Desktop\\Events-Manager\\server\\controllers\\index.js","statementMap":{"0":{"start":{"line":5,"column":20},"end":{"line":9,"column":1}}},"fnMap":{},"branchMap":{},"s":{"0":1},"f":{},"b":{},"_coverageSchema":"332fd63041d2c1bcb487cc26dd0d5f7d97098a6c","hash":"18cfe01e7d2f8b6be99d05da7832988b683cccfb","contentHash":"85b13870169975db238ff17865a55ce2_11.3.0"},"C:\\Users\\kingsley\\Desktop\\Events-Manager\\server\\controllers\\userController.js":{"path":"C:\\Users\\kingsley\\Desktop\\Events-Manager\\server\\controllers\\userController.js","statementMap":{"0":{"start":{"line":5,"column":17},"end":{"line":5,"column":23}},"1":{"start":{"line":6,"column":48},"end":{"line":6,"column":56}},"2":{"start":{"line":19,"column":8},"end":{"line":43,"column":10}},"3":{"start":{"line":20,"column":41},"end":{"line":20,"column":49}},"4":{"start":{"line":21,"column":12},"end":{"line":42,"column":15}},"5":{"start":{"line":23,"column":45},"end":{"line":23,"column":52}},"6":{"start":{"line":24,"column":16},"end":{"line":38,"column":24}},"7":{"start":{"line":41,"column":16},"end":{"line":41,"column":47}},"8":{"start":{"line":53,"column":8},"end":{"line":89,"column":10}},"9":{"start":{"line":54,"column":26},"end":{"line":54,"column":37}},"10":{"start":{"line":57,"column":12},"end":{"line":88,"column":15}},"11":{"start":{"line":62,"column":16},"end":{"line":79,"column":19}},"12":{"start":{"line":64,"column":20},"end":{"line":78,"column":37}},"13":{"start":{"line":65,"column":39},"end":{"line":65,"column":61}},"14":{"start":{"line":66,"column":58},"end":{"line":66,"column":62}},"15":{"start":{"line":69,"column":24},"end":{"line":76,"column":27}},"16":{"start":{"line":71,"column":28},"end":{"line":75,"column":31}},"17":{"start":{"line":78,"column":25},"end":{"line":78,"column":37}},"18":{"start":{"line":82,"column":16},"end":{"line":85,"column":17}},"19":{"start":{"line":83,"column":20},"end":{"line":83,"column":37}},"20":{"start":{"line":84,"column":20},"end":{"line":84,"column":68}},"21":{"start":{"line":87,"column":16},"end":{"line":87,"column":47}},"22":{"start":{"line":101,"column":8},"end":{"line":115,"column":9}},"23":{"start":{"line":102,"column":26},"end":{"line":102,"column":37}},"24":{"start":{"line":103,"column":12},"end":{"line":103,"column":29}},"25":{"start":{"line":104,"column":12},"end":{"line":110,"column":13}},"26":{"start":{"line":105,"column":16},"end":{"line":106,"column":70}},"27":{"start":{"line":106,"column":20},"end":{"line":106,"column":70}},"28":{"start":{"line":107,"column":19},"end":{"line":110,"column":13}},"29":{"start":{"line":108,"column":16},"end":{"line":109,"column":61}},"30":{"start":{"line":109,"column":20},"end":{"line":109,"column":61}},"31":{"start":{"line":112,"column":12},"end":{"line":114,"column":31}},"32":{"start":{"line":113,"column":16},"end":{"line":113,"column":46}},"33":{"start":{"line":114,"column":17},"end":{"line":114,"column":31}},"34":{"start":{"line":125,"column":8},"end":{"line":160,"column":9}},"35":{"start":{"line":126,"column":26},"end":{"line":126,"column":37}},"36":{"start":{"line":127,"column":24},"end":{"line":128,"column":81}},"37":{"start":{"line":130,"column":12},"end":{"line":159,"column":13}},"38":{"start":{"line":132,"column":30},"end":{"line":132,"column":60}},"39":{"start":{"line":133,"column":30},"end":{"line":133,"column":47}},"40":{"start":{"line":135,"column":16},"end":{"line":135,"column":51}},"41":{"start":{"line":137,"column":16},"end":{"line":154,"column":19}},"42":{"start":{"line":139,"column":20},"end":{"line":150,"column":23}},"43":{"start":{"line":148,"column":24},"end":{"line":148,"column":44}},"44":{"start":{"line":149,"column":24},"end":{"line":149,"column":38}},"45":{"start":{"line":153,"column":20},"end":{"line":153,"column":51}},"46":{"start":{"line":157,"column":16},"end":{"line":157,"column":33}},"47":{"start":{"line":158,"column":16},"end":{"line":158,"column":84}},"48":{"start":{"line":171,"column":8},"end":{"line":181,"column":10}},"49":{"start":{"line":172,"column":12},"end":{"line":180,"column":13}},"50":{"start":{"line":173,"column":16},"end":{"line":173,"column":30}},"51":{"start":{"line":176,"column":30},"end":{"line":176,"column":41}},"52":{"start":{"line":177,"column":16},"end":{"line":177,"column":104}},"53":{"start":{"line":178,"column":16},"end":{"line":178,"column":34}},"54":{"start":{"line":179,"column":16},"end":{"line":179,"column":54}}},"fnMap":{"0":{"name":"(anonymous_0)","decl":{"start":{"line":18,"column":4},"end":{"line":18,"column":5}},"loc":{"start":{"line":18,"column":20},"end":{"line":44,"column":5}},"line":18},"1":{"name":"(anonymous_1)","decl":{"start":{"line":19,"column":15},"end":{"line":19,"column":16}},"loc":{"start":{"line":19,"column":35},"end":{"line":43,"column":9}},"line":19},"2":{"name":"(anonymous_2)","decl":{"start":{"line":22,"column":18},"end":{"line":22,"column":19}},"loc":{"start":{"line":22,"column":31},"end":{"line":39,"column":13}},"line":22},"3":{"name":"(anonymous_3)","decl":{"start":{"line":40,"column":19},"end":{"line":40,"column":20}},"loc":{"start":{"line":40,"column":28},"end":{"line":42,"column":13}},"line":40},"4":{"name":"(anonymous_4)","decl":{"start":{"line":52,"column":4},"end":{"line":52,"column":5}},"loc":{"start":{"line":52,"column":20},"end":{"line":90,"column":5}},"line":52},"5":{"name":"(anonymous_5)","decl":{"start":{"line":53,"column":15},"end":{"line":53,"column":16}},"loc":{"start":{"line":53,"column":29},"end":{"line":89,"column":9}},"line":53},"6":{"name":"(anonymous_6)","decl":{"start":{"line":61,"column":18},"end":{"line":61,"column":19}},"loc":{"start":{"line":61,"column":28},"end":{"line":80,"column":13}},"line":61},"7":{"name":"(anonymous_7)","decl":{"start":{"line":63,"column":22},"end":{"line":63,"column":23}},"loc":{"start":{"line":63,"column":37},"end":{"line":79,"column":17}},"line":63},"8":{"name":"(anonymous_8)","decl":{"start":{"line":70,"column":30},"end":{"line":70,"column":31}},"loc":{"start":{"line":70,"column":37},"end":{"line":76,"column":25}},"line":70},"9":{"name":"(anonymous_9)","decl":{"start":{"line":81,"column":19},"end":{"line":81,"column":20}},"loc":{"start":{"line":81,"column":28},"end":{"line":88,"column":13}},"line":81},"10":{"name":"(anonymous_10)","decl":{"start":{"line":100,"column":4},"end":{"line":100,"column":5}},"loc":{"start":{"line":100,"column":37},"end":{"line":116,"column":5}},"line":100},"11":{"name":"(anonymous_11)","decl":{"start":{"line":101,"column":15},"end":{"line":101,"column":16}},"loc":{"start":{"line":101,"column":35},"end":{"line":115,"column":9}},"line":101},"12":{"name":"(anonymous_12)","decl":{"start":{"line":124,"column":4},"end":{"line":124,"column":5}},"loc":{"start":{"line":124,"column":32},"end":{"line":161,"column":5}},"line":124},"13":{"name":"(anonymous_13)","decl":{"start":{"line":125,"column":15},"end":{"line":125,"column":16}},"loc":{"start":{"line":125,"column":35},"end":{"line":160,"column":9}},"line":125},"14":{"name":"(anonymous_14)","decl":{"start":{"line":138,"column":22},"end":{"line":138,"column":23}},"loc":{"start":{"line":138,"column":35},"end":{"line":151,"column":17}},"line":138},"15":{"name":"(anonymous_15)","decl":{"start":{"line":147,"column":26},"end":{"line":147,"column":27}},"loc":{"start":{"line":147,"column":36},"end":{"line":150,"column":21}},"line":147},"16":{"name":"(anonymous_16)","decl":{"start":{"line":152,"column":23},"end":{"line":152,"column":24}},"loc":{"start":{"line":152,"column":32},"end":{"line":154,"column":17}},"line":152},"17":{"name":"(anonymous_17)","decl":{"start":{"line":170,"column":4},"end":{"line":170,"column":5}},"loc":{"start":{"line":170,"column":28},"end":{"line":182,"column":5}},"line":170},"18":{"name":"(anonymous_18)","decl":{"start":{"line":171,"column":15},"end":{"line":171,"column":16}},"loc":{"start":{"line":171,"column":35},"end":{"line":181,"column":9}},"line":171}},"branchMap":{"0":{"loc":{"start":{"line":64,"column":20},"end":{"line":78,"column":37}},"type":"if","locations":[{"start":{"line":64,"column":20},"end":{"line":78,"column":37}},{"start":{"line":64,"column":20},"en
[...]
,"column":36}},"7":{"start":{"line":25,"column":9},"end":{"line":84,"column":63}},"8":{"start":{"line":27,"column":16},"end":{"line":27,"column":77}},"9":{"start":{"line":28,"column":16},"end":{"line":28,"column":76}},"10":{"start":{"line":29,"column":16},"end":{"line":29,"column":68}},"11":{"start":{"line":30,"column":16},"end":{"line":30,"column":68}},"12":{"start":{"line":31,"column":16},"end":{"line":31,"column":90}},"13":{"start":{"line":32,"column":13},"end":{"line":32,"column":86}},"14":{"start":{"line":38,"column":16},"end":{"line":66,"column":72}},"15":{"start":{"line":39,"column":20},"end":{"line":39,"column":74}},"16":{"start":{"line":41,"column":21},"end":{"line":66,"column":72}},"17":{"start":{"line":42,"column":20},"end":{"line":42,"column":109}},"18":{"start":{"line":44,"column":21},"end":{"line":66,"column":72}},"19":{"start":{"line":45,"column":20},"end":{"line":45,"column":94}},"20":{"start":{"line":47,"column":21},"end":{"line":66,"column":72}},"21":{"start":{"line":48,"column":20},"end":{"line":48,"column":86}},"22":{"start":{"line":50,"column":21},"end":{"line":66,"column":72}},"23":{"start":{"line":51,"column":20},"end":{"line":51,"column":60}},"24":{"start":{"line":53,"column":21},"end":{"line":66,"column":72}},"25":{"start":{"line":54,"column":20},"end":{"line":54,"column":60}},"26":{"start":{"line":56,"column":21},"end":{"line":66,"column":72}},"27":{"start":{"line":57,"column":20},"end":{"line":57,"column":63}},"28":{"start":{"line":59,"column":21},"end":{"line":66,"column":72}},"29":{"start":{"line":60,"column":20},"end":{"line":60,"column":90}},"30":{"start":{"line":62,"column":21},"end":{"line":66,"column":72}},"31":{"start":{"line":63,"column":20},"end":{"line":63,"column":67}},"32":{"start":{"line":65,"column":21},"end":{"line":66,"column":72}},"33":{"start":{"line":66,"column":20},"end":{"line":66,"column":72}},"34":{"start":{"line":68,"column":19},"end":{"line":84,"column":63}},"35":{"start":{"line":69,"column":20},"end":{"line":69,"column":63}},"36":{"start":{"line":71,"column":21},"end":{"line":84,"column":63}},"37":{"start":{"line":72,"column":20},"end":{"line":72,"column":67}},"38":{"start":{"line":74,"column":21},"end":{"line":84,"column":63}},"39":{"start":{"line":75,"column":20},"end":{"line":75,"column":56}},"40":{"start":{"line":77,"column":21},"end":{"line":84,"column":63}},"41":{"start":{"line":78,"column":20},"end":{"line":78,"column":56}},"42":{"start":{"line":80,"column":21},"end":{"line":84,"column":63}},"43":{"start":{"line":81,"column":20},"end":{"line":81,"column":77}},"44":{"start":{"line":83,"column":21},"end":{"line":84,"column":63}},"45":{"start":{"line":84,"column":20},"end":{"line":84,"column":63}},"46":{"start":{"line":86,"column":19},"end":{"line":127,"column":13}},"47":{"start":{"line":88,"column":16},"end":{"line":95,"column":17}},"48":{"start":{"line":89,"column":20},"end":{"line":93,"column":113}},"49":{"start":{"line":90,"column":24},"end":{"line":90,"column":71}},"50":{"start":{"line":92,"column":25},"end":{"line":93,"column":113}},"51":{"start":{"line":93,"column":24},"end":{"line":93,"column":113}},"52":{"start":{"line":96,"column":16},"end":{"line":103,"column":17}},"53":{"start":{"line":97,"column":20},"end":{"line":101,"column":91}},"54":{"start":{"line":98,"column":24},"end":{"line":98,"column":98}},"55":{"start":{"line":100,"column":25},"end":{"line":101,"column":91}},"56":{"start":{"line":101,"column":24},"end":{"line":101,"column":91}},"57":{"start":{"line":104,"column":16},"end":{"line":107,"column":17}},"58":{"start":{"line":105,"column":20},"end":{"line":106,"column":64}},"59":{"start":{"line":106,"column":24},"end":{"line":106,"column":64}},"60":{"start":{"line":108,"column":16},"end":{"line":111,"column":17}},"61":{"start":{"line":109,"column":20},"end":{"line":110,"column":64}},"62":{"start":{"line":110,"column":24},"end":{"line":110,"column":64}},"63":{"start":{"line":112,"column":16},"end":{"line":119,"column":17}},"64":{"start":{"line":113,"column":20},"end":{"line":117,"column":96}},"65":{"start":{"line":114,"column":24},"end":{"line":114,"column":86}},"66":{"start":{"line":116,"column":25},"end":{"line":117,"column":96}},"67":{"start":{"line":117,"column":24},"end":{"line":117,"column":96}},"68":{"start":{"line":120,"column":16},"end":{"line":126,"column":17}},"69":{"start":{"line":121,"column":20},"end":{"line":125,"column":77}},"70":{"start":{"line":122,"column":24},"end":{"line":122,"column":72}},"71":{"start":{"line":124,"column":25},"end":{"line":125,"column":77}},"72":{"start":{"line":125,"column":24},"end":{"line":125,"column":77}},"73":{"start":{"line":129,"column":12},"end":{"line":131,"column":25}},"74":{"start":{"line":143,"column":7},"end":{"line":164,"column":8}},"75":{"start":{"line":145,"column":8},"end":{"line":163,"column":9}},"76":{"start":{"line":146,"column":9},"end":{"line":146,"column":23}},"77":{"start":{"line":148,"column":16},"end":{"line":148,"column":71}},"78":{"start":{"line":149,"column":9},"end":{"line":162,"column":18}},"79":{"start":{"line":158,"column":20},"end":{"line":158,"column":34}},"80":{"start":{"line":161,"column":20},"end":{"line":161,"column":58}}},"fnMap":{"0":{"name":"(anonymous_0)","decl":{"start":{"line":18,"column":2},"end":{"line":18,"column":3}},"loc":{"start":{"line":18,"column":25},"end":{"line":133,"column":5}},"line":18},"1":{"name":"(anonymous_1)","decl":{"start":{"line":19,"column":11},"end":{"line":19,"column":12}},"loc":{"start":{"line":19,"column":31},"end":{"line":132,"column":9}},"line":19},"2":{"name":"(anonymous_2)","decl":{"start":{"line":142,"column":4},"end":{"line":142,"column":5}},"loc":{"start":{"line":142,"column":26},"end":{"line":165,"column":5}},"line":142},"3":{"name":"(anonymous_3)","decl":{"start":{"line":143,"column":14},"end":{"line":143,"column":15}},"loc":{"start":{"line":143,"column":34},"end":{"line":164,"column":8}},"line":143},"4":{"name":"(anonymous_4)","decl":{"start":{"line":157,"column":22},"end":{"line":157,"column":23}},"loc":{"start":{"line":157,"column":28},"end":{"line":159,"column":17}},"line":157},"5":{"name":"(anonymous_5)","decl":{"start":{"line":160,"column":23},"end":{"line":160,"column":24}},"loc":{"start":{"line":160,"column":32},"end":{"line":162,"column":17}},"line":160}},"branchMap":{"0":{"loc":{"start":{"line":23,"column":8},"end":{"line":127,"column":13}},"type":"if","locations":[{"start":{"line":23,"column":8},"end":{"line":127,"column":13}},{"start":{"line":23,"column":8},"end":{"line":127,"column":13}}],"line":23},"1":{"loc":{"start":{"line":25,"column":9},"end":{"line":84,"column":63}},"type":"if","locations":[{"start":{"line":25,"column":9},"end":{"line":84,"column":63}},{"start":{"line":25,"column":9},"end":{"line":84,"column":63}}],"line":25},"2":{"loc":{"start":{"line":25,"column":13},"end":{"line":25,"column":128}},"type":"binary-expr","locations":[{"start":{"line":25,"column":13},"end":{"line":25,"column":26}},{"start":{"line":25,"column":30},"end":{"line":25,"column":46}},{"start":{"line":25,"column":50},"end":{"line":25,"column":62}},{"start":{"line":25,"column":66},"end":{"line":25,"column":78}},{"start":{"line":25,"column":82},"end":{"line":25,"column":105}},{"start":{"line":25,"column":109},"end":{"line":25,"column":128}}],"line":25},"3":{"loc":{"start":{"line":38,"column":16},"end":{"line":66,"column":72}},"type":"if","locations":[{"start":{"line":38,"column":16},"end":{"line":66,"column":72}},{"start":{"line":38,"column":16},"end":{"line":66,"column":72}}],"line":38},"4":{"loc":{"start":{"line":41,"column":21},"end":{"line":66,"column":72}},"type":"if","locations":[{"start":{"line":41,"column":21},"end":{"line":66,"column":72}},{"start":{"line":41,"column":21},"end":{"line":66,"column":72}}],"line":41},"5":{"loc":{"start":{"line":44,"column":21},"end":{"line":66,"column":72}},"type":"if","locations":[{"start":{"line":44,"column":21},"end":{"line":66,"column":72}},{"start":{"line":44,"column":21},"end":{"line":66,"column":72}}],"line":44},"6":{"loc":{"start":{"line":47,"column":21},"end":{"line":66,"column":72}},"type":"if","locations":[{"start":{"line":47,"column":21},"end":{"line":66,"column":72}},{"start":{"line":47,"column":21},"end":{"line":66,"column":72}}],"line":47},"7":{"loc":{"start":{"line":50,"column":21},"end":{"line":66,"column":72}},"type":"if","locations":[{"start":{"line":50,"column":21},"end":{"line":66,"column":72}},{"start":{"line":50,"column":21},"end":{"line":66,"column":72}}],"line":50},"8":{"loc":{"start":{"line":53,"column":21},"end":{"line":66,"column":72}},"type":"if","locations":[{"start":{"line":53,"column":21},"end":{"line":66,"column":72}},{"start":{"line":53,"column":21},"end":{"line":66,"column":72}}],"line":53},"9":{"loc":{"start":{"line":56,"column":21},"end":{"line":66,"column":72}},"type":"if","locations":[{"start":{"line":56,"column":21},"end":{"line":66,"column":72}},{"start":{"line":56,"column":21},"end":{"line":66,"column":72}}],"line":56},"10":{"loc":{"start":{"line":59,"column":21},"end":{"line":66,"column":72}},"type":"if","locations":[{"start":{"line":59,"column":21},"end":{"line":66,"column":72}},{"start":{"line":59,"column":21},"end":{"line":66,"column":72}}],"line":59},"11":{"loc":{"start":{"line":62,"column":21},"end":{"line":66,"column":72}},"type":"if","locations":[{"start":{"line":62,"column":21},"end":{"line":66,"column":72}},{"start":{"line":62,"column":21},"end":{"line":66,"column":72}}],"line":62},"12":{"loc":{"start":{"line":65,"column":21},"end":{"line":66,"column":72}},"type":"if","locations":[{"start":{"line":65,"column":21},"end":{"line":66,"column":72}},{"start":{"line":65,"column":21},"end":{"line":66,"column":72}}],"line":65},"13":{"loc":{"start":{"line":68,"column":19},"end":{"line":84,"column":63}},"type":"if","locations":[{"start":{"line":68,"column":19},"end":{"line":84,"column":63}},{"start":{"line":68,"column":19},"end":{"line":84,"column":63}}],"line":68},"14":{"loc":{"start":{"line":71,"column":21},"end":{"line":84,"column":63}},"type":"if","locations":[{"start":{"line":71,"column":21},"end":{"line":84,"column":63}},{"start":{"line":71,"column":21},"end":{"line":84,"column":63}}],"line":71},"15":{"loc":{"start":{"line":74,"column":21},"end":{"line":84,"column":63}},"type":"if","locations":[{"start":{"line":74,"column":21},"end":{"line":84,"column":63}},{"start":{"line":74,"column":21},"end":{"line":84,"column":63}}],"line":74},"16":{"loc":{"start":{"line":77,"column":21},"end":{"line":84,"column":63}},"type":"if","locations":[{"start":{"line":77,"column":21},"end":{"line":84,"column":63}},{"start":{"line":77,"column":21},"end":{"line":84,"column":63}}],"line":77},"17":{"loc":{"start":{"line":80,"column":21},"end":{"line":84,"column":63}},"type":"if","locations":[{"start":{"line":80,"column":21},"end":{"line":84,"column":63}},{"start":{"line":80,"column":21},"end":{"line":84,"column":63}}],"line":80},"18":{"loc":{"start":{"line":83,"column":21},"end":{"line":84,"column":63}},"type":"if","locations":[{"start":{"line":83,"column":21},"end":{"line":84,"column":63}},{"start":{"line":83,"column":21},"end":{"line":84,"column":63}}],"line":83},"19":{"loc":{"start":{"line":86,"column":19},"end":{"line":127,"column":13}},"type":"if","locations":[{"start":{"line":86,"column":19},"end":{"line":127,"column":13}},{"start":{"line":86,"column":19},"end":{"line":127,"column":13}}],"line":86},"20":{"loc":{"start":{"line":88,"column":16},"end":{"line":95,"column":17}},"type":"if","locations":[{"start":{"line":88,"column":16},"end":{"line":95,"column":17}},{"start":{"line":88,"column":16},"end":{"line":95,"column":17}}],"line":88},"21":{"loc":{"start":{"line":89,"column":20},"end":{"line":93,"column":113}},"type":"if","locations":[{"start":{"line":89,"column":20},"end":{"line":93,"column":113}},{"start":{"line":89,"column":20},"end":{"line":93,"column":113}}],"line":89},"22":{"loc":{"start":{"line":92,"column":25},"end":{"line":93,"column":113}},"type":"if","locations":[{"start":{"line":92,"column":25},"end":{"line":93,"column":113}},{"start":{"line":92,"column":25},"end":{"line":93,"column":113}}],"line":92},"23":{"loc":{"start":{"line":96,"column":16},"end":{"line":103,"column":17}},"type":"if","locations":[{"start":{"line":96,"column":16},"end":{"line":103,"column":17}},{"start":{"line":96,"column":16},"end":{"line":103,"column":17}}],"line":96},"24":{"loc":{"start":{"line":96,"column":20},"end":{"line":96,"column":77}},"type":"binary-expr","locations":[{"start":{"line":96,"column":20},"end":{"line":96,"column":34}},{"start":{"line":96,"column":38},"end":{"line":96,"column":77}}],"line":96},"25":{"loc":{"start":{"line":97,"column":20},"end":{"line":101,"column":91}},"type":"if","locations":[{"start":{"line":97,"column":20},"end":{"line":101,"column":91}},{"start":{"line":97,"column":20},"end":{"line":101,"column":91}}],"line":97},"26":{"loc":{"start":{"line":100,"column":25},"end":{"line":101,"column":91}},"type":"if","locations":[{"start":{"line":100,"column":25},"end":{"line":101,"column":91}},{"start":{"line":100,"column":25},"end":{"line":101,"column":91}}],"line":100},"27":{"loc":{"start":{"line":104,"column":16},"end":{"line":107,"column":17}},"type":"if","locations":[{"start":{"line":104,"column":16},"end":{"line":107,"column":17}},{"start":{"line":104,"column":16},"end":{"line":107,"column":17}}],"line":104},"28":{"loc":{"start":{"line":104,"column":20},"end":{"line":104,"column":74}},"type":"binary-expr","locations":[{"start":{"line":104,"column":20},"end":{"line":104,"column":34}},{"start":{"line":104,"column":38},"end":{"line":104,"column":74}}],"line":104},"29":{"loc":{"start":{"line":105,"column":20},"end":{"line":106,"column":64}},"type":"if","locations":[{"start":{"line":105,"column":20},"end":{"line":106,"column":64}},{"start":{"line":105,"column":20},"end":{"line":106,"column":64}}],"line":105},"30":{"loc":{"start":{"line":108,"column":16},"end":{"line":111,"column":17}},"type":"if","locations":[{"start":{"line":108,"column":16},"end":{"line":111,"column":17}},{"start":{"line":108,"column":16},"end":{"line":111,"column":17}}],"line":108},"31":{"loc":{"start":{"line":108,"column":20},"end":{"line":108,"column":74}},"type":"binary-expr","locations":[{"start":{"line":108,"column":20},"end":{"line":108,"column":34}},{"start":{"line":108,"column":38},"end":{"line":108,"column":74}}],"line":108},"32":{"loc":{"start":{"line":109,"column":20},"end":{"line":110,"column":64}},"type":"if","locations":[{"start":{"line":109,"column":20},"end":{"line":110,"column":64}},{"start":{"line":109,"column":20},"end":{"line":110,"column":64}}],"line":109},"33":{"loc":{"start":{"line":112,"column":16},"end":{"line":119,"column":17}},"type":"if","locations":[{"start":{"line":112,"column":16},"end":{"line":119,"column":17}},{"start":{"line":112,"column":16},"end":{"line":119,"column":17}}],"line":112},"34":{"loc":{"start":{"line":112,"column":20},"end":{"line":112,"column":85}},"type":"binary-expr","locations":[{"start":{"line":112,"column":20},"end":{"line":112,"column":34}},{"start":{"line":112,"column":38},"end":{"line":112,"column":85}}],"line":112},"35":{"loc":{"start":{"line":113,"column":20},"end":{"line":117,"column":96}},"type":"if","locations":[{"start":{"line":113,"column":20},"end":{"line":117,"column":96}},{"start":{"line":113,"column":20},"end":{"line":117,"column":96}}],"line":113},"36":{"loc":{"start":{"line":116,"column":25},"end":{"line":117,"column":96}},"type":"if","locations":[{"start":{"line":116,"column":25},"end":{"line":117,"column":96}},{"start":{"line":116,"column":25},"end":{"line":117,"column":96}}],"line":116},"37":{"loc":{"start":{"line":120,"column":16},"end":{"line":126,"column":17}},"type":"if","locations":[{"start":{"line":120,"column":16},"end":{"line":126,"column":17}},{"start":{"line":120,"column":16},"end":{"line":126,"column":17}}],"line":120},"38":{"loc":{"start":{"line":120,"column":20},"end":{"line":120,"column":81}},"type":"binary-expr","locations":[{"start":{"line":120,"column":20},"end":{"line":120,"column":34}},{"start":{"line":120,"column":38},"end":{"line":120,"column":81}}],"line":120},"39":{"loc":{"start":{"line":121,"column":20},"end":{"line":125,"column":77}},"type":"if","locations":[{"start":{"line":121,"column":20},"end":{"line":125,"column":77}},{"start":{"line":121,"column":20},"end":{"line":125,"column":77}}],"line":121},"40":{"loc":{"start":{"line":124,"column":25},"end":{"line":125,"column":77}},"type":"if","locations":[{"start":{"line":124,"column":25},"end":{"line":125,"column":77}},{"start":{"line":124,"column":25},"end":{"line":125,"column":77}}],"line":124},"41":{"loc":{"start":{"line":129,"column":19},"end":{"line":131,"column":24}},"type":"cond-expr","locations":[{"start":{"line":130,"column":18},"end":{"line":130,"column":56}},{"start":{"line":131,"column":18},"end":{"line":131,"column":24}}],"line":129},"42":{"loc":{"start":{"line":145,"column":8},"end":{"line":163,"column":9}},"type":"if","locations":[{"start":{"line":145,"column":8},"end":{"line":163,"column":9}},{"start":{"line":145,"column":8},"end":{"line":163,"column":9}}],"line":145}},"s":{"0":1,"1":1,"2":2,"3":0,"4":0,"5":0,"6":0,"7":0,"8":0,"9":0,"10":0,"11":0,"12":0,"13":0,"14":0,"15":0,"16":0,"17":0,"18":0,"19":0,"20":0,"21":0,"22":0,"23":0,"24":0,"25":0,"26":0,"27":0,"28":0,"29":0,"30":0,"31":0,"32":0,"33":0,"34":0,"35":0,"36":0,"37":0,"38":0,"39":0,"40":0,"41":0,"42":0,"43":0,"44":0,"45":0,"46":0,"47":0,"48":0,"49":0,"50":0,"51":0,"52":0,"53":0,"54":0,"55":0,"56":0,"57":0,"58":0,"59":0,"60":0,"61":0,"62":0,"63":0,"64":0,"65":0,"66":0,"67":0,"68":0,"69":0,"70":0,"71":0,"72":0,"73":0,"74":1,"75":0,"76":0,"77":0,"78":0,"79":0,"80":0},"f":{"0":2,"1":0,"2":1,"3":0,"4":0,"5":0},"b":{"0":[0,0],"1":[0,0],"2":[0,0,0,0,0,0],"3":[0,0],"4":[0,0],"5":[0,0],"6":[0,0],"7":[0,0],"8":[0,0],"9":[0,0],"10":[0,0],"11":[0,0],"12":[0,0],"13":[0,0],"14":[0,0],"15":[0,0],"16":[0,0],"17":[0,0],"18":[0,0],"19":[0,0],"20":[0,0],"21":[0,0],"22":[0,0],"23":[0,0],"24":[0,0],"25":[0,0],"26":[0,0],"27":[0,0],"28":[0,0],"29":[0,0],"30":[0,0],"31":[0,0],"32":[0,0],"33":[0,0],"34":[0,0],"35":[0,0],"36":[0,0],"37":[0,0],"38":[0,0],"39":[0,0],"40":[0,0],"41":[0,0],"42":[0,0]},"_coverageSchema":"332fd63041d2c1bcb487cc26dd0d5f7d97098a6c","hash":"0f60b849a183d5f31f06e10f0c88d48ea60eb8c8","contentHash":"a6bfdf07706f15c8fa8747fcd4478b89_11.3.0"},"C:\\Users\\kingsley\\Desktop\\Events-Manager\\server\\routes\\centerRoutes.js":{"path":"C:\\Users\\kingsley\\Desktop\\Events-Manager\\server\\routes\\centerRoutes.js","statementMap":{"0":{"start":{"line":6,"column":45},"end":{"line":6,"column":56}},"1":{"start":{"line":7,"column":30},"end":{"line":7,"column":38}},"2":{"start":{"line":8,"column":30},"end":{"line":8,"column":41}},"3":{"start":{"line":9,"column":21},"end":{"line":9,"column":37}},"4":{"start":{"line":11,"column":0},"end":{"line":19,"column":1}},"5":{"start":{"line":21,"column":0},"end":{"line":30,"column":1}}},"fnMap":{},"branchMap":{},"s":{"0":1,"1":1,"2":1,"3":1,"4":1,"5":1},"f":{},"b":{},"_coverageSchema":"332fd63041d2c1bcb487cc26dd0d5f7d97098a6c","hash":"1e766c5b3239fa8a245db4cc8496a1940e36825b","contentHash":"a611c378f472ac815d25be35e86a4675_11.3.0"},"C:\\Users\\kingsley\\Desktop\\Events-Manager\\server\\routes\\eventRoutes.js":{"path":"C:\\Users\\kingsley\\Desktop\\Events-Manager\\server\\routes\\eventRoutes.js","statementMap":{"0":{"start":{"line":6,"column":62},"end":{"line":6,"column":73}},"1":{"start":{"line":7,"column":30},"end":{"line":7,"column":38}},"2":{"start":{"line":8,"column":29},"end":{"line":8,"column":40}},"3":{"start":{"line":9,"column":20},"end":{"line":9,"column":36}},"4":{"start":{"line":11,"column":0},"end":{"line":18,"column":33}},"5":{"start":{"line":20,"column":0},"end":{"line":29,"column":34}}},"fnMap":{},"branchMap":{},"s":{"0":1,"1":1,"2":1,"3":1,"4":1,"5":1},"f":{},"b":{},"_coverageSchema":"332fd63041d2c1bcb487cc26dd0d5f7d97098a6c","hash":"fee8423464db5c9a13955a3dcb66ca38645d28d8","contentHash":"b8be884125636879534da7f9fc07ba7a_11.3.0"}}