{"C:\\Users\\kingsley\\Desktop\\Events-Manager\\server\\test\\controllersTest\\centerControllerTest.js":{"path":"C:\\Users\\kingsley\\Desktop\\Events-Manager\\server\\test\\controllersTest\\centerControllerTest.js","statementMap":{"0":{"start":{"line":12,"column":15},"end":{"line":12,"column":26}},"1":{"start":{"line":13,"column":17},"end":{"line":13,"column":23}},"2":{"start":{"line":14,"column":14},"end":{"line":14,"column":28}},"3":{"start":{"line":15,"column":14},"end":{"line":15,"column":28}},"4":{"start":{"line":16,"column":15},"end":{"line":16,"column":35}},"5":{"start":{"line":18,"column":4},"end":{"line":18,"column":27}},"6":{"start":{"line":20,"column":0},"end":{"line":71,"column":2}},"7":{"start":{"line":22,"column":4},"end":{"line":27,"column":6}},"8":{"start":{"line":23,"column":8},"end":{"line":26,"column":11}},"9":{"start":{"line":25,"column":12},"end":{"line":25,"column":26}},"10":{"start":{"line":29,"column":1},"end":{"line":51,"column":3}},"11":{"start":{"line":30,"column":2},"end":{"line":50,"column":11}},"12":{"start":{"line":38,"column":12},"end":{"line":47,"column":13}},"13":{"start":{"line":39,"column":16},"end":{"line":39,"column":43}},"14":{"start":{"line":40,"column":16},"end":{"line":40,"column":53}},"15":{"start":{"line":41,"column":16},"end":{"line":41,"column":60}},"16":{"start":{"line":42,"column":16},"end":{"line":42,"column":82}},"17":{"start":{"line":44,"column":16},"end":{"line":44,"column":53}},"18":{"start":{"line":45,"column":16},"end":{"line":45,"column":57}},"19":{"start":{"line":46,"column":16},"end":{"line":46,"column":92}},"20":{"start":{"line":48,"column":12},"end":{"line":48,"column":38}},"21":{"start":{"line":48,"column":21},"end":{"line":48,"column":38}},"22":{"start":{"line":49,"column":12},"end":{"line":49,"column":19}},"23":{"start":{"line":52,"column":4},"end":{"line":70,"column":6}},"24":{"start":{"line":53,"column":8},"end":{"line":69,"column":9}},"25":{"start":{"line":54,"column":12},"end":{"line":68,"column":15}},"26":{"start":{"line":63,"column":16},"end":{"line":63,"column":53}},"27":{"start":{"line":64,"column":16},"end":{"line":64,"column":57}},"28":{"start":{"line":65,"column":16},"end":{"line":65,"column":110}},"29":{"start":{"line":66,"column":16},"end":{"line":66,"column":42}},"30":{"start":{"line":66,"column":25},"end":{"line":66,"column":42}},"31":{"start":{"line":67,"column":16},"end":{"line":67,"column":23}},"32":{"start":{"line":73,"column":0},"end":{"line":161,"column":2}},"33":{"start":{"line":75,"column":4},"end":{"line":80,"column":6}},"34":{"start":{"line":76,"column":8},"end":{"line":79,"column":11}},"35":{"start":{"line":78,"column":12},"end":{"line":78,"column":26}},"36":{"start":{"line":82,"column":4},"end":{"line":97,"column":6}},"37":{"start":{"line":83,"column":8},"end":{"line":96,"column":11}},"38":{"start":{"line":91,"column":12},"end":{"line":91,"column":49}},"39":{"start":{"line":92,"column":12},"end":{"line":92,"column":53}},"40":{"start":{"line":93,"column":12},"end":{"line":93,"column":83}},"41":{"start":{"line":94,"column":12},"end":{"line":94,"column":38}},"42":{"start":{"line":94,"column":21},"end":{"line":94,"column":38}},"43":{"start":{"line":95,"column":12},"end":{"line":95,"column":19}},"44":{"start":{"line":99,"column":4},"end":{"line":115,"column":6}},"45":{"start":{"line":100,"column":8},"end":{"line":114,"column":11}},"46":{"start":{"line":109,"column":12},"end":{"line":109,"column":49}},"47":{"start":{"line":110,"column":12},"end":{"line":110,"column":53}},"48":{"start":{"line":111,"column":12},"end":{"line":111,"column":102}},"49":{"start":{"line":112,"column":12},"end":{"line":112,"column":38}},"50":{"start":{"line":112,"column":21},"end":{"line":112,"column":38}},"51":{"start":{"line":113,"column":12},"end":{"line":113,"column":19}},"52":{"start":{"line":118,"column":1},"end":{"line":140,"column":3}},"53":{"start":{"line":119,"column":2},"end":{"line":139,"column":5}},"54":{"start":{"line":127,"column":12},"end":{"line":136,"column":13}},"55":{"start":{"line":128,"column":16},"end":{"line":128,"column":44}},"56":{"start":{"line":129,"column":16},"end":{"line":129,"column":53}},"57":{"start":{"line":130,"column":16},"end":{"line":130,"column":60}},"58":{"start":{"line":131,"column":16},"end":{"line":131,"column":82}},"59":{"start":{"line":133,"column":16},"end":{"line":133,"column":53}},"60":{"start":{"line":134,"column":16},"end":{"line":134,"column":57}},"61":{"start":{"line":135,"column":16},"end":{"line":135,"column":92}},"62":{"start":{"line":137,"column":3},"end":{"line":137,"column":29}},"63":{"start":{"line":137,"column":12},"end":{"line":137,"column":29}},"64":{"start":{"line":138,"column":3},"end":{"line":138,"column":10}},"65":{"start":{"line":142,"column":4},"end":{"line":160,"column":6}},"66":{"start":{"line":143,"column":8},"end":{"line":159,"column":9}},"67":{"start":{"line":144,"column":12},"end":{"line":158,"column":15}},"68":{"start":{"line":153,"column":16},"end":{"line":153,"column":53}},"69":{"start":{"line":154,"column":16},"end":{"line":154,"column":60}},"70":{"start":{"line":155,"column":16},"end":{"line":155,"column":82}},"71":{"start":{"line":156,"column":16},"end":{"line":156,"column":42}},"72":{"start":{"line":156,"column":25},"end":{"line":156,"column":42}},"73":{"start":{"line":157,"column":16},"end":{"line":157,"column":23}}},"fnMap":{"0":{"name":"(anonymous_0)","decl":{"start":{"line":20,"column":18},"end":{"line":20,"column":19}},"loc":{"start":{"line":20,"column":24},"end":{"line":71,"column":1}},"line":20},"1":{"name":"(anonymous_1)","decl":{"start":{"line":22,"column":11},"end":{"line":22,"column":12}},"loc":{"start":{"line":22,"column":21},"end":{"line":27,"column":5}},"line":22},"2":{"name":"(anonymous_2)","decl":{"start":{"line":24,"column":14},"end":{"line":24,"column":15}},"loc":{"start":{"line":24,"column":20},"end":{"line":26,"column":9}},"line":24},"3":{"name":"(anonymous_3)","decl":{"start":{"line":29,"column":49},"end":{"line":29,"column":50}},"loc":{"start":{"line":29,"column":59},"end":{"line":51,"column":2}},"line":29},"4":{"name":"(anonymous_4)","decl":{"start":{"line":37,"column":7},"end":{"line":37,"column":8}},"loc":{"start":{"line":37,"column":21},"end":{"line":50,"column":9}},"line":37},"5":{"name":"(anonymous_5)","decl":{"start":{"line":52,"column":38},"end":{"line":52,"column":39}},"loc":{"start":{"line":52,"column":48},"end":{"line":70,"column":5}},"line":52},"6":{"name":"(anonymous_6)","decl":{"start":{"line":62,"column":17},"end":{"line":62,"column":18}},"loc":{"start":{"line":62,"column":31},"end":{"line":68,"column":13}},"line":62},"7":{"name":"(anonymous_7)","decl":{"start":{"line":73,"column":40},"end":{"line":73,"column":41}},"loc":{"start":{"line":73,"column":46},"end":{"line":161,"column":1}},"line":73},"8":{"name":"(anonymous_8)","decl":{"start":{"line":75,"column":11},"end":{"line":75,"column":12}},"loc":{"start":{"line":75,"column":21},"end":{"line":80,"column":5}},"line":75},"9":{"name":"(anonymous_9)","decl":{"start":{"line":77,"column":14},"end":{"line":77,"column":15}},"loc":{"start":{"line":77,"column":20},"end":{"line":79,"column":9}},"line":77},"10":{"name":"(anonymous_10)","decl":{"start":{"line":82,"column":52},"end":{"line":82,"column":53}},"loc":{"start":{"line":82,"column":62},"end":{"line":97,"column":5}},"line":82},"11":{"name":"(anonymous_11)","decl":{"start":{"line":90,"column":13},"end":{"line":90,"column":14}},"loc":{"start":{"line":90,"column":27},"end":{"line":96,"column":9}},"line":90},"12":{"name":"(anonymous_12)","decl":{"start":{"line":99,"column":47},"end":{"line":99,"column":48}},"loc":{"start":{"line":99,"column":57},"end":{"line":115,"column":5}},"line":99},"13":{"name":"(anonymous_13)","decl":{"start":{"line":108,"column":13},"end":{"line":108,"column":14}},"loc":{"start":{"line":108,"column":27},"end":{"line":114,"column":9}},"line":108},"14":{"name":"(anonymous_14)","decl":{"start":{"line":118,"column":52},"end":{"line":118,"column":53}},"loc":{"start":{"line":118,"column":62},"end":{"line":140,"column":2}},"line":118},"15":{"name":"(anonymous_15)","decl":{"start":{"line":126,"column":7},"end":{"line":126,"column":8}},"loc":{"start":{"line":126,"column":21},"end":{"line":139,"column":3}},"line":126},"16":{"name":"(anonymous_16)","decl":{"start":{"line":142,"column":38},"end":{"line":142,"column":39}},"loc":{"start":{"line":142,"column":48},"end":{"line":160,"column":5}},"line":142},"17":{"name":"(anonymous_17)","decl":{"start":{"line":152,"column":17},"end":{"line":152,"column":18}},"loc":{"start":{"line":152,"column":31},"end":{"line":158,"column":13}},"line":152}},"branchMap":{"0":{"loc":{"start":{"line":38,"column":12},"end":{"line":47,"column":13}},"type":"if","locations":[{"start":{"line":38,"column":12},"end":{"line":47,"column":13}},{"start":{"line":38,"column":12},"end":{"line":47,"column":13}}],"line":38},"1":{"loc":{"start":{"line":48,"column":12},"end":{"line":48,"column":38}},"type":"if","locations":[{"start":{"line":48,"column":12},"end":{"line":48,"column":38}},{"start":{"line":48,"column":12},"end":{"line":48,"column":38}}],"line":48},"2":{"loc":{"start":{"line":53,"column":8},"end":{"line":69,"column":9}},"type":"if","locations":[{"start":{"line":53,"column":8},"end":{"line":69,"column":9}},{"start":{"line":53,"column":8},"end":{"line":69,"column":9}}],"line":53},"3":{"loc":{"start":{"line":66,"column":16},"end":{"line":66,"column":42}},"type":"if","locations":[{"start":{"line":66,"column":16},"end":{"line":66,"column":42}},{"start":{"line":66,"column":16},"end":{"line":66,"column":42}}],"line":66},"4":{"loc":{"start":{"line":94,"column":12},"end":{"line":94,"column":38}},"type":"if","locations":[{"start":{"line":94,"column":12},"end":{"line":94,"column":38}},{"start":{"line":94,"column":12},"end":{"line":94,"column":38}}],"line":94},"5":{"loc":{"start":{"line":112,"column":12},"end":{"line":112,"column":38}},"type":"if","locations":[{"start":{"line":112,"column":12},"end":{"line":112,"column":38}},{"start":{"line":112,"column":12},"end":{"line":112,"column":38}}],"line":112},"6":{"loc":{"start":{"line":127,"column":12},"end":{"line":136,"column":13}},"type":"if","locations":[{"start":{"line":127,"column":12},"end":{"line":136,"column":13}},{"start":{"line":127,"column":12},"end":{"line":136,"column":13}}],"line":127},"7":{"loc":{"start":{"line":137,"column":3},"end":{"line":137,"column":29}},"type":"if","locations":[{"start":{"line":137,"column":3},"end":{"line":137,"column":29}},{"start":{"line":137,"column":3},"end":{"line":137,"column":29}}],"line":137},"8":{"loc":{"start":{"line":143,"column":8},"end":{"line":159,"column":9}},"type":"if","locations":[{"start":{"line":143,"column":8},"end":{"line":159,"column":9}},{"start":{"line":143,"column":8},"end":{"line":159,"column":9}}],"line":143},"9":{"loc":{"start":{"line":156,"column":16},"end":{"line":156,"column":42}},"type":"if","locations":[{"start":{"line":156,"column":16},"end":{"line":156,"column":42}},{"start":{"line":156,"column":16},"end":{"line":156,"column":42}}],"line":156}},"s":{"0":1,"1":1,"2":1,"3":1,"4":1,"5":1,"6":1,"7":1,"8":1,"9":1,"10":1,"11":1,"12":1,"13":1,"14":1,"15":1,"16":1,"17":0,"18":0,"19":0,"20":1,"21":0,"22":1,"23":1,"24":1,"25":1,"26":1,"27":1,"28":1,"29":1,"30":0,"31":1,"32":1,"33":1,"34":1,"35":1,"36":1,"37":1,"38":1,"39":1,"40":1,"41":1,"42":0,"43":1,"44":1,"45":1,"46":1,"47":1,"48":1,"49":1,"50":0,"51":1,"52":1,"53":1,"54":1,"55":1,"56":1,"57":1,"58":1,"59":0,"60":0,"61":0,"62":1,"63":0,"64":1,"65":1,"66":1,"67":1,"68":1,"69":1,"70":1,"71":1,"72":0,"73":1},"f":{"0":1,"1":1,"2":1,"3":1,"4":1,"5":1,"6":1,"7":1,"8":1,"9":1,"10":1,"11":1,"12":1,"13":1,"14":1,"15":1,"16":1,"17":1},"b":{"0":[1,0],"1":[0,1],"2":[1,0],"3":[0,1],"4":[0,1],"5":[0,1],"6":[1,0],"7":[0,1],"8":[1,0],"9":[0,1]},"_coverageSchema":"332fd63041d2c1bcb487cc26dd0d5f7d97098a6c","hash":"cd1513878b2b20febf7167995b42bc28d522ad52","contentHash":"747479ad1d739303760ae96731582704_11.3.0"},"C:\\Users\\kingsley\\Desktop\\Events-Manager\\server\\controllers\\eventController.js":{"path":"C:\\Users\\kingsley\\Desktop\\Events-Manager\\server\\controllers\\eventController.js","statementMap":{"0":{"start":{"line":4,"column":32},"end":{"line":4,"column":38}},"1":{"start":{"line":5,"column":25},"end":{"line":5,"column":33}},"2":{"start":{"line":6,"column":16},"end":{"line":9,"column":8}},"3":{"start":{"line":23,"column":8},"end":{"line":38,"column":10}},"4":{"start":{"line":24,"column":47},"end":{"line":24,"column":55}},"5":{"start":{"line":25,"column":12},"end":{"line":25,"column":49}},"6":{"start":{"line":26,"column":12},"end":{"line":37,"column":15}},"7":{"start":{"line":30,"column":16},"end":{"line":33,"column":18}},"8":{"start":{"line":32,"column":20},"end":{"line":32,"column":57}},"9":{"start":{"line":36,"column":16},"end":{"line":36,"column":47}},"10":{"start":{"line":50,"column":8},"end":{"line":64,"column":9}},"11":{"start":{"line":51,"column":12},"end":{"line":63,"column":14}},"12":{"start":{"line":59,"column":16},"end":{"line":59,"column":58}},"13":{"start":{"line":62,"column":16},"end":{"line":62,"column":47}},"14":{"start":{"line":76,"column":8},"end":{"line":87,"column":9}},"15":{"start":{"line":77,"column":12},"end":{"line":86,"column":14}},"16":{"start":{"line":82,"column":16},"end":{"line":82,"column":60}},"17":{"start":{"line":85,"column":16},"end":{"line":85,"column":47}},"18":{"start":{"line":99,"column":8},"end":{"line":114,"column":9}},"19":{"start":{"line":100,"column":38},"end":{"line":100,"column":46}},"20":{"start":{"line":101,"column":12},"end":{"line":113,"column":14}},"21":{"start":{"line":109,"column":16},"end":{"line":109,"column":51}},"22":{"start":{"line":112,"column":16},"end":{"line":112,"column":47}},"23":{"start":{"line":125,"column":8},"end":{"line":138,"column":9}},"24":{"start":{"line":126,"column":12},"end":{"line":137,"column":14}},"25":{"start":{"line":133,"column":16},"end":{"line":133,"column":50}},"26":{"start":{"line":136,"column":16},"end":{"line":136,"column":47}}},"fnMap":{"0":{"name":"(anonymous_0)","decl":{"start":{"line":22,"column":4},"end":{"line":22,"column":5}},"loc":{"start":{"line":22,"column":25},"end":{"line":39,"column":5}},"line":22},"1":{"name":"(anonymous_1)","decl":{"start":{"line":23,"column":15},"end":{"line":23,"column":16}},"loc":{"start":{"line":23,"column":29},"end":{"line":38,"column":9}},"line":23},"2":{"name":"(anonymous_2)","decl":{"start":{"line":29,"column":18},"end":{"line":29,"column":19}},"loc":{"start":{"line":29,"column":30},"end":{"line":34,"column":13}},"line":29},"3":{"name":"(anonymous_3)","decl":{"start":{"line":31,"column":22},"end":{"line":31,"column":23}},"loc":{"start":{"line":31,"column":33},"end":{"line":33,"column":17}},"line":31},"4":{"name":"(anonymous_4)","decl":{"start":{"line":35,"column":19},"end":{"line":35,"column":20}},"loc":{"start":{"line":35,"column":28},"end":{"line":37,"column":13}},"line":35},"5":{"name":"(anonymous_5)","decl":{"start":{"line":49,"column":4},"end":{"line":49,"column":5}},"loc":{"start":{"line":49,"column":22},"end":{"line":65,"column":5}},"line":49},"6":{"name":"(anonymous_6)","decl":{"start":{"line":50,"column":15},"end":{"line":50,"column":16}},"loc":{"start":{"line":50,"column":29},"end":{"line":64,"column":9}},"line":50},"7":{"name":"(anonymous_7)","decl":{"start":{"line":58,"column":18},"end":{"line":58,"column":19}},"loc":{"start":{"line":58,"column":29},"end":{"line":60,"column":13}},"line":58},"8":{"name":"(anonymous_8)","decl":{"start":{"line":61,"column":19},"end":{"line":61,"column":20}},"loc":{"start":{"line":61,"column":28},"end":{"line":63,"column":13}},"line":61},"9":{"name":"(anonymous_9)","decl":{"start":{"line":75,"column":4},"end":{"line":75,"column":5}},"loc":{"start":{"line":75,"column":23},"end":{"line":88,"column":5}},"line":75},"10":{"name":"(anonymous_10)","decl":{"start":{"line":76,"column":15},"end":{"line":76,"column":16}},"loc":{"start":{"line":76,"column":29},"end":{"line":87,"column":9}},"line":76},"11":{"name":"(anonymous_11)","decl":{"start":{"line":81,"column":18},"end":{"line":81,"column":19}},"loc":{"start":{"line":81,"column":30},"end":{"line":83,"column":13}},"line":81},"12":{"name":"(anonymous_12)","decl":{"start":{"line":84,"column":19},"end":{"line":84,"column":20}},"loc":{"start":{"line":84,"column":28},"end":{"line":86,"column":13}},"line":84},"13":{"name":"(anonymous_13)","decl":{"start":{"line":98,"column":4},"end":{"line":98,"column":5}},"loc":{"start":{"line":98,"column":25},"end":{"line":115,"column":5}},"line":98},"14":{"name":"(anonymous_14)","decl":{"start":{"line":99,"column":15},"end":{"line":99,"column":16}},"loc":{"start":{"line":99,"column":29},"end":{"line":114,"column":9}},"line":99},"15":{"name":"(anonymous_15)","decl":{"start":{"line":108,"column":18},"end":{"line":108,"column":19}},"loc":{"start":{"line":108,"column":31},"end":{"line":110,"column":13}},"line":108},"16":{"name":"(anonymous_16)","decl":{"start":{"line":111,"column":19},"end":{"line":111,"column":20}},"loc":{"start":{"line":111,"column":28},"end":{"line":113,"column":13}},"line":111},"17":{"name":"(anonymous_17)","decl":{"start":{"line":124,"column":4},"end":{"line":124,"column":5}},"loc":{"start":{"line":124,"column":25},"end":{"line":139,"column":5}},"line":124},"18":{"name":"(anonymous_18)","decl":{"start":{"line":125,"column":15},"end":{"line":125,"column":16}},"loc":{"start":{"line":125,"column":29},"end":{"line":138,"column":9}},"line":125},"19":{"name":"(anonymous_19)","decl":{"start":{"line":132,"column":18},"end":{"line":132,"column":19}},"loc":{"start":{"line":132,"column":30},"end":{"line":134,"column":13}},"line":132},"20":{"name":"(anonymous_20)","decl":{"start":{"line":135,"column":19},"end":{"line":135,"column":20}},"loc":{"start":{"line":135,"column":28},"end":{"line":137,"column":13}},"line":135}},"branchMap":{},"s":{"0":1,"1":1,"2":1,"3":1,"4":0,"5":0,"6":0,"7":0,"8":0,"9":0,"10":1,"11":0,"12":0,"13":0,"14":1,"15":0,"16":0,"17":0,"18":1,"19":0,"20":0,"21":0,"22":0,"23":1,"24":0,"25":0,"26":0},"f":{"0":1,"1":0,"2":0,"3":0,"4":0,"5":1,"6":0,"7":0,"8":0,"9":1,"10":0,"11":0,"12":0,"13":1,"14":0,"15":0,"16":0,"17":1,"18":0,"19":0,"20":0},"b":{},"_coverageSchema":"332fd63041d2c1bcb487cc26dd0d5f7d97098a6c","hash":"b85be8fd049524f031ca5dafd76796bdf86788a7","contentHash":"0dd7af274dd353ec827e1dee8b91bac1_11.3.0"},"C:\\Users\\kingsley\\Desktop\\Events-Manager\\server\\models\\index.js":{"path":"C:\\Users\\kingsley\\Desktop\\Events-Manager\\server\\models\\index.js","statementMap":{"0":{"start":{"line":7,"column":0},"end":{"line":7,"column":16}},"1":{"start":{"line":9,"column":18},"end":{"line":9,"column":48}},"2":{"start":{"line":10,"column":18},"end":{"line":10,"column":55}},"3":{"start":{"line":11,"column":16},"end":{"line":11,"column":37}},"4":{"start":{"line":12,"column":18},"end":{"line":12,"column":20}},"5":{"start":{"line":15,"column":0},"end":{"line":19,"column":1}},"6":{"start":{"line":16,"column":2},"end":{"line":16,"column":66}},"7":{"start":{"line":18,"column":2},"end":{"line":18,"column":87}},"8":{"start":{"line":21,"column":0},"end":{"line":29,"column":5}},"9":{"start":{"line":24,"column":4},"end":{"line":24,"column":90}},"10":{"start":{"line":27,"column":18},"end":{"line":27,"column":65}},"11":{"start":{"line":28,"column":4},"end":{"line":28,"column":27}},"12":{"start":{"line":31,"column":0},"end":{"line":35,"column":3}},"13":{"start":{"line":32,"column":2},"end":{"line":34,"column":3}},"14":{"start":{"line":33,"column":4},"end":{"line":33,"column":32}},"15":{"start":{"line":37,"column":0},"end":{"line":37,"column":25}},"16":{"start":{"line":38,"column":0},"end":{"line":38,"column":25}},"17":{"start":{"line":40,"column":0},"end":{"line":40,"column":20}}},"fnMap":{"0":{"name":"(anonymous_0)","decl":{"start":{"line":23,"column":10},"end":{"line":23,"column":11}},"loc":{"start":{"line":23,"column":20},"end":{"line":25,"column":3}},"line":23},"1":{"name":"(anonymous_1)","decl":{"start":{"line":26,"column":11},"end":{"line":26,"column":12}},"loc":{"start":{"line":26,"column":21},"end":{"line":29,"column":3}},"line":26},"2":{"name":"(anonymous_2)","decl":{"start":{"line":31,"column":24},"end":{"line":31,"column":25}},"loc":{"start":{"line":31,"column":39},"end":{"line":35,"column":1}},"line":31}},"branchMap":{"0":{"loc":{"start":{"line":10,"column":18},"end":{"line":10,"column":55}},"type":"binary-expr","locations":[{"start":{"line":10,"column":18},"end":{"line":10,"column":38}},{"start":{"line":10,"column":42},"end":{"line":10,"column":55}}],"line":10},"1":{"loc":{"start":{"line":15,"column":0},"end":{"line":19,"column":1}},"type":"if","locations":[{"start":{"line":15,"column":0},"end":{"line":19,"column":1}},{"start":{"line":15,"column":0},"end":{"line":19,"column":1}}],"line":15},"2":{"loc":{"start":{"line":24,"column":11},"end":{"line":24,"column":89}},"type":"binary-expr","locations":[{"start":{"line":24,"column":12},"end":{"line":24,"column":35}},{"start":{"line":24,"column":41},"end":{"line":24,"column":58}},{"start":{"line":24,"column":64},"end":{"line":24,"column":88}}],"line":24},"3":{"loc":{"start":{"line":32,"column":2},"end":{"line":34,"column":3}},"type":"if","locations":[{"start":{"line":32,"column":2},"end":{"line":34,"column":3}},{"start":{"line":32,"column":2},"end":{"line":34,"column":3}}],"line":32}},"s":{"0":1,"1":1,"2":1,"3":1,"4":1,"5":1,"6":0,"7":1,"8":1,"9":4,"10":3,"11":3,"12":1,"13":3,"14":3,"15":1,"16":1,"17":1},"f":{"0":4,"1":3,"2":3},"b":{"0":[1,0],"1":[0,1],"2":[4,4,3],"3":[3,0]},"_coverageSchema":"332fd63041d2c1bcb487cc26dd0d5f7d97098a6c","hash":"c49e713e172f702931081afe54d9e5598450adf6","contentHash":"9aae7ddf363cfc74ec8d1826972d3293_11.3.0"},"C:\\Users\\kingsley\\Desktop\\Events-Manager\\server\\config\\config.js":{"path":"C:\\Users\\kingsley\\Desktop\\Events-Manager\\server\\config\\config.js","statementMap":{"0":{"start":{"line":1,"column":0},"end":{"line":1,"column":25}},"1":{"start":{"line":19,"column":4},"end":{"line":19,"column":15}},"2":{"start":{"line":21,"column":0},"end":{"line":40,"column":1}}},"fnMap":{},"branchMap":{},"s":{"0":1,"1":1,"2":1},"f":{},"b":{},"_coverageSchema":"332fd63041d2c1bcb487cc26dd0d5f7d97098a6c","hash":"dbe50f90672b280e0ffb2a58f0a22e5816e21860","contentHash":"01063c17b0c9fc198914978a8bc27cec_11.3.0"},"C:\\Users\\kingsley\\Desktop\\Events-Manager\\server\\models\\center.js":{"path":"C:\\Users\\kingsley\\Desktop\\Events-Manager\\server\\models\\center.js","statementMap":{"0":{"start":{"line":2,"column":14},"end":{"line":2,"column":25}},"1":{"start":{"line":5,"column":19},"end":{"line":129,"column":6}},"2":{"start":{"line":21,"column":20},"end":{"line":24,"column":21}},"3":{"start":{"line":22,"column":24},"end":{"line":22,"column":114}},"4":{"start":{"line":23,"column":24},"end":{"line":23,"column":36}},"5":{"start":{"line":51,"column":20},"end":{"line":54,"column":21}},"6":{"start":{"line":52,"column":24},"end":{"line":52,"column":83}},"7":{"start":{"line":53,"column":24},"end":{"line":53,"column":36}},"8":{"start":{"line":67,"column":20},"end":{"line":70,"column":21}},"9":{"start":{"line":68,"column":24},"end":{"line":68,"column":76}},"10":{"start":{"line":69,"column":24},"end":{"line":69,"column":36}},"11":{"start":{"line":83,"column":20},"end":{"line":86,"column":21}},"12":{"start":{"line":84,"column":24},"end":{"line":84,"column":88}},"13":{"start":{"line":85,"column":24},"end":{"line":85,"column":36}},"14":{"start":{"line":99,"column":20},"end":{"line":102,"column":21}},"15":{"start":{"line":100,"column":24},"end":{"line":100,"column":76}},"16":{"start":{"line":101,"column":24},"end":{"line":101,"column":36}},"17":{"start":{"line":112,"column":20},"end":{"line":115,"column":21}},"18":{"start":{"line":113,"column":24},"end":{"line":113,"column":87}},"19":{"start":{"line":114,"column":24},"end":{"line":114,"column":36}},"20":{"start":{"line":131,"column":4},"end":{"line":148,"column":6}},"21":{"start":{"line":132,"column":8},"end":{"line":139,"column":11}},"22":{"start":{"line":140,"column":8},"end":{"line":147,"column":11}},"23":{"start":{"line":149,"column":4},"end":{"line":149,"column":18}}},"fnMap":{"0":{"name":"(anonymous_0)","decl":{"start":{"line":4,"column":15},"end":{"line":4,"column":16}},"loc":{"start":{"line":4,"column":41},"end":{"line":150,"column":1}},"line":4},"1":{"name":"(anonymous_1)","decl":{"start":{"line":20,"column":35},"end":{"line":20,"column":36}},"loc":{"start":{"line":20,"column":46},"end":{"line":25,"column":17}},"line":20},"2":{"name":"(anonymous_2)","decl":{"start":{"line":50,"column":30},"end":{"line":50,"column":31}},"loc":{"start":{"line":50,"column":41},"end":{"line":55,"column":17}},"line":50},"3":{"name":"(anonymous_3)","decl":{"start":{"line":66,"column":33},"end":{"line":66,"column":34}},"loc":{"start":{"line":66,"column":44},"end":{"line":71,"column":17}},"line":66},"4":{"name":"(anonymous_4)","decl":{"start":{"line":82,"column":32},"end":{"line":82,"column":33}},"loc":{"start":{"line":82,"column":43},"end":{"line":87,"column":17}},"line":82},"5":{"name":"(anonymous_5)","decl":{"start":{"line":98,"column":36},"end":{"line":98,"column":37}},"loc":{"start":{"line":98,"column":47},"end":{"line":103,"column":17}},"line":98},"6":{"name":"(anonymous_6)","decl":{"start":{"line":111,"column":24},"end":{"line":111,"column":25}},"loc":{"start":{"line":111,"column":35},"end":{"line":116,"column":17}},"line":111},"7":{"name":"(anonymous_7)","decl":{"start":{"line":131,"column":23},"end":{"line":131,"column":24}},"loc":{"start":{"line":131,"column":35},"end":{"line":148,"column":5}},"line":131}},"branchMap":{"0":{"loc":{"start":{"line":21,"column":20},"end":{"line":24,"column":21}},"type":"if","locations":[{"start":{"line":21,"column":20},"end":{"line":24,"column":21}},{"start":{"line":21,"column":20},"end":{"line":24,"column":21}}],"line":21},"1":{"loc":{"start":{"line":51,"column":20},"end":{"line":54,"column":21}},"type":"if","locations":[{"start":{"line":51,"column":20},"end":{"line":54,"column":21}},{"start":{"line":51,"column":20},"end":{"line":54,"column":21}}],"line":51},"2":{"loc":{"start":{"line":67,"column":20},"end":{"line":70,"column":21}},"type":"if","locations":[{"start":{"line":67,"column":20},"end":{"line":70,"column":21}},{"start":{"line":67,"column":20},"end":{"line":70,"column":21}}],"line":67},"3":{"loc":{"start":{"line":83,"column":20},"end":{"line":86,"column":21}},"type":"if","locations":[{"start":{"line":83,"column":20},"end":{"line":86,"column":21}},{"start":{"line":83,"column":20},"end":{"line":86,"column":21}}],"line":83},"4":{"loc":{"start":{"line":99,"column":20},"end":{"line":102,"column":21}},"type":"if","locations":[{"start":{"line":99,"column":20},"end":{"line":102,"column":21}},{"start":{"line":99,"column":20},"end":{"line":102,"column":21}}],"line":99},"5":{"loc":{"start":{"line":112,"column":20},"end":{"line":115,"column":21}},"type":"if","locations":[{"start":{"line":112,"column":20},"end":{"line":115,"column":21}},{"start":{"line":112,"column":20},"end":{"line":115,"column":21}}],"line":112}},"s":{"0":1,"1":1,"2":1,"3":0,"4":0,"5":1,"6":0,"7":0,"8":1,"9":0,"10":0,"11":1,"12":0,"13":0,"14":1,"15":0,"16":0,"17":1,"18":0,"19":0,"20":1,"21":1,"22":1,"23":1},"f":{"0":1,"1":1,"2":1,"3":1,"4":1,"5":1,"6":1,"7":1},"b":{"0":[0,1],"1":[0,1],"2":[0,1],"3":[0,1],"4":[0,1],"5":[0,1]},"_coverageSchema":"332fd63041d2c1bcb487cc26dd0d5f7d97098a6c","hash":"a1592d101f70c8e214ed83362d65f640bf024c93","contentHash":"76a8d0d9af850bc592656a2c69aacfa8_11.3.0"},"C:\\Users\\kingsley\\Desktop\\Events-Manager\\server\\services\\validationService.js":{"path":"C:\\Users\\kingsley\\Desktop\\Events-Manager\\server\\services\\validationService.js","statementMap":{"0":{"start":{"line":3,"column":21},"end":{"line":3,"column":79}},"1":{"start":{"line":19,"column":2},"end":{"line":36,"column":3}},"2":{"start":{"line":20,"column":16},"end":{"line":20,"column":26}},"3":{"start":{"line":22,"column":3},"end":{"line":27,"column":4}},"4":{"start":{"line":23,"column":4},"end":{"line":26,"column":5}},"5":{"start":{"line":24,"column":5},"end":{"line":24,"column":25}},"6":{"start":{"line":25,"column":5},"end":{"line":25,"column":11}},"7":{"start":{"line":29,"column":3},"end":{"line":35,"column":22}},"8":{"start":{"line":30,"column":18},"end":{"line":30,"column":29}},"9":{"start":{"line":31,"column":4},"end":{"line":31,"column":21}},"10":{"start":{"line":32,"column":4},"end":{"line":32,"column":67}},"11":{"start":{"line":33,"column":7},"end":{"line":33,"column":46}},"12":{"start":{"line":35,"column":8},"end":{"line":35,"column":22}},"13":{"start":{"line":47,"column":2},"end":{"line":49,"column":71}},"14":{"start":{"line":48,"column":3},"end":{"line":48,"column":21}},"15":{"start":{"line":49,"column":7},"end":{"line":49,"column":71}},"16":{"start":{"line":60,"column":2},"end":{"line":62,"column":66}},"17":{"start":{"line":61,"column":3},"end":{"line":61,"column":21}},"18":{"start":{"line":62,"column":7},"end":{"line":62,"column":66}},"19":{"start":{"line":74,"column":2},"end":{"line":79,"column":3}},"20":{"start":{"line":75,"column":3},"end":{"line":75,"column":21}},"21":{"start":{"line":77,"column":18},"end":{"line":77,"column":74}},"22":{"start":{"line":78,"column":3},"end":{"line":78,"column":51}},"23":{"start":{"line":91,"column":2},"end":{"line":97,"column":3}},"24":{"start":{"line":92,"column":3},"end":{"line":92,"column":21}},"25":{"start":{"line":94,"column":3},"end":{"line":94,"column":34}},"26":{"start":{"line":95,"column":15},"end":{"line":95,"column":122}},"27":{"start":{"line":96,"column":3},"end":{"line":96,"column":53}},"28":{"start":{"line":108,"column":2},"end":{"line":113,"column":3}},"29":{"start":{"line":109,"column":3},"end":{"line":109,"column":21}},"30":{"start":{"line":111,"column":17},"end":{"line":111,"column":82}},"31":{"start":{"line":112,"column":6},"end":{"line":112,"column":56}},"32":{"start":{"line":124,"column":2},"end":{"line":129,"column":4}},"33":{"start":{"line":125,"column":3},"end":{"line":125,"column":21}},"34":{"start":{"line":127,"column":16},"end":{"line":127,"column":62}},"35":{"start":{"line":128,"column":4},"end":{"line":128,"column":54}},"36":{"start":{"line":140,"column":2},"end":{"line":145,"column":3}},"37":{"start":{"line":141,"column":3},"end":{"line":141,"column":20}},"38":{"start":{"line":143,"column":3},"end":{"line":143,"column":53}},"39":{"start":{"line":144,"column":4},"end":{"line":144,"column":47}},"40":{"start":{"line":156,"column":2},"end":{"line":158,"column":75}},"41":{"start":{"line":157,"column":3},"end":{"line":157,"column":20}},"42":{"start":{"line":158,"column":10},"end":{"line":158,"column":75}},"43":{"start":{"line":169,"column":2},"end":{"line":173,"column":76}},"44":{"start":{"line":170,"column":3},"end":{"line":170,"column":21}},"45":{"start":{"line":171,"column":7},"end":{"line":173,"column":76}},"46":{"start":{"line":172,"column":5},"end":{"line":172,"column":17}},"47":{"start":{"line":173,"column":7},"end":{"line":173,"column":76}},"48":{"start":{"line":184,"column":2},"end":{"line":189,"column":54}},"49":{"start":{"line":185,"column":3},"end":{"line":185,"column":21}},"50":{"start":{"line":186,"column":7},"end":{"line":189,"column":54}},"51":{"start":{"line":187,"column":3},"end":{"line":187,"column":15}},"52":{"start":{"line":189,"column":3},"end":{"line":189,"column":54}},"53":{"start":{"line":201,"column":2},"end":{"line":203,"column":69}},"54":{"start":{"line":202,"column":3},"end":{"line":202,"column":21}},"55":{"start":{"line":203,"column":7},"end":{"line":203,"column":69}},"56":{"start":{"line":214,"column":2},"end":{"line":216,"column":60}},"57":{"start":{"line":215,"column":3},"end":{"line":215,"column":21}},"58":{"start":{"line":216,"column":9},"end":{"line":216,"column":60}},"59":{"start":{"line":228,"column":2},"end":{"line":233,"column":3}},"60":{"start":{"line":229,"column":3},"end":{"line":229,"column":21}},"61":{"start":{"line":231,"column":16},"end":{"line":231,"column":37}},"62":{"start":{"line":232,"column":5},"end":{"line":232,"column":55}}},"fnMap":{"0":{"name":"(anonymous_0)","decl":{"start":{"line":18,"column":1},"end":{"line":18,"column":2}},"loc":{"start":{"line":18,"column":28},"end":{"line":37,"column":2}},"line":18},"1":{"name":"(anonymous_1)","decl":{"start":{"line":19,"column":9},"end":{"line":19,"column":10}},"loc":{"start":{"line":19,"column":29},"end":{"line":36,"column":3}},"line":19},"2":{"name":"(anonymous_2)","decl":{"start":{"line":46,"column":1},"end":{"line":46,"column":2}},"loc":{"start":{"line":46,"column":21},"end":{"line":50,"column":2}},"line":46},"3":{"name":"(anonymous_3)","decl":{"start":{"line":59,"column":1},"end":{"line":59,"column":2}},"loc":{"start":{"line":59,"column":25},"end":{"line":63,"column":2}},"line":59},"4":{"name":"(anonymous_4)","decl":{"start":{"line":73,"column":1},"end":{"line":73,"column":2}},"loc":{"start":{"line":73,"column":32},"end":{"line":80,"column":2}},"line":73},"5":{"name":"(anonymous_5)","decl":{"start":{"line":89,"column":1},"end":{"line":89,"column":2}},"loc":{"start":{"line":90,"column":1},"end":{"line":98,"column":2}},"line":90},"6":{"name":"(anonymous_6)","decl":{"start":{"line":107,"column":1},"end":{"line":107,"column":2}},"loc":{"start":{"line":107,"column":28},"end":{"line":114,"column":2}},"line":107},"7":{"name":"(anonymous_7)","decl":{"start":{"line":123,"column":1},"end":{"line":123,"column":2}},"loc":{"start":{"line":123,"column":29},"end":{"line":130,"column":2}},"line":123},"8":{"name":"(anonymous_8)","decl":{"start":{"line":139,"column":1},"end":{"line":139,"column":2}},"loc":{"start":{"line":139,"column":29},"end":{"line":146,"column":2}},"line":139},"9":{"name":"(anonymous_9)","decl":{"start":{"line":155,"column":1},"end":{"line":155,"column":2}},"loc":{"start":{"line":155,"column":23},"end":{"line":159,"column":2}},"line":155},"10":{"name":"(anonymous_10)","decl":{"start":{"line":168,"column":1},"end":{"line":168,"column":2}},"loc":{"start":{"line":168,"column":21},"end":{"line":174,"column":4}},"line":168},"11":{"name":"(anonymous_11)","decl":{"start":{"line":183,"column":1},"end":{"line":183,"column":2}},"loc":{"start":{"line":183,"column":25},"end":{"line":191,"column":2}},"line":183},"12":{"name":"(anonymous_12)","decl":{"start":{"line":200,"column":1},"end":{"line":200,"column":2}},"loc":{"start":{"line":200,"column":26},"end":{"line":204,"column":2}},"line":200},"13":{"name":"(anonymous_13)","decl":{"start":{"line":213,"column":1},"end":{"line":213,"column":2}},"loc":{"start":{"line":213,"column":22},"end":{"line":217,"column":2}},"line":213},"14":{"name":"(anonymous_14)","decl":{"start":{"line":227,"column":1},"end":{"line":227,"column":2}},"loc":{"start":{"line":227,"column":25},"end":{"line":234,"column":2}},"line":227}},"branchMap":{"0":{"loc":{"start":{"line":23,"column":4},"end":{"line":26,"column":5}},"type":"if","locations":[{"start":{"line":23,"column":4},"end":{"line":26,"column":5}},{"start":{"line":23,"column":4},"end":{"line":26,"column":5}}],"line":23},"1":{"loc":{"start":{"line":23,"column":7},"end":{"line":23,"column":54}},"type":"binary-expr","locations":[{"start":{"line":23,"column":7},"end":{"line":23,"column":22}},{"start":{"line":23,"column":26},"end":{"line":23,"column":54}}],"line":23},"2":{"loc":{"start":{"line":29,"column":3},"end":{"line":35,"column":22}},"type":"if","locations":[{"start":{"line":29,"column":3},"end":{"line":35,"column":22}},{"start":{"line":29,"column":3},"end":{"line":35,"column":22}}],"line":29},"3":{"loc":{"start":{"line":47,"column":2},"end":{"line":49,"column":71}},"type":"if","locations":[{"start":{"line":47,"column":2},"end":{"line":49,"column":71}},{"start":{"line":47,"column":2},"end":{"line":49,"column":71}}],"line":47},"4":{"loc":{"start":{"line":49,"column":14},"end":{"line":49,"column":70}},"type":"cond-expr","locations":[{"start":{"line":49,"column":58},"end":{"line":49,"column":62}},{"start":{"line":49,"column":65},"end":{"line":49,"column":70}}],"line":49},"5":{"loc":{"start":{"line":49,"column":15},"end":{"line":49,"column":54}},"type":"binary-expr","locations":[{"start":{"line":49,"column":15},"end":{"line":49,"column":34}},{"start":{"line":49,"column":38},"end":{"line":49,"column":54}}],"line":49},"6":{"loc":{"start":{"line":60,"column":2},"end":{"line":62,"column":66}},"type":"if","locations":[{"start":{"line":60,"column":2},"end":{"line":62,"column":66}},{"start":{"line":60,"column":2},"end":{"line":62,"column":66}}],"line":60},"7":{"loc":{"start":{"line":62,"column":14},"end":{"line":62,"column":65}},"type":"cond-expr","locations":[{"start":{"line":62,"column":53},"end":{"line":62,"column":57}},{"start":{"line":62,"column":60},"end":{"line":62,"column":65}}],"line":62},"8":{"loc":{"start":{"line":74,"column":2},"end":{"line":79,"column":3}},"type":"if","locations":[{"start":{"line":74,"column":2},"end":{"line":79,"column":3}},{"start":{"line":74,"column":2},"end":{"line":79,"column":3}}],"line":74},"9":{"loc":{"start":{"line":78,"column":10},"end":{"line":78,"column":50}},"type":"cond-expr","locations":[{"start":{"line":78,"column":38},"end":{"line":78,"column":42}},{"start":{"line":78,"column":45},"end":{"line":78,"column":50}}],"line":78},"10":{"loc":{"start":{"line":91,"column":2},"end":{"line":97,"column":3}},"type":"if","locations":[{"start":{"line":91,"column":2},"end":{"line":97,"column":3}},{"start":{"line":91,"column":2},"end":{"line":97,"column":3}}],"line":91},"11":{"loc":{"start":{"line":94,"column":9},"end":{"line":94,"column":33}},"type":"cond-expr","locations":[{"start":{"line":94,"column":24},"end":{"line":94,"column":27}},{"start":{"line":94,"column":30},"end":{"line":94,"column":33}}],"line":94},"12":{"loc":{"start":{"line":96,"column":10},"end":{"line":96,"column":52}},"type":"cond-expr","locations":[{"start":{"line":96,"column":40},"end":{"line":96,"column":44}},{"start":{"line":96,"column":47},"end":{"line":96,"column":52}}],"line":96},"13":{"loc":{"start":{"line":108,"column":2},"end":{"line":113,"column":3}},"type":"if","locations":[{"start":{"line":108,"column":2},"end":{"line":113,"column":3}},{"start":{"line":108,"column":2},"end":{"line":113,"column":3}}],"line":108},"14":{"loc":{"start":{"line":112,"column":13},"end":{"line":112,"column":55}},"type":"cond-expr","locations":[{"start":{"line":112,"column":43},"end":{"line":112,"column":47}},{"start":{"line":112,"column":50},"end":{"line":112,"column":55}}],"line":112},"15":{"loc":{"start":{"line":124,"column":2},"end":{"line":129,"column":4}},"type":"if","locations":[{"start":{"line":124,"column":2},"end":{"line":129,"column":4}},{"start":{"line":124,"column":2},"end":{"line":129,"column":4}}],"line":124},"16":{"loc":{"start":{"line":128,"column":11},"end":{"line":128,"column":53}},"type":"cond-expr","locations":[{"start":{"line":128,"column":41},"end":{"line":128,"column":45}},{"start":{"line":128,"column":48},"end":{"line":128,"column":53}}],"line":128},"17":{"loc":{"start":{"line":140,"column":2},"end":{"line":145,"column":3}},"type":"if","locations":[{"start":{"line":140,"column":2},"end":{"line":145,"column":3}},{"start":{"line":140,"column":2},"end":{"line":145,"column":3}}],"line":140},"18":{"loc":{"start":{"line":144,"column":11},"end":{"line":144,"column":46}},"type":"cond-expr","locations":[{"start":{"line":144,"column":34},"end":{"line":144,"column":38}},{"start":{"line":144,"column":41},"end":{"line":144,"column":46}}],"line":144},"19":{"loc":{"start":{"line":156,"column":2},"end":{"line":158,"column":75}},"type":"if","locations":[{"start":{"line":156,"column":2},"end":{"line":158,"column":75}},{"start":{"line":156,"column":2},"end":{"line":158,"column":75}}],"line":156},"20":{"loc":{"start":{"line":158,"column":17},"end":{"line":158,"column":74}},"type":"cond-expr","locations":[{"start":{"line":158,"column":62},"end":{"line":158,"column":66}},{"start":{"line":158,"column":69},"end":{"line":158,"column":74}}],"line":158},"21":{"loc":{"start":{"line":158,"column":18},"end":{"line":158,"column":58}},"type":"binary-expr","locations":[{"start":{"line":158,"column":18},"end":{"line":158,"column":37}},{"start":{"line":158,"column":41},"end":{"line":158,"column":58}}],"line":158},"22":{"loc":{"start":{"line":169,"column":2},"end":{"line":173,"column":76}},"type":"if","locations":[{"start":{"line":169,"column":2},"end":{"line":173,"column":76}},{"start":{"line":169,"column":2},"end":{"line":173,"column":76}}],"line":169},"23":{"loc":{"start":{"line":171,"column":7},"end":{"line":173,"column":76}},"type":"if","locations":[{"start":{"line":171,"column":7},"end":{"line":173,"column":76}},{"start":{"line":171,"column":7},"end":{"line":173,"column":76}}],"line":171},"24":{"loc":{"start":{"line":173,"column":14},"end":{"line":173,"column":75}},"type":"cond-expr","locations":[{"start":{"line":173,"column":63},"end":{"line":173,"column":67}},{"start":{"line":173,"column":70},"end":{"line":173,"column":75}}],"line":173},"25":{"loc":{"start":{"line":184,"column":2},"end":{"line":189,"column":54}},"type":"if","locations":[{"start":{"line":184,"column":2},"end":{"line":189,"column":54}},{"start":{"line":184,"column":2},"end":{"line":189,"column":54}}],"line":184},"26":{"loc":{"start":{"line":186,"column":7},"end":{"line":189,"column":54}},"type":"if","locations":[{"start":{"line":186,"column":7},"end":{"line":189,"column":54}},{"start":{"line":186,"column":7},"end":{"line":189,"column":54}}],"line":186},"27":{"loc":{"start":{"line":186,"column":10},"end":{"line":186,"column":97}},"type":"binary-expr","locations":[{"start":{"line":186,"column":10},"end":{"line":186,"column":51}},{"start":{"line":186,"column":55},"end":{"line":186,"column":97}}],"line":186},"28":{"loc":{"start":{"line":201,"column":2},"end":{"line":203,"column":69}},"type":"if","locations":[{"start":{"line":201,"column":2},"end":{"line":203,"column":69}},{"start":{"line":201,"column":2},"end":{"line":203,"column":69}}],"line":201},"29":{"loc":{"start":{"line":203,"column":14},"end":{"line":203,"column":68}},"type":"cond-expr","locations":[{"start":{"line":203,"column":56},"end":{"line":203,"column":60}},{"start":{"line":203,"column":63},"end":{"line":203,"column":68}}],"line":203},"30":{"loc":{"start":{"line":214,"column":2},"end":{"line":216,"column":60}},"type":"if","locations":[{"start":{"line":214,"column":2},"end":{"line":216,"column":60}},{"start":{"line":214,"column":2},"end":{"line":216,"column":60}}],"line":214},"31":{"loc":{"start":{"line":216,"column":16},"end":{"line":216,"column":59}},"type":"cond-expr","locations":[{"start":{"line":216,"column":47},"end":{"line":216,"column":51}},{"start":{"line":216,"column":54},"end":{"line":216,"column":59}}],"line":216},"32":{"loc":{"start":{"line":228,"column":2},"end":{"line":233,"column":3}},"type":"if","locations":[{"start":{"line":228,"column":2},"end":{"line":233,"column":3}},{"start":{"line":228,"column":2},"end":{"line":233,"column":3}}],"line":228},"33":{"loc":{"start":{"line":232,"column":12},"end":{"line":232,"column":54}},"type":"cond-expr","locations":[{"start":{"line":232,"column":42},"end":{"line":232,"column":46}},{"start":{"line":232,"column":49},"end":{"line":232,"column":54}}],"line":232}},"s":{"0":1,"1":3,"2":1,"3":1,"4":1,"5":1,"6":1,"7":1,"8":1,"9":1,"10":1,"11":1,"12":0,"13":10,"14":1,"15":9,"16":12,"17":1,"18":11,"19":5,"20":1,"21":4,"22":4,"23":8,"24":1,"25":7,"26":7,"27":7,"28":8,"29":1,"30":7,"31":7,"32":8,"33":1,"34":7,"35":7,"36":1,"37":0,"38":1,"39":1,"40":7,"41":1,"42":6,"43":11,"44":1,"45":10,"46":3,"47":7,"48":1,"49":0,"50":1,"51":1,"52":0,"53":8,"54":1,"55":7,"56":8,"57":1,"58":7,"59":7,"60":1,"61":6,"62":6},"f":{"0":3,"1":1,"2":10,"3":12,"4":5,"5":8,"6":8,"7":8,"8":1,"9":7,"10":11,"11":1,"12":8,"13":8,"14":7},"b":{"0":[1,0],"1":[1,1],"2":[1,0],"3":[1,9],"4":[1,8],"5":[9,8],"6":[1,11],"7":[3,8],"8":[1,4],"9":[1,3],"10":[1,7],"11":[0,7],"12":[2,5],"13":[1,7],"14":[1,6],"15":[1,7],"16":[3,4],"17":[0,1],"18":[1,0],"19":[1,6],"20":[3,3],"21":[6,4],"22":[1,10],"23":[3,7],"24":[4,3],"25":[0,1],"26":[1,0],"27":[1,0],"28":[1,7],"29":[2,5],"30":[1,7],"31":[5,2],"32":[1,6],"33":[3,3]},"_coverageSchema":"332fd63041d2c1bcb487cc26dd0d5f7d97098a6c","hash":"3ade645c307330f52d4bb1a094ab119ecc2031cd","contentHash":"b50f1a3c3eb239e772822b2f0352e445_11.3.0"},"C:\\Users\\kingsley\\Desktop\\Events-Manager\\server\\services\\utilityService.js":{"path":"C:\\Users\\kingsley\\Desktop\\Events-Manager\\server\\services\\utilityService.js","statementMap":{"0":{"start":{"line":25,"column":16},"end":{"line":25,"column":20}},"1":{"start":{"line":26,"column":18},"end":{"line":27,"column":34}},"2":{"start":{"line":28,"column":18},"end":{"line":29,"column":30}},"3":{"start":{"line":30,"column":2},"end":{"line":69,"column":25}},"4":{"start":{"line":31,"column":3},"end":{"line":31,"column":13}},"5":{"start":{"line":32,"column":3},"end":{"line":52,"column":4}},"6":{"start":{"line":33,"column":4},"end":{"line":51,"column":5}},"7":{"start":{"line":34,"column":5},"end":{"line":50,"column":38}},"8":{"start":{"line":35,"column":6},"end":{"line":48,"column":7}},"9":{"start":{"line":36,"column":21},"end":{"line":36,"column":47}},"10":{"start":{"line":37,"column":7},"end":{"line":42,"column":20}},"11":{"start":{"line":38,"column":8},"end":{"line":38,"column":36}},"12":{"start":{"line":39,"column":8},"end":{"line":41,"column":56}},"13":{"start":{"line":44,"column":19},"end":{"line":44,"column":52}},"14":{"start":{"line":45,"column":7},"end":{"line":47,"column":56}},"15":{"start":{"line":50,"column":10},"end":{"line":50,"column":38}},"16":{"start":{"line":53,"column":9},"end":{"line":69,"column":25}},"17":{"start":{"line":54,"column":3},"end":{"line":67,"column":4}},"18":{"start":{"line":55,"column":18},"end":{"line":55,"column":39}},"19":{"start":{"line":56,"column":4},"end":{"line":61,"column":17}},"20":{"start":{"line":57,"column":5},"end":{"line":57,"column":33}},"21":{"start":{"line":58,"column":5},"end":{"line":60,"column":76}},"22":{"start":{"line":63,"column":16},"end":{"line":63,"column":44}},"23":{"start":{"line":64,"column":4},"end":{"line":66,"column":52}},"24":{"start":{"line":69,"column":7},"end":{"line":69,"column":25}},"25":{"start":{"line":70,"column":2},"end":{"line":70,"column":14}},"26":{"start":{"line":82,"column":20},"end":{"line":82,"column":22}},"27":{"start":{"line":83,"column":5},"end":{"line":86,"column":6}},"28":{"start":{"line":84,"column":9},"end":{"line":85,"column":55}},"29":{"start":{"line":85,"column":7},"end":{"line":85,"column":55}},"30":{"start":{"line":87,"column":2},"end":{"line":87,"column":16}},"31":{"start":{"line":100,"column":13},"end":{"line":100,"column":67}},"32":{"start":{"line":101,"column":3},"end":{"line":101,"column":90}}},"fnMap":{"0":{"name":"(anonymous_0)","decl":{"start":{"line":24,"column":1},"end":{"line":24,"column":2}},"loc":{"start":{"line":24,"column":44},"end":{"line":71,"column":2}},"line":24},"1":{"name":"(anonymous_1)","decl":{"start":{"line":37,"column":29},"end":{"line":37,"column":30}},"loc":{"start":{"line":37,"column":38},"end":{"line":42,"column":8}},"line":37},"2":{"name":"(anonymous_2)","decl":{"start":{"line":56,"column":21},"end":{"line":56,"column":22}},"loc":{"start":{"line":56,"column":30},"end":{"line":61,"column":5}},"line":56},"3":{"name":"(anonymous_3)","decl":{"start":{"line":81,"column":1},"end":{"line":81,"column":2}},"loc":{"start":{"line":81,"column":35},"end":{"line":88,"column":2}},"line":81},"4":{"name":"(anonymous_4)","decl":{"start":{"line":99,"column":1},"end":{"line":99,"column":2}},"loc":{"start":{"line":99,"column":44},"end":{"line":102,"column":2}},"line":99}},"branchMap":{"0":{"loc":{"start":{"line":26,"column":18},"end":{"line":27,"column":34}},"type":"cond-expr","locations":[{"start":{"line":27,"column":14},"end":{"line":27,"column":26}},{"start":{"line":27,"column":29},"end":{"line":27,"column":34}}],"line":26},"1":{"loc":{"start":{"line":26,"column":19},"end":{"line":26,"column":65}},"type":"binary-expr","locations":[{"start":{"line":26,"column":19},"end":{"line":26,"column":26}},{"start":{"line":26,"column":30},"end":{"line":26,"column":65}}],"line":26},"2":{"loc":{"start":{"line":28,"column":18},"end":{"line":29,"column":30}},"type":"cond-expr","locations":[{"start":{"line":29,"column":13},"end":{"line":29,"column":25}},{"start":{"line":29,"column":28},"end":{"line":29,"column":30}}],"line":28},"3":{"loc":{"start":{"line":28,"column":19},"end":{"line":28,"column":65}},"type":"binary-expr","locations":[{"start":{"line":28,"column":19},"end":{"line":28,"column":26}},{"start":{"line":28,"column":30},"end":{"line":28,"column":65}}],"line":28},"4":{"loc":{"start":{"line":30,"column":2},"end":{"line":69,"column":25}},"type":"if","locations":[{"start":{"line":30,"column":2},"end":{"line":69,"column":25}},{"start":{"line":30,"column":2},"end":{"line":69,"column":25}}],"line":30},"5":{"loc":{"start":{"line":33,"column":4},"end":{"line":51,"column":5}},"type":"if","locations":[{"start":{"line":33,"column":4},"end":{"line":51,"column":5}},{"start":{"line":33,"column":4},"end":{"line":51,"column":5}}],"line":33},"6":{"loc":{"start":{"line":34,"column":5},"end":{"line":50,"column":38}},"type":"if","locations":[{"start":{"line":34,"column":5},"end":{"line":50,"column":38}},{"start":{"line":34,"column":5},"end":{"line":50,"column":38}}],"line":34},"7":{"loc":{"start":{"line":35,"column":6},"end":{"line":48,"column":7}},"type":"if","locations":[{"start":{"line":35,"column":6},"end":{"line":48,"column":7}},{"start":{"line":35,"column":6},"end":{"line":48,"column":7}}],"line":35},"8":{"loc":{"start":{"line":39,"column":15},"end":{"line":41,"column":55}},"type":"cond-expr","locations":[{"start":{"line":40,"column":12},"end":{"line":40,"column":15}},{"start":{"line":41,"column":12},"end":{"line":41,"column":55}}],"line":39},"9":{"loc":{"start":{"line":45,"column":19},"end":{"line":47,"column":55}},"type":"cond-expr","locations":[{"start":{"line":46,"column":12},"end":{"line":46,"column":15}},{"start":{"line":47,"column":12},"end":{"line":47,"column":55}}],"line":45},"10":{"loc":{"start":{"line":53,"column":9},"end":{"line":69,"column":25}},"type":"if","locations":[{"start":{"line":53,"column":9},"end":{"line":69,"column":25}},{"start":{"line":53,"column":9},"end":{"line":69,"column":25}}],"line":53},"11":{"loc":{"start":{"line":54,"column":3},"end":{"line":67,"column":4}},"type":"if","locations":[{"start":{"line":54,"column":3},"end":{"line":67,"column":4}},{"start":{"line":54,"column":3},"end":{"line":67,"column":4}}],"line":54},"12":{"loc":{"start":{"line":58,"column":12},"end":{"line":60,"column":75}},"type":"cond-expr","locations":[{"start":{"line":59,"column":9},"end":{"line":59,"column":12}},{"start":{"line":60,"column":9},"end":{"line":60,"column":75}}],"line":58},"13":{"loc":{"start":{"line":64,"column":11},"end":{"line":66,"column":51}},"type":"cond-expr","locations":[{"start":{"line":65,"column":8},"end":{"line":65,"column":11}},{"start":{"line":66,"column":8},"end":{"line":66,"column":51}}],"line":64},"14":{"loc":{"start":{"line":84,"column":9},"end":{"line":85,"column":55}},"type":"if","locations":[{"start":{"line":84,"column":9},"end":{"line":85,"column":55}},{"start":{"line":84,"column":9},"end":{"line":85,"column":55}}],"line":84},"15":{"loc":{"start":{"line":100,"column":13},"end":{"line":100,"column":67}},"type":"cond-expr","locations":[{"start":{"line":100,"column":51},"end":{"line":100,"column":60}},{"start":{"line":100,"column":63},"end":{"line":100,"column":67}}],"line":100},"16":{"loc":{"start":{"line":101,"column":10},"end":{"line":101,"column":90}},"type":"cond-expr","locations":[{"start":{"line":101,"column":18},"end":{"line":101,"column":52}},{"start":{"line":101,"column":55},"end":{"line":101,"column":90}}],"line":101}},"s":{"0":7,"1":7,"2":7,"3":7,"4":4,"5":4,"6":11,"7":11,"8":10,"9":9,"10":9,"11":19,"12":19,"13":1,"14":1,"15":1,"16":3,"17":3,"18":1,"19":1,"20":2,"21":2,"22":2,"23":2,"24":0,"25":7,"26":9,"27":9,"28":33,"29":33,"30":9,"31":15,"32":15},"f":{"0":7,"1":19,"2":2,"3":9,"4":15},"b":{"0":[4,3],"1":[7,4],"2":[1,6],"3":[7,4],"4":[4,3],"5":[11,0],"6":[10,1],"7":[9,1],"8":[1,18],"9":[0,1],"10":[3,0],"11":[1,2],"12":[0,2],"13":[0,2],"14":[33,0],"15":[2,13],"16":[14,1]},"_coverageSchema":"332fd63041d2c1bcb487cc26dd0d5f7d97098a6c","hash":"27f1c404463ac03db319083081d8ffa2c9d6c9ae","contentHash":"cc6b5c0164d3fed85ef8c2155498c01a_11.3.0"},"C:\\Users\\kingsley\\Desktop\\Events-Manager\\server\\services\\modelService.js":{"path":"C:\\Users\\kingsley\\Desktop\\Events-Manager\\server\\services\\modelService.js","statementMap":{"0":{"start":{"line":4,"column":15},"end":{"line":7,"column":1}},"1":{"start":{"line":26,"column":3},"end":{"line":39,"column":6}},"2":{"start":{"line":28,"column":4},"end":{"line":34,"column":6}},"3":{"start":{"line":37,"column":17},"end":{"line":37,"column":76}},"4":{"start":{"line":38,"column":5},"end":{"line":38,"column":32}},"5":{"start":{"line":54,"column":26},"end":{"line":54,"column":48}},"6":{"start":{"line":55,"column":21},"end":{"line":55,"column":41}},"7":{"start":{"line":57,"column":15},"end":{"line":57,"column":20}},"8":{"start":{"line":59,"column":21},"end":{"line":61,"column":11}},"9":{"start":{"line":60,"column":8},"end":{"line":60,"column":50}},"10":{"start":{"line":63,"column":2},"end":{"line":69,"column":5}},"11":{"start":{"line":65,"column":6},"end":{"line":68,"column":6}},"12":{"start":{"line":66,"column":6},"end":{"line":66,"column":20}},"13":{"start":{"line":67,"column":6},"end":{"line":67,"column":11}},"14":{"start":{"line":71,"column":2},"end":{"line":74,"column":3}},"15":{"start":{"line":89,"column":17},"end":{"line":89,"column":28}},"16":{"start":{"line":90,"column":33},"end":{"line":90,"column":40}},"17":{"start":{"line":91,"column":6},"end":{"line":107,"column":4}},"18":{"start":{"line":96,"column":3},"end":{"line":102,"column":5}},"19":{"start":{"line":97,"column":7},"end":{"line":97,"column":24}},"20":{"start":{"line":98,"column":7},"end":{"line":100,"column":20}},"21":{"start":{"line":101,"column":6},"end":{"line":101,"column":18}},"22":{"start":{"line":103,"column":3},"end":{"line":103,"column":17}},"23":{"start":{"line":106,"column":3},"end":{"line":106,"column":32}},"24":{"start":{"line":123,"column":33},"end":{"line":123,"column":40}},"25":{"start":{"line":124,"column":5},"end":{"line":136,"column":5}},"26":{"start":{"line":129,"column":18},"end":{"line":129,"column":25}},"27":{"start":{"line":130,"column":4},"end":{"line":130,"column":21}},"28":{"start":{"line":131,"column":4},"end":{"line":133,"column":44}},"29":{"start":{"line":135,"column":4},"end":{"line":135,"column":69}},"30":{"start":{"line":151,"column":4},"end":{"line":172,"column":6}},"31":{"start":{"line":153,"column":4},"end":{"line":168,"column":5}},"32":{"start":{"line":154,"column":5},"end":{"line":154,"column":19}},"33":{"start":{"line":157,"column":15},"end":{"line":157,"column":36}},"34":{"start":{"line":158,"column":4},"end":{"line":160,"column":21}},"35":{"start":{"line":159,"column":5},"end":{"line":159,"column":49}},"36":{"start":{"line":160,"column":9},"end":{"line":160,"column":21}},"37":{"start":{"line":162,"column":19},"end":{"line":162,"column":30}},"38":{"start":{"line":163,"column":5},"end":{"line":163,"column":22}},"39":{"start":{"line":164,"column":5},"end":{"line":166,"column":32}},"40":{"start":{"line":167,"column":5},"end":{"line":167,"column":17}},"41":{"start":{"line":171,"column":4},"end":{"line":171,"column":33}},"42":{"start":{"line":185,"column":2},"end":{"line":199,"column":5}},"43":{"start":{"line":187,"column":4},"end":{"line":195,"column":7}},"44":{"start":{"line":189,"column":5},"end":{"line":194,"column":7}},"45":{"start":{"line":198,"column":4},"end":{"line":198,"column":33}},"46":{"start":{"line":214,"column":2},"end":{"line":240,"column":4}},"47":{"start":{"line":218,"column":22},"end":{"line":218,"column":61}},"48":{"start":{"line":219,"column":21},"end":{"line":219,"column":63}},"49":{"start":{"line":220,"column":6},"end":{"line":236,"column":5}},"50":{"start":{"line":222,"column":6},"end":{"line":235,"column":5}},"51":{"start":{"line":223,"column":7},"end":{"line":231,"column":9}},"52":{"start":{"line":233,"column":16},"end":{"line":233,"column":48}},"53":{"start":{"line":234,"column":5},"end":{"line":234,"column":42}},"54":{"start":{"line":239,"column":3},"end":{"line":239,"column":32}},"55":{"start":{"line":252,"column":16},"end":{"line":252,"column":27}},"56":{"start":{"line":253,"column":2},"end":{"line":253,"column":32}},"57":{"start":{"line":254,"column":18},"end":{"line":254,"column":23}},"58":{"start":{"line":256,"column":2},"end":{"line":274,"column":3}},"59":{"start":{"line":257,"column":3},"end":{"line":271,"column":4}},"60":{"start":{"line":260,"column":23},"end":{"line":260,"column":36}},"61":{"start":{"line":261,"column":18},"end":{"line":261,"column":32}},"62":{"start":{"line":262,"column":5},"end":{"line":262,"column":22}},"63":{"start":{"line":264,"column":5},"end":{"line":266,"column":41}},"64":{"start":{"line":265,"column":6},"end":{"line":265,"column":60}},"65":{"start":{"line":266,"column":10},"end":{"line":266,"column":41}},"66":{"start":{"line":267,"column":5},"end":{"line":267,"column":11}},"67":{"start":{"line":269,"column":5},"end":{"line":269,"column":22}},"68":{"start":{"line":270,"column":5},"end":{"line":270,"column":22}},"69":{"start":{"line":272,"column":3},"end":{"line":272,"column":39}},"70":{"start":{"line":273,"column":3},"end":{"line":273,"column":67}},"71":{"start":{"line":275,"column":5},"end":{"line":275,"column":18}},"72":{"start":{"line":287,"column":2},"end":{"line":287,"column":78}},"73":{"start":{"line":287,"column":19},"end":{"line":287,"column":36}},"74":{"start":{"line":287,"column":37},"end":{"line":287,"column":77}},"75":{"start":{"line":288,"column":2},"end":{"line":291,"column":5}},"76":{"start":{"line":304,"column":21},"end":{"line":304,"column":32}},"77":{"start":{"line":305,"column":2},"end":{"line":305,"column":50}},"78":{"start":{"line":317,"column":2},"end":{"line":317,"column":16}}},"fnMap":{"0":{"name":"(anonymous_0)","decl":{"start":{"line":25,"column":2},"end":{"line":25,"column":3}},"loc":{"start":{"line":25,"column":43},"end":{"line":40,"column":3}},"line":25},"1":{"name":"(anonymous_1)","decl":{"start":{"line":27,"column":9},"end":{"line":27,"column":10}},"loc":{"start":{"line":27,"column":21},"end":{"line":35,"column":4}},"line":27},"2":{"name":"(anonymous_2)","decl":{"start":{"line":36,"column":10},"end":{"line":36,"column":11}},"loc":{"start":{"line":36,"column":21},"end":{"line":39,"column":4}},"line":36},"3":{"name":"(anonymous_3)","decl":{"start":{"line":53,"column":1},"end":{"line":53,"column":2}},"loc":{"start":{"line":53,"column":43},"end":{"line":75,"column":2}},"line":53},"4":{"name":"(anonymous_4)","decl":{"start":{"line":59,"column":39},"end":{"line":59,"column":40}},"loc":{"start":{"line":59,"column":49},"end":{"line":61,"column":10}},"line":59},"5":{"name":"(anonymous_5)","decl":{"start":{"line":88,"column":2},"end":{"line":88,"column":3}},"loc":{"start":{"line":88,"column":44},"end":{"line":108,"column":2}},"line":88},"6":{"name":"(anonymous_6)","decl":{"start":{"line":95,"column":8},"end":{"line":95,"column":9}},"loc":{"start":{"line":95,"column":20},"end":{"line":104,"column":3}},"line":95},"7":{"name":"(anonymous_7)","decl":{"start":{"line":105,"column":9},"end":{"line":105,"column":10}},"loc":{"start":{"line":105,"column":18},"end":{"line":107,"column":3}},"line":105},"8":{"name":"(anonymous_8)","decl":{"start":{"line":122,"column":2},"end":{"line":122,"column":3}},"loc":{"start":{"line":122,"column":44},"end":{"line":137,"column":3}},"line":122},"9":{"name":"(anonymous_9)","decl":{"start":{"line":128,"column":9},"end":{"line":128,"column":10}},"loc":{"start":{"line":128,"column":19},"end":{"line":136,"column":4}},"line":128},"10":{"name":"(anonymous_10)","decl":{"start":{"line":150,"column":2},"end":{"line":150,"column":3}},"loc":{"start":{"line":150,"column":45},"end":{"line":173,"column":3}},"line":150},"11":{"name":"(anonymous_11)","decl":{"start":{"line":152,"column":9},"end":{"line":152,"column":10}},"loc":{"start":{"line":152,"column":19},"end":{"line":169,"column":4}},"line":152},"12":{"name":"(anonymous_12)","decl":{"start":{"line":170,"column":10},"end":{"line":170,"column":11}},"loc":{"start":{"line":170,"column":19},"end":{"line":172,"column":4}},"line":170},"13":{"name":"(anonymous_13)","decl":{"start":{"line":184,"column":4},"end":{"line":184,"column":5}},"loc":{"start":{"line":184,"column":45},"end":{"line":200,"column":2}},"line":184},"14":{"name":"(anonymous_14)","decl":{"start":{"line":186,"column":8},"end":{"line":186,"column":9}},"loc":{"start":{"line":186,"column":25},"end":{"line":196,"column":3}},"line":186},"15":{"name":"(anonymous_15)","decl":{"start":{"line":188,"column":10},"end":{"line":188,"column":11}},"loc":{"start":{"line":188,"column":16},"end":{"line":195,"column":5}},"line":188},"16":{"name":"(anonymous_16)","decl":{"start":{"line":197,"column":9},"end":{"line":197,"column":10}},"loc":{"start":{"line":197,"column":18},"end":{"line":199,"column":4}},"line":197},"17":{"name":"(anonymous_17)","decl":{"start":{"line":213,"column":4},"end":{"line":213,"column":5}},"loc":{"start":{"line":213,"column":57},"end":{"line":241,"column":2}},"line":213},"18":{"name":"(anonymous_18)","decl":{"start":{"line":217,"column":8},"end":{"line":217,"column":9}},"loc":{"start":{"line":217,"column":25},"end":{"line":237,"column":6}},"line":217},"19":{"name":"(anonymous_19)","decl":{"start":{"line":221,"column":10},"end":{"line":221,"column":11}},"loc":{"start":{"line":221,"column":28},"end":{"line":236,"column":4}},"line":221},"20":{"name":"(anonymous_20)","decl":{"start":{"line":238,"column":9},"end":{"line":238,"column":10}},"loc":{"start":{"line":238,"column":18},"end":{"line":240,"column":3}},"line":238},"21":{"name":"(anonymous_21)","decl":{"start":{"line":251,"column":3},"end":{"line":251,"column":4}},"loc":{"start":{"line":251,"column":38},"end":{"line":276,"column":2}},"line":251},"22":{"name":"(anonymous_22)","decl":{"start":{"line":286,"column":1},"end":{"line":286,"column":2}},"loc":{"start":{"line":286,"column":44},"end":{"line":292,"column":2}},"line":286},"23":{"name":"(anonymous_23)","decl":{"start":{"line":303,"column":1},"end":{"line":303,"column":2}},"loc":{"start":{"line":303,"column":48},"end":{"line":306,"column":2}},"line":303},"24":{"name":"(anonymous_24)","decl":{"start":{"line":316,"column":1},"end":{"line":316,"column":2}},"loc":{"start":{"line":316,"column":20},"end":{"line":318,"column":2}},"line":316}},"branchMap":{"0":{"loc":{"start":{"line":30,"column":14},"end":{"line":32,"column":48}},"type":"cond-expr","locations":[{"start":{"line":31,"column":11},"end":{"line":31,"column":26}},{"start":{"line":32,"column":11},"end":{"line":32,"column":48}}],"line":30},"1":{"loc":{"start":{"line":65,"column":6},"end":{"line":68,"column":6}},"type":"if","locations":[{"start":{"line":65,"column":6},"end":{"line":68,"column":6}},{"start":{"line":65,"column":6},"end":{"line":68,"column":6}}],"line":65},"2":{"loc":{"start":{"line":91,"column":14},"end":{"line":93,"column":28}},"type":"cond-expr","locations":[{"start":{"line":92,"column":6},"end":{"line":92,"column":29}},{"start":{"line":93,"column":6},"end":{"line":93,"column":28}}],"line":91},"3":{"loc":{"start":{"line":96,"column":3},"end":{"line":102,"column":5}},"type":"if","locations":[{"start":{"line":96,"column":3},"end":{"line":102,"column":5}},{"start":{"line":96,"column":3},"end":{"line":102,"column":5}}],"line":96},"4":{"loc":{"start":{"line":98,"column":23},"end":{"line":100,"column":19}},"type":"cond-expr","locations":[{"start":{"line":99,"column":12},"end":{"line":99,"column":43}},{"start":{"line":100,"column":12},"end":{"line":100,"column":19}}],"line":98},"5":{"loc":{"start":{"line":124,"column":13},"end":{"line":126,"column":24}},"type":"cond-expr","locations":[{"start":{"line":125,"column":6},"end":{"line":125,"column":43}},{"start":{"line":126,"column":6},"end":{"line":126,"column":24}}],"line":124},"6":{"loc":{"start":{"line":131,"column":20},"end":{"line":133,"column":43}},"type":"cond-expr","locations":[{"start":{"line":132,"column":14},"end":{"line":132,"column":29}},{"start":{"line":133,"column":14},"end":{"line":133,"column":43}}],"line":131},"7":{"loc":{"start":{"line":135,"column":11},"end":{"line":135,"column":68}},"type":"cond-expr","locations":[{"start":{"line":135,"column":23},"end":{"line":135,"column":44}},{"start":{"line":135,"column":47},"end":{"line":135,"column":68}}],"line":135},"8":{"loc":{"start":{"line":153,"column":4},"end":{"line":168,"column":5}},"type":"if","locations":[{"start":{"line":153,"column":4},"end":{"line":168,"column":5}},{"start":{"line":153,"column":4},"end":{"line":168,"column":5}}],"line":153},"9":{"loc":{"start":{"line":158,"column":4},"end":{"line":160,"column":21}},"type":"if","locations":[{"start":{"line":158,"column":4},"end":{"line":160,"column":21}},{"start":{"line":158,"column":4},"end":{"line":160,"column":21}}],"line":158},"10":{"loc":{"start":{"line":164,"column":21},"end":{"line":166,"column":31}},"type":"cond-expr","locations":[{"start":{"line":165,"column":16},"end":{"line":165,"column":36}},{"start":{"line":166,"column":16},"end":{"line":166,"column":31}}],"line":164},"11":{"loc":{"start":{"line":191,"column":15},"end":{"line":193,"column":28}},"type":"cond-expr","locations":[{"start":{"line":192,"column":13},"end":{"line":192,"column":49}},{"start":{"line":193,"column":13},"end":{"line":193,"column":28}}],"line":191},"12":{"loc":{"start":{"line":222,"column":6},"end":{"line":235,"column":5}},"type":"if","locations":[{"start":{"line":222,"column":6},"end":{"line":235,"column":5}},{"start":{"line":222,"column":6},"end":{"line":235,"column":5}}],"line":222},"13":{"loc":{"start":{"line":224,"column":14},"end":{"line":224,"column":65}},"type":"cond-expr","locations":[{"start":{"line":224,"column":34},"end":{"line":224,"column":48}},{"start":{"line":224,"column":51},"end":{"line":224,"column":65}}],"line":224},"14":{"loc":{"start":{"line":226,"column":15},"end":{"line":229,"column":57}},"type":"cond-expr","locations":[{"start":{"line":227,"column":13},"end":{"line":228,"column":70}},{"start":{"line":229,"column":13},"end":{"line":229,"column":57}}],"line":226},"15":{"loc":{"start":{"line":227,"column":13},"end":{"line":228,"column":70}},"type":"cond-expr","locations":[{"start":{"line":228,"column":15},"end":{"line":228,"column":30}},{"start":{"line":228,"column":33},"end":{"line":228,"column":70}}],"line":227},"16":{"loc":{"start":{"line":256,"column":2},"end":{"line":274,"column":3}},"type":"if","locations":[{"start":{"line":256,"column":2},"end":{"line":274,"column":3}},{"start":{"line":256,"column":2},"end":{"line":274,"column":3}}],"line":256},"17":{"loc":{"start":{"line":257,"column":3},"end":{"line":271,"column":4}},"type":"switch","locations":[{"start":{"line":258,"column":4},"end":{"line":258,"column":36}},{"start":{"line":259,"column":4},"end":{"line":267,"column":11}},{"start":{"line":268,"column":4},"end":{"line":270,"column":22}}],"line":257},"18":{"loc":{"start":{"line":264,"column":5},"end":{"line":266,"column":41}},"type":"if","locations":[{"start":{"line":264,"column":5},"end":{"line":266,"column":41}},{"start":{"line":264,"column":5},"end":{"line":266,"column":41}}],"line":264},"19":{"loc":{"start":{"line":272,"column":16},"end":{"line":272,"column":38}},"type":"binary-expr","locations":[{"start":{"line":272,"column":16},"end":{"line":272,"column":26}},{"start":{"line":272,"column":30},"end":{"line":272,"column":38}}],"line":272},"20":{"loc":{"start":{"line":273,"column":19},"end":{"line":273,"column":67}},"type":"cond-expr","locations":[{"start":{"line":273,"column":33},"end":{"line":273,"column":57}},{"start":{"line":273,"column":60},"end":{"line":273,"column":67}}],"line":273},"21":{"loc":{"start":{"line":287,"column":2},"end":{"line":287,"column":78}},"type":"if","locations":[{"start":{"line":287,"column":2},"end":{"line":287,"column":78}},{"start":{"line":287,"column":2},"end":{"line":287,"column":78}}],"line":287},"22":{"loc":{"start":{"line":287,"column":53},"end":{"line":287,"column":76}},"type":"binary-expr","locations":[{"start":{"line":287,"column":53},"end":{"line":287,"column":56}},{"start":{"line":287,"column":60},"end":{"line":287,"column":76}}],"line":287},"23":{"loc":{"start":{"line":290,"column":12},"end":{"line":290,"column":32}},"type":"binary-expr","locations":[{"start":{"line":290,"column":12},"end":{"line":290,"column":15}},{"start":{"line":290,"column":19},"end":{"line":290,"column":32}}],"line":290},"24":{"loc":{"start":{"line":304,"column":21},"end":{"line":304,"column":32}},"type":"binary-expr","locations":[{"start":{"line":304,"column":21},"end":{"line":304,"column":25}},{"start":{"line":304,"column":29},"end":{"line":304,"column":32}}],"line":304}},"s":{"0":1,"1":8,"2":5,"3":3,"4":3,"5":0,"6":0,"7":0,"8":0,"9":0,"10":0,"11":0,"12":0,"13":0,"14":0,"15":5,"16":5,"17":5,"18":5,"19":0,"20":0,"21":0,"22":5,"23":0,"24":3,"25":3,"26":3,"27":3,"28":3,"29":3,"30":0,"31":0,"32":0,"33":0,"34":0,"35":0,"36":0,"37":0,"38":0,"39":0,"40":0,"41":0,"42":0,"43":0,"44":0,"45":0,"46":0,"47":0,"48":0,"49":0,"50":0,"51":0,"52":0,"53":0,"54":0,"55":4,"56":4,"57":4,"58":4,"59":4,"60":3,"61":3,"62":3,"63":3,"64":1,"65":2,"66":3,"67":1,"68":1,"69":4,"70":4,"71":4,"72":6,"73":0,"74":0,"75":6,"76":5,"77":5,"78":3},"f":{"0":8,"1":5,"2":3,"3":0,"4":0,"5":5,"6":5,"7":0,"8":3,"9":3,"10":0,"11":0,"12":0,"13":0,"14":0,"15":0,"16":0,"17":0,"18":0,"19":0,"20":0,"21":4,"22":6,"23":5,"24":3},"b":{"0":[0,5],"1":[0,0],"2":[0,5],"3":[0,5],"4":[0,0],"5":[0,3],"6":[1,2],"7":[3,0],"8":[0,0],"9":[0,0],"10":[0,0],"11":[0,0],"12":[0,0],"13":[0,0],"14":[0,0],"15":[0,0],"16":[4,0],"17":[2,3,1],"18":[1,2],"19":[4,0],"20":[1,3],"21":[0,6],"22":[0,0],"23":[6,5],"24":[5,3]},"_coverageSchema":"332fd63041d2c1bcb487cc26dd0d5f7d97098a6c","hash":"46f189ae8ac8b23ecf6485901308b8d0e376bd0b","contentHash":"204ae84b2c488404e475ded088212dbc_11.3.0"},"C:\\Users\\kingsley\\Desktop\\Events-Manager\\server\\models\\event.js":{"path":"C:\\Users\\kingsley\\Desktop\\Events-Manager\\server\\models\\event.js","statementMap":{"0":{"start":{"line":2,"column":14},"end":{"line":2,"column":25}},"1":{"start":{"line":4,"column":0},"end":{"line":136,"column":2}},"2":{"start":{"line":5,"column":18},"end":{"line":115,"column":6}},"3":{"start":{"line":24,"column":24},"end":{"line":27,"column":25}},"4":{"start":{"line":25,"column":28},"end":{"line":25,"column":118}},"5":{"start":{"line":26,"column":28},"end":{"line":26,"column":40}},"6":{"start":{"line":75,"column":20},"end":{"line":78,"column":21}},"7":{"start":{"line":76,"column":24},"end":{"line":76,"column":76}},"8":{"start":{"line":77,"column":24},"end":{"line":77,"column":36}},"9":{"start":{"line":88,"column":20},"end":{"line":91,"column":21}},"10":{"start":{"line":89,"column":24},"end":{"line":89,"column":83}},"11":{"start":{"line":90,"column":24},"end":{"line":90,"column":36}},"12":{"start":{"line":117,"column":4},"end":{"line":134,"column":5}},"13":{"start":{"line":118,"column":8},"end":{"line":125,"column":11}},"14":{"start":{"line":126,"column":8},"end":{"line":133,"column":11}},"15":{"start":{"line":135,"column":4},"end":{"line":135,"column":17}}},"fnMap":{"0":{"name":"(anonymous_0)","decl":{"start":{"line":4,"column":17},"end":{"line":4,"column":18}},"loc":{"start":{"line":4,"column":43},"end":{"line":136,"column":1}},"line":4},"1":{"name":"(anonymous_1)","decl":{"start":{"line":23,"column":39},"end":{"line":23,"column":40}},"loc":{"start":{"line":23,"column":50},"end":{"line":28,"column":21}},"line":23},"2":{"name":"(anonymous_2)","decl":{"start":{"line":74,"column":36},"end":{"line":74,"column":37}},"loc":{"start":{"line":74,"column":47},"end":{"line":79,"column":17}},"line":74},"3":{"name":"(anonymous_3)","decl":{"start":{"line":87,"column":24},"end":{"line":87,"column":25}},"loc":{"start":{"line":87,"column":35},"end":{"line":92,"column":17}},"line":87},"4":{"name":"(anonymous_4)","decl":{"start":{"line":117,"column":22},"end":{"line":117,"column":23}},"loc":{"start":{"line":117,"column":34},"end":{"line":134,"column":5}},"line":117}},"branchMap":{"0":{"loc":{"start":{"line":24,"column":24},"end":{"line":27,"column":25}},"type":"if","locations":[{"start":{"line":24,"column":24},"end":{"line":27,"column":25}},{"start":{"line":24,"column":24},"end":{"line":27,"column":25}}],"line":24},"1":{"loc":{"start":{"line":75,"column":20},"end":{"line":78,"column":21}},"type":"if","locations":[{"start":{"line":75,"column":20},"end":{"line":78,"column":21}},{"start":{"line":75,"column":20},"end":{"line":78,"column":21}}],"line":75},"2":{"loc":{"start":{"line":88,"column":20},"end":{"line":91,"column":21}},"type":"if","locations":[{"start":{"line":88,"column":20},"end":{"line":91,"column":21}},{"start":{"line":88,"column":20},"end":{"line":91,"column":21}}],"line":88}},"s":{"0":1,"1":1,"2":1,"3":0,"4":0,"5":0,"6":0,"7":0,"8":0,"9":0,"10":0,"11":0,"12":1,"13":1,"14":1,"15":1},"f":{"0":1,"1":0,"2":0,"3":0,"4":1},"b":{"0":[0,0],"1":[0,0],"2":[0,0]},"_coverageSchema":"332fd63041d2c1bcb487cc26dd0d5f7d97098a6c","hash":"13c20b132f6339774d1ba1cb4b4d027c911aa4c9","contentHash":"70b12a7d0d6b38f75d588563789fcb01_11.3.0"},"C:\\Users\\kingsley\\Desktop\\Events-Manager\\server\\models\\user.js":{"path":"C:\\Users\\kingsley\\Desktop\\Events-Manager\\server\\models\\user.js","statementMap":{"0":{"start":{"line":5,"column":17},"end":{"line":91,"column":6}},"1":{"start":{"line":76,"column":12},"end":{"line":80,"column":14}},"2":{"start":{"line":78,"column":16},"end":{"line":78,"column":37}},"3":{"start":{"line":79,"column":16},"end":{"line":79,"column":37}},"4":{"start":{"line":84,"column":12},"end":{"line":88,"column":18}},"5":{"start":{"line":86,"column":20},"end":{"line":86,"column":41}},"6":{"start":{"line":87,"column":20},"end":{"line":87,"column":41}},"7":{"start":{"line":93,"column":4},"end":{"line":110,"column":6}},"8":{"start":{"line":94,"column":8},"end":{"line":101,"column":10}},"9":{"start":{"line":102,"column":8},"end":{"line":109,"column":10}},"10":{"start":{"line":112,"column":4},"end":{"line":112,"column":16}}},"fnMap":{"0":{"name":"(anonymous_0)","decl":{"start":{"line":4,"column":15},"end":{"line":4,"column":16}},"loc":{"start":{"line":4,"column":41},"end":{"line":113,"column":1}},"line":4},"1":{"name":"(anonymous_1)","decl":{"start":{"line":75,"column":22},"end":{"line":75,"column":23}},"loc":{"start":{"line":75,"column":41},"end":{"line":81,"column":9}},"line":75},"2":{"name":"(anonymous_2)","decl":{"start":{"line":77,"column":18},"end":{"line":77,"column":19}},"loc":{"start":{"line":77,"column":28},"end":{"line":80,"column":13}},"line":77},"3":{"name":"(anonymous_3)","decl":{"start":{"line":83,"column":22},"end":{"line":83,"column":23}},"loc":{"start":{"line":83,"column":41},"end":{"line":89,"column":13}},"line":83},"4":{"name":"(anonymous_4)","decl":{"start":{"line":85,"column":22},"end":{"line":85,"column":23}},"loc":{"start":{"line":85,"column":32},"end":{"line":88,"column":17}},"line":85},"5":{"name":"(anonymous_5)","decl":{"start":{"line":93,"column":21},"end":{"line":93,"column":22}},"loc":{"start":{"line":93,"column":33},"end":{"line":110,"column":5}},"line":93}},"branchMap":{},"s":{"0":1,"1":5,"2":5,"3":5,"4":0,"5":0,"6":0,"7":1,"8":1,"9":1,"10":1},"f":{"0":1,"1":5,"2":5,"3":0,"4":0,"5":1},"b":{},"_coverageSchema":"332fd63041d2c1bcb487cc26dd0d5f7d97098a6c","hash":"805a929cd9668d16cf26c754cbf547485db9b8c2","contentHash":"d8b87ed20d95dec63a2dc17aced16355_11.3.0"},"C:\\Users\\kingsley\\Desktop\\Events-Manager\\server\\services\\index.js":{"path":"C:\\Users\\kingsley\\Desktop\\Events-Manager\\server\\services\\index.js","statementMap":{"0":{"start":{"line":5,"column":17},"end":{"line":10,"column":1}}},"fnMap":{},"branchMap":{},"s":{"0":1},"f":{},"b":{},"_coverageSchema":"332fd63041d2c1bcb487cc26dd0d5f7d97098a6c","hash":"e1d85ddab9ffe0067401bfa4698af600a03a3d14","contentHash":"36d63b1a7cb044db546d40eb7c31a957_11.3.0"},"C:\\Users\\kingsley\\Desktop\\Events-Manager\\server\\services\\authenticationService.js":{"path":"C:\\Users\\kingsley\\Desktop\\Events-Manager\\server\\services\\authenticationService.js","statementMap":{"0":{"start":{"line":20,"column":3},"end":{"line":35,"column":7}},"1":{"start":{"line":21,"column":20},"end":{"line":25,"column":5}},"2":{"start":{"line":27,"column":3},"end":{"line":34,"column":5}},"3":{"start":{"line":28,"column":4},"end":{"line":33,"column":31}},"4":{"start":{"line":29,"column":19},"end":{"line":29,"column":30}},"5":{"start":{"line":30,"column":17},"end":{"line":30,"column":43}},"6":{"start":{"line":31,"column":5},"end":{"line":31,"column":59}},"7":{"start":{"line":33,"column":9},"end":{"line":33,"column":31}},"8":{"start":{"line":48,"column":2},"end":{"line":65,"column":3}},"9":{"start":{"line":49,"column":19},"end":{"line":52,"column":4}},"10":{"start":{"line":53,"column":19},"end":{"line":53,"column":56}},"11":{"start":{"line":54,"column":3},"end":{"line":55,"column":36}},"12":{"start":{"line":55,"column":4},"end":{"line":55,"column":36}},"13":{"start":{"line":58,"column":3},"end":{"line":58,"column":20}},"14":{"start":{"line":59,"column":3},"end":{"line":62,"column":75}},"15":{"start":{"line":60,"column":4},"end":{"line":60,"column":70}},"16":{"start":{"line":62,"column":4},"end":{"line":62,"column":75}},"17":{"start":{"line":64,"column":3},"end":{"line":64,"column":32}}},"fnMap":{"0":{"name":"(anonymous_0)","decl":{"start":{"line":19,"column":1},"end":{"line":19,"column":2}},"loc":{"start":{"line":19,"column":41},"end":{"line":36,"column":2}},"line":19},"1":{"name":"(anonymous_1)","decl":{"start":{"line":20,"column":22},"end":{"line":20,"column":23}},"loc":{"start":{"line":20,"column":43},"end":{"line":35,"column":5}},"line":20},"2":{"name":"(anonymous_2)","decl":{"start":{"line":27,"column":49},"end":{"line":27,"column":50}},"loc":{"start":{"line":27,"column":67},"end":{"line":34,"column":4}},"line":27},"3":{"name":"(anonymous_3)","decl":{"start":{"line":46,"column":1},"end":{"line":46,"column":2}},"loc":{"start":{"line":46,"column":36},"end":{"line":66,"column":2}},"line":46}},"branchMap":{"0":{"loc":{"start":{"line":28,"column":4},"end":{"line":33,"column":31}},"type":"if","locations":[{"start":{"line":28,"column":4},"end":{"line":33,"column":31}},{"start":{"line":28,"column":4},"end":{"line":33,"column":31}}],"line":28},"1":{"loc":{"start":{"line":54,"column":3},"end":{"line":55,"column":36}},"type":"if","locations":[{"start":{"line":54,"column":3},"end":{"line":55,"column":36}},{"start":{"line":54,"column":3},"end":{"line":55,"column":36}}],"line":54},"2":{"loc":{"start":{"line":59,"column":3},"end":{"line":62,"column":75}},"type":"if","locations":[{"start":{"line":59,"column":3},"end":{"line":62,"column":75}},{"start":{"line":59,"column":3},"end":{"line":62,"column":75}}],"line":59}},"s":{"0":7,"1":7,"2":7,"3":7,"4":1,"5":1,"6":1,"7":6,"8":6,"9":6,"10":6,"11":3,"12":3,"13":3,"14":3,"15":0,"16":3,"17":3},"f":{"0":7,"1":7,"2":7,"3":6},"b":{"0":[1,6],"1":[3,0],"2":[0,3]},"_coverageSchema":"332fd63041d2c1bcb487cc26dd0d5f7d97098a6c","hash":"54bca4cee021df63caae15dc7535dd45cc267960","contentHash":"4c0ad50994677f469192a49dbcb5c297_11.3.0"},"C:\\Users\\kingsley\\Desktop\\Events-Manager\\server\\app.js":{"path":"C:\\Users\\kingsley\\Desktop\\Events-Manager\\server\\app.js","statementMap":{"0":{"start":{"line":9,"column":0},"end":{"line":9,"column":16}},"1":{"start":{"line":10,"column":12},"end":{"line":10,"column":21}},"2":{"start":{"line":12,"column":0},"end":{"line":12,"column":23}},"3":{"start":{"line":14,"column":0},"end":{"line":14,"column":44}},"4":{"start":{"line":15,"column":0},"end":{"line":15,"column":67}},"5":{"start":{"line":16,"column":0},"end":{"line":16,"column":24}},"6":{"start":{"line":18,"column":0},"end":{"line":18,"column":27}},"7":{"start":{"line":19,"column":0
[...]
:3},"end":{"line":182,"column":64}},"124":{"start":{"line":184,"column":2},"end":{"line":186,"column":5}},"125":{"start":{"line":185,"column":3},"end":{"line":185,"column":117}},"126":{"start":{"line":185,"column":18},"end":{"line":185,"column":50}},"127":{"start":{"line":188,"column":1},"end":{"line":207,"column":4}},"128":{"start":{"line":189,"column":2},"end":{"line":191,"column":5}},"129":{"start":{"line":190,"column":3},"end":{"line":190,"column":65}},"130":{"start":{"line":192,"column":2},"end":{"line":194,"column":5}},"131":{"start":{"line":193,"column":3},"end":{"line":193,"column":64}},"132":{"start":{"line":195,"column":2},"end":{"line":197,"column":5}},"133":{"start":{"line":196,"column":3},"end":{"line":196,"column":62}},"134":{"start":{"line":198,"column":2},"end":{"line":200,"column":5}},"135":{"start":{"line":199,"column":3},"end":{"line":199,"column":60}},"136":{"start":{"line":201,"column":2},"end":{"line":203,"column":5}},"137":{"start":{"line":202,"column":3},"end":{"line":202,"column":60}},"138":{"start":{"line":204,"column":2},"end":{"line":206,"column":5}},"139":{"start":{"line":205,"column":3},"end":{"line":205,"column":113}},"140":{"start":{"line":205,"column":18},"end":{"line":205,"column":46}},"141":{"start":{"line":208,"column":1},"end":{"line":227,"column":4}},"142":{"start":{"line":209,"column":2},"end":{"line":211,"column":5}},"143":{"start":{"line":210,"column":3},"end":{"line":210,"column":73}},"144":{"start":{"line":212,"column":2},"end":{"line":214,"column":5}},"145":{"start":{"line":213,"column":3},"end":{"line":213,"column":73}},"146":{"start":{"line":215,"column":2},"end":{"line":217,"column":5}},"147":{"start":{"line":216,"column":3},"end":{"line":216,"column":71}},"148":{"start":{"line":218,"column":2},"end":{"line":220,"column":5}},"149":{"start":{"line":219,"column":3},"end":{"line":219,"column":63}},"150":{"start":{"line":221,"column":2},"end":{"line":223,"column":5}},"151":{"start":{"line":222,"column":3},"end":{"line":222,"column":63}},"152":{"start":{"line":224,"column":2},"end":{"line":226,"column":5}},"153":{"start":{"line":225,"column":3},"end":{"line":225,"column":116}},"154":{"start":{"line":225,"column":18},"end":{"line":225,"column":49}}},"fnMap":{"0":{"name":"(anonymous_0)","decl":{"start":{"line":10,"column":41},"end":{"line":10,"column":42}},"loc":{"start":{"line":10,"column":47},"end":{"line":228,"column":1}},"line":10},"1":{"name":"(anonymous_1)","decl":{"start":{"line":11,"column":84},"end":{"line":11,"column":85}},"loc":{"start":{"line":11,"column":90},"end":{"line":25,"column":2}},"line":11},"2":{"name":"(anonymous_2)","decl":{"start":{"line":13,"column":38},"end":{"line":13,"column":39}},"loc":{"start":{"line":13,"column":48},"end":{"line":24,"column":3}},"line":13},"3":{"name":"(anonymous_3)","decl":{"start":{"line":16,"column":8},"end":{"line":16,"column":9}},"loc":{"start":{"line":16,"column":22},"end":{"line":23,"column":4}},"line":16},"4":{"name":"(anonymous_4)","decl":{"start":{"line":26,"column":56},"end":{"line":26,"column":57}},"loc":{"start":{"line":26,"column":62},"end":{"line":42,"column":2}},"line":26},"5":{"name":"(anonymous_5)","decl":{"start":{"line":27,"column":54},"end":{"line":27,"column":55}},"loc":{"start":{"line":27,"column":60},"end":{"line":29,"column":3}},"line":27},"6":{"name":"(anonymous_6)","decl":{"start":{"line":30,"column":57},"end":{"line":30,"column":58}},"loc":{"start":{"line":30,"column":63},"end":{"line":32,"column":3}},"line":30},"7":{"name":"(anonymous_7)","decl":{"start":{"line":33,"column":56},"end":{"line":33,"column":57}},"loc":{"start":{"line":33,"column":62},"end":{"line":35,"column":3}},"line":33},"8":{"name":"(anonymous_8)","decl":{"start":{"line":36,"column":56},"end":{"line":36,"column":57}},"loc":{"start":{"line":36,"column":62},"end":{"line":38,"column":3}},"line":36},"9":{"name":"(anonymous_9)","decl":{"start":{"line":39,"column":94},"end":{"line":39,"column":95}},"loc":{"start":{"line":39,"column":100},"end":{"line":41,"column":3}},"line":39},"10":{"name":"(anonymous_10)","decl":{"start":{"line":40,"column":10},"end":{"line":40,"column":11}},"loc":{"start":{"line":40,"column":16},"end":{"line":40,"column":48}},"line":40},"11":{"name":"(anonymous_11)","decl":{"start":{"line":43,"column":54},"end":{"line":43,"column":55}},"loc":{"start":{"line":43,"column":60},"end":{"line":53,"column":2}},"line":43},"12":{"name":"(anonymous_12)","decl":{"start":{"line":44,"column":56},"end":{"line":44,"column":57}},"loc":{"start":{"line":44,"column":62},"end":{"line":46,"column":3}},"line":44},"13":{"name":"(anonymous_13)","decl":{"start":{"line":47,"column":61},"end":{"line":47,"column":62}},"loc":{"start":{"line":47,"column":67},"end":{"line":49,"column":3}},"line":47},"14":{"name":"(anonymous_14)","decl":{"start":{"line":50,"column":98},"end":{"line":50,"column":99}},"loc":{"start":{"line":50,"column":104},"end":{"line":52,"column":3}},"line":50},"15":{"name":"(anonymous_15)","decl":{"start":{"line":51,"column":10},"end":{"line":51,"column":11}},"loc":{"start":{"line":51,"column":16},"end":{"line":51,"column":46}},"line":51},"16":{"name":"(anonymous_16)","decl":{"start":{"line":54,"column":65},"end":{"line":54,"column":66}},"loc":{"start":{"line":54,"column":71},"end":{"line":70,"column":2}},"line":54},"17":{"name":"(anonymous_17)","decl":{"start":{"line":55,"column":73},"end":{"line":55,"column":74}},"loc":{"start":{"line":55,"column":79},"end":{"line":57,"column":3}},"line":55},"18":{"name":"(anonymous_18)","decl":{"start":{"line":58,"column":73},"end":{"line":58,"column":74}},"loc":{"start":{"line":58,"column":79},"end":{"line":60,"column":3}},"line":58},"19":{"name":"(anonymous_19)","decl":{"start":{"line":61,"column":65},"end":{"line":61,"column":66}},"loc":{"start":{"line":61,"column":71},"end":{"line":63,"column":3}},"line":61},"20":{"name":"(anonymous_20)","decl":{"start":{"line":64,"column":65},"end":{"line":64,"column":66}},"loc":{"start":{"line":64,"column":71},"end":{"line":66,"column":3}},"line":64},"21":{"name":"(anonymous_21)","decl":{"start":{"line":67,"column":109},"end":{"line":67,"column":110}},"loc":{"start":{"line":67,"column":115},"end":{"line":69,"column":3}},"line":67},"22":{"name":"(anonymous_22)","decl":{"start":{"line":68,"column":10},"end":{"line":68,"column":11}},"loc":{"start":{"line":68,"column":16},"end":{"line":68,"column":57}},"line":68},"23":{"name":"(anonymous_23)","decl":{"start":{"line":71,"column":54},"end":{"line":71,"column":55}},"loc":{"start":{"line":71,"column":60},"end":{"line":87,"column":2}},"line":71},"24":{"name":"(anonymous_24)","decl":{"start":{"line":72,"column":65},"end":{"line":72,"column":66}},"loc":{"start":{"line":72,"column":71},"end":{"line":74,"column":3}},"line":72},"25":{"name":"(anonymous_25)","decl":{"start":{"line":75,"column":61},"end":{"line":75,"column":62}},"loc":{"start":{"line":75,"column":67},"end":{"line":77,"column":3}},"line":75},"26":{"name":"(anonymous_26)","decl":{"start":{"line":78,"column":54},"end":{"line":78,"column":55}},"loc":{"start":{"line":78,"column":60},"end":{"line":80,"column":3}},"line":78},"27":{"name":"(anonymous_27)","decl":{"start":{"line":81,"column":54},"end":{"line":81,"column":55}},"loc":{"start":{"line":81,"column":60},"end":{"line":83,"column":3}},"line":81},"28":{"name":"(anonymous_28)","decl":{"start":{"line":84,"column":98},"end":{"line":84,"column":99}},"loc":{"start":{"line":84,"column":104},"end":{"line":86,"column":3}},"line":84},"29":{"name":"(anonymous_29)","decl":{"start":{"line":85,"column":10},"end":{"line":85,"column":11}},"loc":{"start":{"line":85,"column":16},"end":{"line":85,"column":46}},"line":85},"30":{"name":"(anonymous_30)","decl":{"start":{"line":88,"column":61},"end":{"line":88,"column":62}},"loc":{"start":{"line":88,"column":67},"end":{"line":104,"column":2}},"line":88},"31":{"name":"(anonymous_31)","decl":{"start":{"line":89,"column":64},"end":{"line":89,"column":65}},"loc":{"start":{"line":89,"column":70},"end":{"line":91,"column":3}},"line":89},"32":{"name":"(anonymous_32)","decl":{"start":{"line":92,"column":62},"end":{"line":92,"column":63}},"loc":{"start":{"line":92,"column":68},"end":{"line":94,"column":3}},"line":92},"33":{"name":"(anonymous_33)","decl":{"start":{"line":95,"column":61},"end":{"line":95,"column":62}},"loc":{"start":{"line":95,"column":67},"end":{"line":97,"column":3}},"line":95},"34":{"name":"(anonymous_34)","decl":{"start":{"line":98,"column":61},"end":{"line":98,"column":62}},"loc":{"start":{"line":98,"column":67},"end":{"line":100,"column":3}},"line":98},"35":{"name":"(anonymous_35)","decl":{"start":{"line":101,"column":105},"end":{"line":101,"column":106}},"loc":{"start":{"line":101,"column":111},"end":{"line":103,"column":3}},"line":101},"36":{"name":"(anonymous_36)","decl":{"start":{"line":102,"column":10},"end":{"line":102,"column":11}},"loc":{"start":{"line":102,"column":16},"end":{"line":102,"column":53}},"line":102},"37":{"name":"(anonymous_37)","decl":{"start":{"line":105,"column":62},"end":{"line":105,"column":63}},"loc":{"start":{"line":105,"column":68},"end":{"line":121,"column":2}},"line":105},"38":{"name":"(anonymous_38)","decl":{"start":{"line":106,"column":68},"end":{"line":106,"column":69}},"loc":{"start":{"line":106,"column":74},"end":{"line":108,"column":3}},"line":106},"39":{"name":"(anonymous_39)","decl":{"start":{"line":109,"column":68},"end":{"line":109,"column":69}},"loc":{"start":{"line":109,"column":74},"end":{"line":111,"column":3}},"line":109},"40":{"name":"(anonymous_40)","decl":{"start":{"line":112,"column":71},"end":{"line":112,"column":72}},"loc":{"start":{"line":112,"column":77},"end":{"line":114,"column":3}},"line":112},"41":{"name":"(anonymous_41)","decl":{"start":{"line":115,"column":62},"end":{"line":115,"column":63}},"loc":{"start":{"line":115,"column":68},"end":{"line":117,"column":3}},"line":115},"42":{"name":"(anonymous_42)","decl":{"start":{"line":118,"column":106},"end":{"line":118,"column":107}},"loc":{"start":{"line":118,"column":112},"end":{"line":120,"column":3}},"line":118},"43":{"name":"(anonymous_43)","decl":{"start":{"line":119,"column":10},"end":{"line":119,"column":11}},"loc":{"start":{"line":119,"column":16},"end":{"line":119,"column":54}},"line":119},"44":{"name":"(anonymous_44)","decl":{"start":{"line":122,"column":56},"end":{"line":122,"column":57}},"loc":{"start":{"line":122,"column":62},"end":{"line":141,"column":2}},"line":122},"45":{"name":"(anonymous_45)","decl":{"start":{"line":123,"column":56},"end":{"line":123,"column":57}},"loc":{"start":{"line":123,"column":62},"end":{"line":125,"column":3}},"line":123},"46":{"name":"(anonymous_46)","decl":{"start":{"line":126,"column":59},"end":{"line":126,"column":60}},"loc":{"start":{"line":126,"column":65},"end":{"line":128,"column":3}},"line":126},"47":{"name":"(anonymous_47)","decl":{"start":{"line":129,"column":62},"end":{"line":129,"column":63}},"loc":{"start":{"line":129,"column":68},"end":{"line":131,"column":3}},"line":129},"48":{"name":"(anonymous_48)","decl":{"start":{"line":132,"column":56},"end":{"line":132,"column":57}},"loc":{"start":{"line":132,"column":62},"end":{"line":134,"column":3}},"line":132},"49":{"name":"(anonymous_49)","decl":{"start":{"line":135,"column":56},"end":{"line":135,"column":57}},"loc":{"start":{"line":135,"column":62},"end":{"line":137,"column":3}},"line":135},"50":{"name":"(anonymous_50)","decl":{"start":{"line":138,"column":100},"end":{"line":138,"column":101}},"loc":{"start":{"line":138,"column":106},"end":{"line":140,"column":3}},"line":138},"51":{"name":"(anonymous_51)","decl":{"start":{"line":139,"column":10},"end":{"line":139,"column":11}},"loc":{"start":{"line":139,"column":16},"end":{"line":139,"column":48}},"line":139},"52":{"name":"(anonymous_52)","decl":{"start":{"line":142,"column":54},"end":{"line":142,"column":55}},"loc":{"start":{"line":142,"column":60},"end":{"line":164,"column":2}},"line":142},"53":{"name":"(anonymous_53)","decl":{"start":{"line":143,"column":57},"end":{"line":143,"column":58}},"loc":{"start":{"line":143,"column":63},"end":{"line":145,"column":3}},"line":143},"54":{"name":"(anonymous_54)","decl":{"start":{"line":146,"column":55},"end":{"line":146,"column":56}},"loc":{"start":{"line":146,"column":61},"end":{"line":148,"column":3}},"line":146},"55":{"name":"(anonymous_55)","decl":{"start":{"line":149,"column":55},"end":{"line":149,"column":56}},"loc":{"start":{"line":149,"column":61},"end":{"line":151,"column":3}},"line":149},"56":{"name":"(anonymous_56)","decl":{"start":{"line":152,"column":55},"end":{"line":152,"column":56}},"loc":{"start":{"line":152,"column":61},"end":{"line":154,"column":3}},"line":152},"57":{"name":"(anonymous_57)","decl":{"start":{"line":155,"column":54},"end":{"line":155,"column":55}},"loc":{"start":{"line":155,"column":60},"end":{"line":157,"column":3}},"line":155},"58":{"name":"(anonymous_58)","decl":{"start":{"line":158,"column":54},"end":{"line":158,"column":55}},"loc":{"start":{"line":158,"column":60},"end":{"line":160,"column":3}},"line":158},"59":{"name":"(anonymous_59)","decl":{"start":{"line":161,"column":98},"end":{"line":161,"column":99}},"loc":{"start":{"line":161,"column":104},"end":{"line":163,"column":3}},"line":161},"60":{"name":"(anonymous_60)","decl":{"start":{"line":162,"column":10},"end":{"line":162,"column":11}},"loc":{"start":{"line":162,"column":16},"end":{"line":162,"column":46}},"line":162},"61":{"name":"(anonymous_61)","decl":{"start":{"line":165,"column":59},"end":{"line":165,"column":60}},"loc":{"start":{"line":165,"column":65},"end":{"line":187,"column":2}},"line":165},"62":{"name":"(anonymous_62)","decl":{"start":{"line":166,"column":62},"end":{"line":166,"column":63}},"loc":{"start":{"line":166,"column":68},"end":{"line":168,"column":3}},"line":166},"63":{"name":"(anonymous_63)","decl":{"start":{"line":169,"column":62},"end":{"line":169,"column":63}},"loc":{"start":{"line":169,"column":68},"end":{"line":171,"column":3}},"line":169},"64":{"name":"(anonymous_64)","decl":{"start":{"line":172,"column":60},"end":{"line":172,"column":61}},"loc":{"start":{"line":172,"column":66},"end":{"line":174,"column":3}},"line":172},"65":{"name":"(anonymous_65)","decl":{"start":{"line":175,"column":61},"end":{"line":175,"column":62}},"loc":{"start":{"line":175,"column":67},"end":{"line":177,"column":3}},"line":175},"66":{"name":"(anonymous_66)","decl":{"start":{"line":178,"column":59},"end":{"line":178,"column":60}},"loc":{"start":{"line":178,"column":65},"end":{"line":180,"column":3}},"line":178},"67":{"name":"(anonymous_67)","decl":{"start":{"line":181,"column":59},"end":{"line":181,"column":60}},"loc":{"start":{"line":181,"column":65},"end":{"line":183,"column":3}},"line":181},"68":{"name":"(anonymous_68)","decl":{"start":{"line":184,"column":103},"end":{"line":184,"column":104}},"loc":{"start":{"line":184,"column":109},"end":{"line":186,"column":3}},"line":184},"69":{"name":"(anonymous_69)","decl":{"start":{"line":185,"column":10},"end":{"line":185,"column":11}},"loc":{"start":{"line":185,"column":16},"end":{"line":185,"column":51}},"line":185},"70":{"name":"(anonymous_70)","decl":{"start":{"line":188,"column":55},"end":{"line":188,"column":56}},"loc":{"start":{"line":188,"column":61},"end":{"line":207,"column":2}},"line":188},"71":{"name":"(anonymous_71)","decl":{"start":{"line":189,"column":58},"end":{"line":189,"column":59}},"loc":{"start":{"line":189,"column":64},"end":{"line":191,"column":3}},"line":189},"72":{"name":"(anonymous_72)","decl":{"start":{"line":192,"column":57},"end":{"line":192,"column":58}},"loc":{"start":{"line":192,"column":63},"end":{"line":194,"column":3}},"line":192},"73":{"name":"(anonymous_73)","decl":{"start":{"line":195,"column":55},"end":{"line":195,"column":56}},"loc":{"start":{"line":195,"column":61},"end":{"line":197,"column":3}},"line":195},"74":{"name":"(anonymous_74)","decl":{"start":{"line":198,"column":55},"end":{"line":198,"column":56}},"loc":{"start":{"line":198,"column":61},"end":{"line":200,"column":3}},"line":198},"75":{"name":"(anonymous_75)","decl":{"start":{"line":201,"column":59},"end":{"line":201,"column":60}},"loc":{"start":{"line":201,"column":65},"end":{"line":203,"column":3}},"line":201},"76":{"name":"(anonymous_76)","decl":{"start":{"line":204,"column":99},"end":{"line":204,"column":100}},"loc":{"start":{"line":204,"column":105},"end":{"line":206,"column":3}},"line":204},"77":{"name":"(anonymous_77)","decl":{"start":{"line":205,"column":10},"end":{"line":205,"column":11}},"loc":{"start":{"line":205,"column":16},"end":{"line":205,"column":47}},"line":205},"78":{"name":"(anonymous_78)","decl":{"start":{"line":208,"column":58},"end":{"line":208,"column":59}},"loc":{"start":{"line":208,"column":64},"end":{"line":227,"column":2}},"line":208},"79":{"name":"(anonymous_79)","decl":{"start":{"line":209,"column":66},"end":{"line":209,"column":67}},"loc":{"start":{"line":209,"column":72},"end":{"line":211,"column":3}},"line":209},"80":{"name":"(anonymous_80)","decl":{"start":{"line":212,"column":66},"end":{"line":212,"column":67}},"loc":{"start":{"line":212,"column":72},"end":{"line":214,"column":3}},"line":212},"81":{"name":"(anonymous_81)","decl":{"start":{"line":215,"column":64},"end":{"line":215,"column":65}},"loc":{"start":{"line":215,"column":70},"end":{"line":217,"column":3}},"line":215},"82":{"name":"(anonymous_82)","decl":{"start":{"line":218,"column":58},"end":{"line":218,"column":59}},"loc":{"start":{"line":218,"column":64},"end":{"line":220,"column":3}},"line":218},"83":{"name":"(anonymous_83)","decl":{"start":{"line":221,"column":58},"end":{"line":221,"column":59}},"loc":{"start":{"line":221,"column":64},"end":{"line":223,"column":3}},"line":221},"84":{"name":"(anonymous_84)","decl":{"start":{"line":224,"column":102},"end":{"line":224,"column":103}},"loc":{"start":{"line":224,"column":108},"end":{"line":226,"column":3}},"line":224},"85":{"name":"(anonymous_85)","decl":{"start":{"line":225,"column":10},"end":{"line":225,"column":11}},"loc":{"start":{"line":225,"column":16},"end":{"line":225,"column":50}},"line":225}},"branchMap":{},"s":{"0":1,"1":1,"2":1,"3":1,"4":1,"5":1,"6":1,"7":1,"8":1,"9":1,"10":1,"11":1,"12":1,"13":1,"14":1,"15":1,"16":1,"17":1,"18":1,"19":1,"20":1,"21":1,"22":1,"23":1,"24":1,"25":1,"26":1,"27":1,"28":1,"29":1,"30":1,"31":1,"32":1,"33":1,"34":1,"35":1,"36":1,"37":1,"38":1,"39":1,"40":1,"41":1,"42":1,"43":1,"44":1,"45":1,"46":1,"47":1,"48":1,"49":1,"50":1,"51":1,"52":1,"53":1,"54":1,"55":1,"56":1,"57":1,"58":1,"59":1,"60":1,"61":1,"62":1,"63":1,"64":1,"65":1,"66":1,"67":1,"68":1,"69":1,"70":1,"71":1,"72":1,"73":1,"74":1,"75":1,"76":1,"77":1,"78":1,"79":1,"80":1,"81":1,"82":1,"83":1,"84":1,"85":1,"86":1,"87":1,"88":1,"89":1,"90":1,"91":1,"92":1,"93":1,"94":1,"95":1,"96":1,"97":1,"98":1,"99":1,"100":1,"101":1,"102":1,"103":1,"104":1,"105":1,"106":1,"107":1,"108":1,"109":1,"110":1,"111":1,"112":1,"113":1,"114":1,"115":1,"116":1,"117":1,"118":1,"119":1,"120":1,"121":1,"122":1,"123":1,"124":1,"125":1,"126":1,"127":1,"128":1,"129":1,"130":1,"131":1,"132":1,"133":1,"134":1,"135":1,"136":1,"137":1,"138":1,"139":1,"140":1,"141":1,"142":1,"143":1,"144":1,"145":1,"146":1,"147":1,"148":1,"149":1,"150":1,"151":1,"152":1,"153":1,"154":1},"f":{"0":1,"1":1,"2":1,"3":1,"4":1,"5":1,"6":1,"7":1,"8":1,"9":1,"10":1,"11":1,"12":1,"13":1,"14":1,"15":1,"16":1,"17":1,"18":1,"19":1,"20":1,"21":1,"22":1,"23":1,"24":1,"25":1,"26":1,"27":1,"28":1,"29":1,"30":1,"31":1,"32":1,"33":1,"34":1,"35":1,"36":1,"37":1,"38":1,"39":1,"40":1,"41":1,"42":1,"43":1,"44":1,"45":1,"46":1,"47":1,"48":1,"49":1,"50":1,"51":1,"52":1,"53":1,"54":1,"55":1,"56":1,"57":1,"58":1,"59":1,"60":1,"61":1,"62":1,"63":1,"64":1,"65":1,"66":1,"67":1,"68":1,"69":1,"70":1,"71":1,"72":1,"73":1,"74":1,"75":1,"76":1,"77":1,"78":1,"79":1,"80":1,"81":1,"82":1,"83":1,"84":1,"85":1},"b":{},"_coverageSchema":"332fd63041d2c1bcb487cc26dd0d5f7d97098a6c","hash":"d28a6f8ad130a439908629fe8f989f23f2289d9a","contentHash":"6954c1cd632bbd921696f7111535adf1_11.3.0"}}