TN:
SF:C:\Users\kingsley\Desktop\Events-Manager\server\controllers\centerController.js
FN:27,(anonymous_0)
FN:28,(anonymous_1)
FN:32,(anonymous_2)
FN:35,(anonymous_3)
FN:48,(anonymous_4)
FN:49,(anonymous_5)
FN:67,(anonymous_6)
FN:70,(anonymous_7)
FN:82,(anonymous_8)
FN:86,(anonymous_9)
FN:99,(anonymous_10)
FN:114,(anonymous_11)
FN:115,(anonymous_12)
FN:122,(anonymous_13)
FN:125,(anonymous_14)
FN:138,(anonymous_15)
FN:139,(anonymous_16)
FN:150,(anonymous_17)
FN:158,(anonymous_18)
FN:165,(anonymous_19)
FN:169,(anonymous_20)
FN:187,(anonymous_21)
FN:190,(anonymous_22)
FN:204,(anonymous_23)
FN:205,(anonymous_24)
FN:218,(anonymous_25)
FN:224,(anonymous_26)
FN:238,(anonymous_27)
FN:239,(anonymous_28)
FN:244,(anonymous_29)
FN:247,(anonymous_30)
FN:260,(anonymous_31)
FN:261,(anonymous_32)
FN:267,(anonymous_33)
FN:270,(anonymous_34)
FN:286,(anonymous_35)
FN:287,(anonymous_36)
FN:298,(anonymous_37)
FN:307,(anonymous_38)
FN:322,(anonymous_39)
FN:323,(anonymous_40)
FN:338,(anonymous_41)
FN:346,(anonymous_42)
FNF:43
FNH:28
FNDA:1,(anonymous_0)
FNDA:1,(anonymous_1)
FNDA:1,(anonymous_2)
FNDA:0,(anonymous_3)
FNDA:1,(anonymous_4)
FNDA:5,(anonymous_5)
FNDA:2,(anonymous_6)
FNDA:0,(anonymous_7)
FNDA:4,(anonymous_8)
FNDA:2,(anonymous_9)
FNDA:0,(anonymous_10)
FNDA:1,(anonymous_11)
FNDA:2,(anonymous_12)
FNDA:1,(anonymous_13)
FNDA:1,(anonymous_14)
FNDA:1,(anonymous_15)
FNDA:2,(anonymous_16)
FNDA:0,(anonymous_17)
FNDA:0,(anonymous_18)
FNDA:0,(anonymous_19)
FNDA:0,(anonymous_20)
FNDA:0,(anonymous_21)
FNDA:0,(anonymous_22)
FNDA:1,(anonymous_23)
FNDA:2,(anonymous_24)
FNDA:0,(anonymous_25)
FNDA:0,(anonymous_26)
FNDA:1,(anonymous_27)
FNDA:2,(anonymous_28)
FNDA:1,(anonymous_29)
FNDA:1,(anonymous_30)
FNDA:1,(anonymous_31)
FNDA:2,(anonymous_32)
FNDA:0,(anonymous_33)
FNDA:0,(anonymous_34)
FNDA:2,(anonymous_35)
FNDA:4,(anonymous_36)
FNDA:2,(anonymous_37)
FNDA:0,(anonymous_38)
FNDA:2,(anonymous_39)
FNDA:4,(anonymous_40)
FNDA:2,(anonymous_41)
FNDA:0,(anonymous_42)
DA:5,1
DA:6,1
DA:7,1
DA:28,1
DA:29,1
DA:30,1
DA:31,1
DA:33,1
DA:36,0
DA:49,1
DA:50,5
DA:51,5
DA:53,5
DA:54,3
DA:55,1
DA:56,1
DA:57,1
DA:60,2
DA:68,2
DA:71,0
DA:76,5
DA:77,4
DA:78,4
DA:83,4
DA:84,2
DA:87,2
DA:88,2
DA:95,2
DA:97,2
DA:100,0
DA:103,1
DA:115,1
DA:116,2
DA:123,1
DA:126,1
DA:139,1
DA:140,2
DA:141,2
DA:147,0
DA:149,0
DA:150,0
DA:151,0
DA:153,0
DA:155,0
DA:157,0
DA:158,0
DA:159,0
DA:161,0
DA:163,0
DA:165,0
DA:166,0
DA:169,0
DA:170,0
DA:173,0
DA:174,0
DA:179,0
DA:188,0
DA:191,0
DA:205,1
DA:206,2
DA:207,2
DA:209,0
DA:219,0
DA:225,0
DA:239,1
DA:240,2
DA:245,1
DA:248,1
DA:261,1
DA:262,2
DA:263,0
DA:268,0
DA:271,0
DA:274,2
DA:287,2
DA:288,4
DA:290,4
DA:291,2
DA:293,4
DA:294,2
DA:299,2
DA:300,2
DA:302,0
DA:303,0
DA:304,0
DA:308,0
DA:311,2
DA:323,2
DA:324,4
DA:326,4
DA:327,2
DA:329,4
DA:330,2
DA:331,2
DA:339,2
DA:340,0
DA:341,0
DA:342,0
DA:344,2
DA:347,0
DA:350,2
LF:101
LH:64
BRDA:53,0,0,3
BRDA:53,0,1,2
BRDA:54,1,0,1
BRDA:54,1,1,2
BRDA:76,2,0,4
BRDA:76,2,1,1
BRDA:83,3,0,2
BRDA:83,3,1,2
BRDA:84,4,0,1
BRDA:84,4,1,1
BRDA:87,5,0,2
BRDA:87,5,1,0
BRDA:89,6,0,1
BRDA:89,6,1,1
BRDA:119,7,0,2
BRDA:119,7,1,2
BRDA:140,8,0,2
BRDA:140,8,1,0
BRDA:140,9,0,2
BRDA:140,9,1,2
BRDA:147,10,0,0
BRDA:147,10,1,0
BRDA:155,11,0,0
BRDA:155,11,1,0
BRDA:163,12,0,0
BRDA:163,12,1,0
BRDA:163,13,0,0
BRDA:163,13,1,0
BRDA:184,14,0,0
BRDA:184,14,1,0
BRDA:206,15,0,2
BRDA:206,15,1,0
BRDA:214,16,0,0
BRDA:214,16,1,0
BRDA:220,17,0,0
BRDA:220,17,1,0
BRDA:262,18,0,0
BRDA:262,18,1,2
BRDA:290,19,0,2
BRDA:290,19,1,2
BRDA:290,20,0,4
BRDA:290,20,1,2
BRDA:293,21,0,2
BRDA:293,21,1,2
BRDA:299,22,0,2
BRDA:299,22,1,0
BRDA:326,23,0,2
BRDA:326,23,1,2
BRDA:326,24,0,4
BRDA:326,24,1,2
BRDA:329,25,0,2
BRDA:329,25,1,2
BRDA:339,26,0,0
BRDA:339,26,1,2
BRDA:339,27,0,2
BRDA:339,27,1,1
BRF:56
BRH:36
end_of_record
TN:
SF:C:\Users\kingsley\Desktop\Events-Manager\server\controllers\eventController.js
FN:22,(anonymous_0)
FN:23,(anonymous_1)
FN:29,(anonymous_2)
FN:31,(anonymous_3)
FN:35,(anonymous_4)
FN:49,(anonymous_5)
FN:50,(anonymous_6)
FN:58,(anonymous_7)
FN:61,(anonymous_8)
FN:75,(anonymous_9)
FN:76,(anonymous_10)
FN:81,(anonymous_11)
FN:84,(anonymous_12)
FN:98,(anonymous_13)
FN:99,(anonymous_14)
FN:108,(anonymous_15)
FN:111,(anonymous_16)
FN:124,(anonymous_17)
FN:125,(anonymous_18)
FN:132,(anonymous_19)
FN:135,(anonymous_20)
FNF:21
FNH:18
FNDA:1,(anonymous_0)
FNDA:2,(anonymous_1)
FNDA:2,(anonymous_2)
FNDA:2,(anonymous_3)
FNDA:0,(anonymous_4)
FNDA:1,(anonymous_5)
FNDA:2,(anonymous_6)
FNDA:1,(anonymous_7)
FNDA:1,(anonymous_8)
FNDA:1,(anonymous_9)
FNDA:2,(anonymous_10)
FNDA:1,(anonymous_11)
FNDA:1,(anonymous_12)
FNDA:1,(anonymous_13)
FNDA:2,(anonymous_14)
FNDA:2,(anonymous_15)
FNDA:0,(anonymous_16)
FNDA:1,(anonymous_17)
FNDA:1,(anonymous_18)
FNDA:1,(anonymous_19)
FNDA:0,(anonymous_20)
DA:4,1
DA:5,1
DA:6,1
DA:23,1
DA:24,2
DA:25,2
DA:26,2
DA:30,2
DA:32,2
DA:36,0
DA:50,1
DA:51,2
DA:59,1
DA:62,1
DA:76,1
DA:77,2
DA:82,1
DA:85,1
DA:99,1
DA:100,2
DA:101,2
DA:109,2
DA:112,0
DA:125,1
DA:126,1
DA:133,1
DA:136,0
LF:27
LH:24
BRF:0
BRH:0
end_of_record
TN:
SF:C:\Users\kingsley\Desktop\Events-Manager\server\controllers\userController.js
FN:19,(anonymous_0)
FN:20,(anonymous_1)
FN:23,(anonymous_2)
FN:41,(anonymous_3)
FN:54,(anonymous_4)
FN:55,(anonymous_5)
FN:63,(anonymous_6)
FN:65,(anonymous_7)
FN:72,(anonymous_8)
FN:79,(anonymous_9)
FN:86,(anonymous_10)
FN:106,(anonymous_11)
FN:107,(anonymous_12)
FN:131,(anonymous_13)
FN:132,(anonymous_14)
FN:145,(anonymous_15)
FN:154,(anonymous_16)
FN:159,(anonymous_17)
FN:177,(anonymous_18)
FN:178,(anonymous_19)
FN:197,(anonymous_20)
FN:198,(anonymous_21)
FN:203,(anonymous_22)
FN:207,(anonymous_23)
FN:218,(anonymous_24)
FN:229,(anonymous_25)
FNF:26
FNH:24
FNDA:1,(anonymous_0)
FNDA:1,(anonymous_1)
FNDA:1,(anonymous_2)
FNDA:0,(anonymous_3)
FNDA:1,(anonymous_4)
FNDA:7,(anonymous_5)
FNDA:7,(anonymous_6)
FNDA:7,(anonymous_7)
FNDA:6,(anonymous_8)
FNDA:0,(anonymous_9)
FNDA:1,(anonymous_10)
FNDA:1,(anonymous_11)
FNDA:8,(anonymous_12)
FNDA:5,(anonymous_13)
FNDA:31,(anonymous_14)
FNDA:27,(anonymous_15)
FNDA:27,(anonymous_16)
FNDA:2,(anonymous_17)
FNDA:2,(anonymous_18)
FNDA:8,(anonymous_19)
FNDA:1,(anonymous_20)
FNDA:2,(anonymous_21)
FNDA:2,(anonymous_22)
FNDA:2,(anonymous_23)
FNDA:1,(anonymous_24)
FNDA:1,(anonymous_25)
DA:5,1
DA:6,1
DA:20,1
DA:21,1
DA:22,1
DA:24,1
DA:25,1
DA:42,0
DA:55,1
DA:56,7
DA:59,7
DA:64,7
DA:66,7
DA:67,6
DA:68,6
DA:71,6
DA:73,6
DA:80,0
DA:83,1
DA:87,1
DA:88,1
DA:89,1
DA:92,1
DA:107,1
DA:108,8
DA:109,8
DA:110,8
DA:111,8
DA:112,1
DA:113,0
DA:114,0
DA:115,0
DA:118,8
DA:119,1
DA:120,7
DA:132,5
DA:133,31
DA:134,31
DA:137,31
DA:139,29
DA:140,29
DA:142,29
DA:144,29
DA:146,27
DA:155,27
DA:156,27
DA:160,2
DA:164,2
DA:165,2
DA:178,2
DA:179,8
DA:180,6
DA:182,2
DA:183,2
DA:184,2
DA:185,2
DA:198,1
DA:199,2
DA:205,2
DA:206,2
DA:208,2
DA:209,1
DA:210,1
DA:211,1
DA:212,1
DA:214,1
DA:219,1
DA:230,1
LF:68
LH:63
BRDA:66,0,0,6
BRDA:66,0,1,1
BRDA:87,1,0,1
BRDA:87,1,1,0
BRDA:87,2,0,1
BRDA:87,2,1,1
BRDA:110,3,0,8
BRDA:110,3,1,0
BRDA:111,4,0,1
BRDA:111,4,1,7
BRDA:111,5,0,8
BRDA:111,5,1,7
BRDA:113,6,0,0
BRDA:113,6,1,0
BRDA:114,7,0,0
BRDA:114,7,1,0
BRDA:118,8,0,1
BRDA:118,8,1,7
BRDA:134,9,0,31
BRDA:134,9,1,31
BRDA:134,9,2,31
BRDA:134,9,3,31
BRDA:134,9,4,31
BRDA:137,10,0,29
BRDA:137,10,1,2
BRDA:142,11,0,0
BRDA:142,11,1,29
BRDA:179,12,0,6
BRDA:179,12,1,2
BRDA:208,13,0,1
BRDA:208,13,1,1
BRDA:221,14,0,1
BRDA:221,14,1,0
BRF:33
BRH:25
end_of_record
TN:
SF:C:\Users\kingsley\Desktop\Events-Manager\server\models\user.js
FN:4,(anonymous_0)
FN:75,(anonymous_1)
FN:77,(anonymous_2)
FN:83,(anonymous_3)
FN:85,(anonymous_4)
FN:93,(anonymous_5)
FNF:6
FNH:6
FNDA:1,(anonymous_0)
FNDA:7,(anonymous_1)
FNDA:7,(anonymous_2)
FNDA:1,(anonymous_3)
FNDA:1,(anonymous_4)
FNDA:1,(anonymous_5)
DA:5,1
DA:76,7
DA:78,7
DA:79,7
DA:84,1
DA:86,1
DA:87,1
DA:93,1
DA:94,1
DA:102,1
DA:112,1
LF:11
LH:11
BRF:0
BRH:0
end_of_record
TN:
SF:C:\Users\kingsley\Desktop\Events-Manager\server\routes\authRoutes.js
FNF:0
FNH:0
DA:6,1
DA:7,1
DA:8,1
DA:10,1
DA:19,1
LF:5
LH:5
BRF:0
BRH:0
end_of_record
TN:
SF:C:\Users\kingsley\Desktop\Events-Manager\server\routes\centerRoutes.js
FNF:0
FNH:0
DA:6,1
DA:7,1
DA:8,1
DA:9,1
DA:11,1
DA:21,1
LF:6
LH:6
BRF:0
BRH:0
end_of_record
TN:
SF:C:\Users\kingsley\Desktop\Events-Manager\server\services\authenticationService.js
FN:19,(anonymous_0)
FN:20,(anonymous_1)
FN:27,(anonymous_2)
FN:46,(anonymous_3)
FNF:4
FNH:4
FNDA:10,(anonymous_0)
FNDA:10,(anonymous_1)
FNDA:10,(anonymous_2)
FNDA:32,(anonymous_3)
DA:20,10
DA:21,10
DA:27,10
DA:28,10
DA:29,1
DA:30,1
DA:31,1
DA:33,9
DA:48,32
DA:49,32
DA:53,32
DA:54,28
DA:55,28
DA:58,4
DA:59,4
DA:60,0
DA:62,4
DA:64,4
LF:18
LH:17
BRDA:28,0,0,1
BRDA:28,0,1,9
BRDA:54,1,0,28
BRDA:54,1,1,0
BRDA:59,2,0,0
BRDA:59,2,1,4
BRF:6
BRH:4
end_of_record
TN:
SF:C:\Users\kingsley\Desktop\Events-Manager\server\services\modelService.js
FN:26,(anonymous_0)
FN:28,(anonymous_1)
FN:37,(anonymous_2)
FN:55,(anonymous_3)
FN:61,(anonymous_4)
FN:92,(anonymous_5)
FN:101,(anonymous_6)
FN:111,(anonymous_7)
FN:129,(anonymous_8)
FN:135,(anonymous_9)
FN:158,(anonymous_10)
FN:160,(anonymous_11)
FN:178,(anonymous_12)
FN:193,(anonymous_13)
FN:195,(anonymous_14)
FN:197,(anonymous_15)
FN:206,(anonymous_16)
FN:221,(anonymous_17)
FN:225,(anonymous_18)
FN:229,(anonymous_19)
FN:246,(anonymous_20)
FN:260,(anonymous_21)
FN:296,(anonymous_22)
FN:313,(anonymous_23)
FN:326,(anonymous_24)
FNF:25
FNH:24
FNDA:13,(anonymous_0)
FNDA:13,(anonymous_1)
FNDA:0,(anonymous_2)
FNDA:11,(anonymous_3)
FNDA:19,(anonymous_4)
FNDA:61,(anonymous_5)
FNDA:61,(anonymous_6)
FNDA:5,(anonymous_7)
FNDA:12,(anonymous_8)
FNDA:12,(anonymous_9)
FNDA:6,(anonymous_10)
FNDA:6,(anonymous_11)
FNDA:2,(anonymous_12)
FNDA:3,(anonymous_13)
FNDA:2,(anonymous_14)
FNDA:2,(anonymous_15)
FNDA:1,(anonymous_16)
FNDA:10,(anonymous_17)
FNDA:9,(anonymous_18)
FNDA:9,(anonymous_19)
FNDA:1,(anonymous_20)
FNDA:4,(anonymous_21)
FNDA:31,(anonymous_22)
FNDA:22,(anonymous_23)
FNDA:10,(anonymous_24)
DA:4,1
DA:27,13
DA:29,13
DA:38,0
DA:39,0
DA:56,11
DA:57,11
DA:59,11
DA:61,11
DA:62,19
DA:65,11
DA:67,10
DA:69,7
DA:70,7
DA:74,11
DA:94,61
DA:95,61
DA:97,61
DA:102,61
DA:103,5
DA:104,5
DA:107,5
DA:109,56
DA:112,5
DA:130,12
DA:131,12
DA:136,12
DA:137,12
DA:138,12
DA:142,12
DA:159,6
DA:161,6
DA:162,4
DA:165,2
DA:166,2
DA:167,0
DA:168,2
DA:170,2
DA:171,2
DA:172,2
DA:175,2
DA:179,2
DA:194,3
DA:196,2
DA:198,2
DA:207,1
DA:222,10
DA:226,9
DA:227,9
DA:228,9
DA:230,9
DA:231,9
DA:241,0
DA:242,0
DA:247,1
DA:261,4
DA:262,4
DA:263,4
DA:265,4
DA:266,4
DA:269,2
DA:270,2
DA:271,2
DA:273,2
DA:274,1
DA:275,1
DA:276,2
DA:278,2
DA:279,2
DA:281,4
DA:282,4
DA:284,4
DA:297,31
DA:314,22
DA:315,22
DA:327,10
LF:76
LH:71
BRDA:31,0,0,0
BRDA:31,0,1,13
BRDA:67,1,0,7
BRDA:67,1,1,3
BRDA:97,2,0,0
BRDA:97,2,1,61
BRDA:102,3,0,5
BRDA:102,3,1,56
BRDA:104,4,0,5
BRDA:104,4,1,0
BRDA:131,5,0,0
BRDA:131,5,1,12
BRDA:138,6,0,5
BRDA:138,6,1,7
BRDA:142,7,0,9
BRDA:142,7,1,3
BRDA:161,8,0,4
BRDA:161,8,1,2
BRDA:166,9,0,0
BRDA:166,9,1,2
BRDA:172,10,0,2
BRDA:172,10,1,0
BRDA:200,11,0,2
BRDA:200,11,1,0
BRDA:230,12,0,9
BRDA:230,12,1,0
BRDA:232,13,0,6
BRDA:232,13,1,3
BRDA:234,14,0,6
BRDA:234,14,1,3
BRDA:235,15,0,0
BRDA:235,15,1,6
BRDA:265,16,0,4
BRDA:265,16,1,0
BRDA:266,17,0,2
BRDA:266,17,1,2
BRDA:266,17,2,2
BRDA:273,18,0,1
BRDA:273,18,1,1
BRDA:281,19,0,4
BRDA:281,19,1,0
BRDA:282,20,0,2
BRDA:282,20,1,2
BRDA:299,21,0,31
BRDA:299,21,1,27
BRDA:314,22,0,22
BRDA:314,22,1,14
BRF:47
BRH:36
end_of_record
TN:
SF:C:\Users\kingsley\Desktop\Events-Manager\server\services\utilityService.js
FN:25,(anonymous_0)
FN:38,(anonymous_1)
FN:57,(anonymous_2)
FN:83,(anonymous_3)
FN:102,(anonymous_4)
FNF:5
FNH:5
FNDA:11,(anonymous_0)
FNDA:51,(anonymous_1)
FNDA:2,(anonymous_2)
FNDA:33,(anonymous_3)
FNDA:56,(anonymous_4)
DA:26,11
DA:27,11
DA:29,11
DA:31,11
DA:32,8
DA:33,8
DA:34,31
DA:35,31
DA:36,26
DA:37,25
DA:38,25
DA:39,51
DA:40,51
DA:45,1
DA:46,1
DA:51,5
DA:54,3
DA:55,3
DA:56,1
DA:57,1
DA:58,2
DA:59,2
DA:64,2
DA:65,2
DA:70,0
DA:71,11
DA:84,33
DA:85,33
DA:86,128
DA:87,125
DA:89,33
DA:103,56
DA:104,56
LF:33
LH:32
BRDA:27,0,0,8
BRDA:27,0,1,3
BRDA:27,1,0,11
BRDA:27,1,1,8
BRDA:29,2,0,1
BRDA:29,2,1,10
BRDA:29,3,0,11
BRDA:29,3,1,8
BRDA:31,4,0,8
BRDA:31,4,1,3
BRDA:34,5,0,31
BRDA:34,5,1,0
BRDA:35,6,0,26
BRDA:35,6,1,5
BRDA:36,7,0,25
BRDA:36,7,1,1
BRDA:40,8,0,1
BRDA:40,8,1,50
BRDA:46,9,0,0
BRDA:46,9,1,1
BRDA:54,10,0,3
BRDA:54,10,1,0
BRDA:55,11,0,1
BRDA:55,11,1,2
BRDA:59,12,0,0
BRDA:59,12,1,2
BRDA:65,13,0,0
BRDA:65,13,1,2
BRDA:86,14,0,125
BRDA:86,14,1,3
BRDA:103,15,0,8
BRDA:103,15,1,48
BRDA:104,16,0,49
BRDA:104,16,1,7
BRF:34
BRH:29
end_of_record
TN:
SF:C:\Users\kingsley\Desktop\Events-Manager\server\services\validationService.js
FN:18,(anonymous_0)
FN:19,(anonymous_1)
FN:46,(anonymous_2)
FN:59,(anonymous_3)
FN:73,(anonymous_4)
FN:89,(anonymous_5)
FN:107,(anonymous_6)
FN:123,(anonymous_7)
FN:139,(anonymous_8)
FN:155,(anonymous_9)
FN:168,(anonymous_10)
FN:183,(anonymous_11)
FN:200,(anonymous_12)
FN:213,(anonymous_13)
FN:227,(anonymous_14)
FN:245,(anonymous_15)
FNF:16
FNH:16
FNDA:3,(anonymous_0)
FNDA:8,(anonymous_1)
FNDA:37,(anonymous_2)
FNDA:34,(anonymous_3)
FNDA:5,(anonymous_4)
FNDA:10,(anonymous_5)
FNDA:5,(anonymous_6)
FNDA:15,(anonymous_7)
FNDA:13,(anonymous_8)
FNDA:18,(anonymous_9)
FNDA:17,(anonymous_10)
FNDA:16,(anonymous_11)
FNDA:11,(anonymous_12)
FNDA:18,(anonymous_13)
FNDA:16,(anonymous_14)
FNDA:23,(anonymous_15)
DA:3,1
DA:19,3
DA:20,8
DA:22,8
DA:23,8
DA:24,1
DA:25,1
DA:29,8
DA:30,1
DA:31,1
DA:32,1
DA:33,1
DA:35,7
DA:47,37
DA:48,1
DA:49,36
DA:60,34
DA:61,1
DA:62,33
DA:74,5
DA:75,1
DA:77,4
DA:78,4
DA:91,10
DA:92,1
DA:94,9
DA:95,9
DA:96,9
DA:108,5
DA:109,1
DA:111,4
DA:112,4
DA:124,15
DA:125,1
DA:127,14
DA:128,14
DA:140,13
DA:141,1
DA:143,12
DA:144,12
DA:156,18
DA:157,1
DA:158,17
DA:169,17
DA:170,1
DA:171,16
DA:172,6
DA:173,10
DA:184,16
DA:185,1
DA:186,15
DA:187,12
DA:189,3
DA:201,11
DA:202,1
DA:203,10
DA:214,18
DA:215,1
DA:216,17
DA:228,16
DA:229,1
DA:231,15
DA:232,15
DA:246,23
DA:247,1
DA:249,22
DA:250,22
LF:67
LH:67
BRDA:23,0,0,1
BRDA:23,0,1,7
BRDA:23,1,0,8
BRDA:23,1,1,8
BRDA:29,2,0,1
BRDA:29,2,1,7
BRDA:47,3,0,1
BRDA:47,3,1,36
BRDA:49,4,0,1
BRDA:49,4,1,35
BRDA:49,5,0,36
BRDA:49,5,1,35
BRDA:60,6,0,1
BRDA:60,6,1,33
BRDA:62,7,0,19
BRDA:62,7,1,14
BRDA:74,8,0,1
BRDA:74,8,1,4
BRDA:78,9,0,1
BRDA:78,9,1,3
BRDA:91,10,0,1
BRDA:91,10,1,9
BRDA:94,11,0,0
BRDA:94,11,1,9
BRDA:96,12,0,5
BRDA:96,12,1,4
BRDA:108,13,0,1
BRDA:108,13,1,4
BRDA:112,14,0,1
BRDA:112,14,1,3
BRDA:124,15,0,1
BRDA:124,15,1,14
BRDA:128,16,0,9
BRDA:128,16,1,5
BRDA:140,17,0,1
BRDA:140,17,1,12
BRDA:144,18,0,9
BRDA:144,18,1,3
BRDA:156,19,0,1
BRDA:156,19,1,17
BRDA:158,20,0,11
BRDA:158,20,1,6
BRDA:158,21,0,17
BRDA:158,21,1,10
BRDA:169,22,0,1
BRDA:169,22,1,16
BRDA:171,23,0,6
BRDA:171,23,1,10
BRDA:173,24,0,7
BRDA:173,24,1,3
BRDA:184,25,0,1
BRDA:184,25,1,15
BRDA:186,26,0,12
BRDA:186,26,1,3
BRDA:186,27,0,15
BRDA:186,27,1,8
BRDA:201,28,0,1
BRDA:201,28,1,10
BRDA:203,29,0,5
BRDA:203,29,1,5
BRDA:214,30,0,1
BRDA:214,30,1,17
BRDA:216,31,0,15
BRDA:216,31,1,2
BRDA:228,32,0,1
BRDA:228,32,1,15
BRDA:232,33,0,12
BRDA:232,33,1,3
BRDA:246,34,0,1
BRDA:246,34,1,22
BRDA:250,35,0,10
BRDA:250,35,1,12
BRF:72
BRH:71
end_of_record
TN:
SF:C:\Users\kingsley\Desktop\Events-Manager\server\validations\eventValidations.js
FN:18,(anonymous_0)
FN:19,(anonymous_1)
FN:142,(anonymous_2)
FN:143,(anonymous_3)
FN:157,(anonymous_4)
FN:160,(anonymous_5)
FNF:6
FNH:5
FNDA:2,(anonymous_0)
FNDA:9,(anonymous_1)
FNDA:1,(anonymous_2)
FNDA:2,(anonymous_3)
FNDA:2,(anonymous_4)
FNDA:0,(anonymous_5)
DA:4,1
DA:5,1
DA:19,2
DA:20,9
DA:21,9
DA:23,9
DA:24,7
DA:25,7
DA:27,2
DA:28,2
DA:29,2
DA:30,2
DA:31,2
DA:32,2
DA:38,2
DA:39,0
DA:41,2
DA:42,0
DA:44,2
DA:45,0
DA:47,2
DA:48,0
DA:50,2
DA:51,0
DA:53,2
DA:54,0
DA:56,2
DA:57,0
DA:59,2
DA:60,0
DA:62,2
DA:63,0
DA:65,2
DA:66,0
DA:68,5
DA:69,1
DA:71,4
DA:72,0
DA:74,4
DA:75,1
DA:77,3
DA:78,1
DA:80,2
DA:81,1
DA:83,1
DA:84,1
DA:86,2
DA:88,2
DA:89,2
DA:90,0
DA:92,2
DA:93,0
DA:96,2
DA:97,0
DA:98,0
DA:100,0
DA:101,0
DA:104,2
DA:105,0
DA:106,0
DA:108,2
DA:109,0
DA:110,0
DA:112,2
DA:113,0
DA:114,0
DA:116,0
DA:117,0
DA:120,2
DA:121,0
DA:122,0
DA:124,0
DA:125,0
DA:129,9
DA:143,1
DA:145,2
DA:146,0
DA:148,2
DA:149,2
DA:158,2
DA:161,0
LF:81
LH:50
BRDA:23,0,0,7
BRDA:23,0,1,2
BRDA:25,1,0,2
BRDA:25,1,1,5
BRDA:25,2,0,7
BRDA:25,2,1,6
BRDA:25,2,2,6
BRDA:25,2,3,5
BRDA:25,2,4,4
BRDA:25,2,5,3
BRDA:38,3,0,0
BRDA:38,3,1,2
BRDA:41,4,0,0
BRDA:41,4,1,2
BRDA:44,5,0,0
BRDA:44,5,1,2
BRDA:47,6,0,0
BRDA:47,6,1,2
BRDA:50,7,0,0
BRDA:50,7,1,2
BRDA:53,8,0,0
BRDA:53,8,1,2
BRDA:56,9,0,0
BRDA:56,9,1,2
BRDA:59,10,0,0
BRDA:59,10,1,2
BRDA:62,11,0,0
BRDA:62,11,1,2
BRDA:65,12,0,0
BRDA:65,12,1,2
BRDA:68,13,0,1
BRDA:68,13,1,4
BRDA:71,14,0,0
BRDA:71,14,1,4
BRDA:74,15,0,1
BRDA:74,15,1,3
BRDA:77,16,0,1
BRDA:77,16,1,2
BRDA:80,17,0,1
BRDA:80,17,1,1
BRDA:83,18,0,1
BRDA:83,18,1,0
BRDA:86,19,0,2
BRDA:86,19,1,0
BRDA:88,20,0,2
BRDA:88,20,1,0
BRDA:89,21,0,0
BRDA:89,21,1,2
BRDA:92,22,0,0
BRDA:92,22,1,2
BRDA:96,23,0,0
BRDA:96,23,1,2
BRDA:96,24,0,2
BRDA:96,24,1,2
BRDA:97,25,0,0
BRDA:97,25,1,0
BRDA:100,26,0,0
BRDA:100,26,1,0
BRDA:104,27,0,0
BRDA:104,27,1,2
BRDA:104,28,0,2
BRDA:104,28,1,2
BRDA:105,29,0,0
BRDA:105,29,1,0
BRDA:108,30,0,0
BRDA:108,30,1,2
BRDA:108,31,0,2
BRDA:108,31,1,2
BRDA:109,32,0,0
BRDA:109,32,1,0
BRDA:112,33,0,0
BRDA:112,33,1,2
BRDA:112,34,0,2
BRDA:112,34,1,2
BRDA:113,35,0,0
BRDA:113,35,1,0
BRDA:116,36,0,0
BRDA:116,36,1,0
BRDA:120,37,0,0
BRDA:120,37,1,2
BRDA:120,38,0,2
BRDA:120,38,1,2
BRDA:121,39,0,0
BRDA:121,39,1,0
BRDA:124,40,0,0
BRDA:124,40,1,0
BRDA:129,41,0,5
BRDA:129,41,1,4
BRDA:145,42,0,0
BRDA:145,42,1,2
BRF:90
BRH:52
end_of_record
TN:
SF:C:\Users\kingsley\Desktop\Events-Manager\server\validations\userValidations.js
FN:17,(anonymous_0)
FN:18,(anonymous_1)
FN:101,(anonymous_2)
FN:102,(anonymous_3)
FN:107,(anonymous_4)
FN:110,(anonymous_5)
FN:123,(anonymous_6)
FN:124,(anonymous_7)
FN:130,(anonymous_8)
FN:133,(anonymous_9)
FNF:10
FNH:10
FNDA:2,(anonymous_0)
FNDA:14,(anonymous_1)
FNDA:1,(anonymous_2)
FNDA:3,(anonymous_3)
FNDA:2,(anonymous_4)
FNDA:1,(anonymous_5)
FNDA:1,(anonymous_6)
FNDA:2,(anonymous_7)
FNDA:1,(anonymous_8)
FNDA:1,(anonymous_9)
DA:4,1
DA:5,1
DA:18,2
DA:20,14
DA:21,14
DA:22,14
DA:23,14
DA:25,14
DA:26,9
DA:30,7
DA:31,7
DA:32,7
DA:38,7
DA:39,0
DA:41,7
DA:42,1
DA:44,6
DA:45,1
DA:49,5
DA:50,1
DA:52,4
DA:53,0
DA:55,4
DA:56,0
DA:58,7
DA:59,1
DA:60,2
DA:61,1
DA:63,1
DA:64,0
DA:66,1
DA:67,1
DA:69,5
DA:71,5
DA:77,4
DA:79,4
DA:80,0
DA:81,4
DA:82,1
DA:83,4
DA:84,1
DA:86,1
DA:89,14
DA:102,1
DA:103,3
DA:104,0
DA:106,3
DA:108,2
DA:111,1
DA:124,1
DA:125,2
DA:126,0
DA:128,2
DA:131,1
DA:134,1
LF:55
LH:48
BRDA:25,0,0,9
BRDA:25,0,1,5
BRDA:26,1,0,7
BRDA:26,1,1,2
BRDA:26,2,0,9
BRDA:26,2,1,8
BRDA:26,2,2,8
BRDA:38,3,0,0
BRDA:38,3,1,7
BRDA:41,4,0,1
BRDA:41,4,1,6
BRDA:44,5,0,1
BRDA:44,5,1,5
BRDA:49,6,0,1
BRDA:49,6,1,4
BRDA:49,7,0,5
BRDA:49,7,1,5
BRDA:52,8,0,0
BRDA:52,8,1,4
BRDA:55,9,0,0
BRDA:55,9,1,4
BRDA:58,10,0,1
BRDA:58,10,1,6
BRDA:60,11,0,1
BRDA:60,11,1,1
BRDA:63,12,0,0
BRDA:63,12,1,1
BRDA:66,13,0,1
BRDA:66,13,1,0
BRDA:69,14,0,5
BRDA:69,14,1,0
BRDA:71,15,0,4
BRDA:71,15,1,1
BRDA:79,16,0,0
BRDA:79,16,1,4
BRDA:81,17,0,1
BRDA:81,17,1,3
BRDA:81,18,0,4
BRDA:81,18,1,4
BRDA:83,19,0,1
BRDA:83,19,1,3
BRDA:83,20,0,4
BRDA:83,20,1,3
BRDA:89,21,0,9
BRDA:89,21,1,5
BRDA:103,22,0,0
BRDA:103,22,1,3
BRDA:125,23,0,0
BRDA:125,23,1,2
BRF:49
BRH:40
end_of_record
