TN:
SF:C:\Users\kingsley\Desktop\Events-Manager\server\controllers\centerController.js
FN:27,(anonymous_0)
FN:28,(anonymous_1)
FN:32,(anonymous_2)
FN:35,(anonymous_3)
FN:48,(anonymous_4)
FN:49,(anonymous_5)
FN:67,(anonymous_6)
FN:70,(anonymous_7)
FN:85,(anonymous_8)
FN:89,(anonymous_9)
FN:102,(anonymous_10)
FN:117,(anonymous_11)
FN:118,(anonymous_12)
FN:125,(anonymous_13)
FN:128,(anonymous_14)
FN:141,(anonymous_15)
FN:142,(anonymous_16)
FN:153,(anonymous_17)
FN:161,(anonymous_18)
FN:168,(anonymous_19)
FN:172,(anonymous_20)
FN:190,(anonymous_21)
FN:193,(anonymous_22)
FN:207,(anonymous_23)
FN:208,(anonymous_24)
FN:221,(anonymous_25)
FN:227,(anonymous_26)
FN:241,(anonymous_27)
FN:242,(anonymous_28)
FN:247,(anonymous_29)
FN:250,(anonymous_30)
FN:263,(anonymous_31)
FN:264,(anonymous_32)
FN:270,(anonymous_33)
FN:273,(anonymous_34)
FN:289,(anonymous_35)
FN:290,(anonymous_36)
FN:301,(anonymous_37)
FN:310,(anonymous_38)
FN:325,(anonymous_39)
FN:326,(anonymous_40)
FN:341,(anonymous_41)
FN:349,(anonymous_42)
FNF:43
FNH:11
FNDA:1,(anonymous_0)
FNDA:1,(anonymous_1)
FNDA:1,(anonymous_2)
FNDA:0,(anonymous_3)
FNDA:1,(anonymous_4)
FNDA:0,(anonymous_5)
FNDA:0,(anonymous_6)
FNDA:0,(anonymous_7)
FNDA:0,(anonymous_8)
FNDA:0,(anonymous_9)
FNDA:0,(anonymous_10)
FNDA:1,(anonymous_11)
FNDA:0,(anonymous_12)
FNDA:0,(anonymous_13)
FNDA:0,(anonymous_14)
FNDA:1,(anonymous_15)
FNDA:0,(anonymous_16)
FNDA:0,(anonymous_17)
FNDA:0,(anonymous_18)
FNDA:0,(anonymous_19)
FNDA:0,(anonymous_20)
FNDA:0,(anonymous_21)
FNDA:0,(anonymous_22)
FNDA:1,(anonymous_23)
FNDA:0,(anonymous_24)
FNDA:0,(anonymous_25)
FNDA:0,(anonymous_26)
FNDA:1,(anonymous_27)
FNDA:0,(anonymous_28)
FNDA:0,(anonymous_29)
FNDA:0,(anonymous_30)
FNDA:1,(anonymous_31)
FNDA:0,(anonymous_32)
FNDA:0,(anonymous_33)
FNDA:0,(anonymous_34)
FNDA:2,(anonymous_35)
FNDA:0,(anonymous_36)
FNDA:0,(anonymous_37)
FNDA:0,(anonymous_38)
FNDA:2,(anonymous_39)
FNDA:0,(anonymous_40)
FNDA:0,(anonymous_41)
FNDA:0,(anonymous_42)
DA:5,1
DA:6,1
DA:7,1
DA:28,1
DA:29,1
DA:30,1
DA:31,1
DA:33,1
DA:36,0
DA:49,1
DA:50,0
DA:51,0
DA:53,0
DA:54,0
DA:55,0
DA:56,0
DA:57,0
DA:60,0
DA:68,0
DA:71,0
DA:76,0
DA:77,0
DA:78,0
DA:86,0
DA:87,0
DA:90,0
DA:91,0
DA:98,0
DA:100,0
DA:103,0
DA:106,0
DA:118,1
DA:119,0
DA:126,0
DA:129,0
DA:142,1
DA:143,0
DA:144,0
DA:150,0
DA:152,0
DA:153,0
DA:154,0
DA:156,0
DA:158,0
DA:160,0
DA:161,0
DA:162,0
DA:164,0
DA:166,0
DA:168,0
DA:169,0
DA:172,0
DA:173,0
DA:176,0
DA:177,0
DA:182,0
DA:191,0
DA:194,0
DA:208,1
DA:209,0
DA:210,0
DA:212,0
DA:222,0
DA:228,0
DA:242,1
DA:243,0
DA:248,0
DA:251,0
DA:264,1
DA:265,0
DA:266,0
DA:271,0
DA:274,0
DA:277,0
DA:290,2
DA:291,0
DA:293,0
DA:294,0
DA:296,0
DA:297,0
DA:302,0
DA:303,0
DA:305,0
DA:306,0
DA:307,0
DA:311,0
DA:314,0
DA:326,2
DA:327,0
DA:329,0
DA:330,0
DA:332,0
DA:333,0
DA:334,0
DA:342,0
DA:343,0
DA:344,0
DA:345,0
DA:347,0
DA:350,0
DA:353,0
LF:101
LH:16
BRDA:53,0,0,0
BRDA:53,0,1,0
BRDA:54,1,0,0
BRDA:54,1,1,0
BRDA:76,2,0,0
BRDA:76,2,1,0
BRDA:86,3,0,0
BRDA:86,3,1,0
BRDA:87,4,0,0
BRDA:87,4,1,0
BRDA:90,5,0,0
BRDA:90,5,1,0
BRDA:92,6,0,0
BRDA:92,6,1,0
BRDA:122,7,0,0
BRDA:122,7,1,0
BRDA:143,8,0,0
BRDA:143,8,1,0
BRDA:143,9,0,0
BRDA:143,9,1,0
BRDA:150,10,0,0
BRDA:150,10,1,0
BRDA:158,11,0,0
BRDA:158,11,1,0
BRDA:166,12,0,0
BRDA:166,12,1,0
BRDA:166,13,0,0
BRDA:166,13,1,0
BRDA:187,14,0,0
BRDA:187,14,1,0
BRDA:209,15,0,0
BRDA:209,15,1,0
BRDA:217,16,0,0
BRDA:217,16,1,0
BRDA:223,17,0,0
BRDA:223,17,1,0
BRDA:265,18,0,0
BRDA:265,18,1,0
BRDA:293,19,0,0
BRDA:293,19,1,0
BRDA:293,20,0,0
BRDA:293,20,1,0
BRDA:296,21,0,0
BRDA:296,21,1,0
BRDA:302,22,0,0
BRDA:302,22,1,0
BRDA:329,23,0,0
BRDA:329,23,1,0
BRDA:329,24,0,0
BRDA:329,24,1,0
BRDA:332,25,0,0
BRDA:332,25,1,0
BRDA:342,26,0,0
BRDA:342,26,1,0
BRF:54
BRH:0
end_of_record
TN:
SF:C:\Users\kingsley\Desktop\Events-Manager\server\controllers\userController.js
FN:19,(anonymous_0)
FN:20,(anonymous_1)
FN:23,(anonymous_2)
FN:41,(anonymous_3)
FN:54,(anonymous_4)
FN:55,(anonymous_5)
FN:63,(anonymous_6)
FN:65,(anonymous_7)
FN:72,(anonymous_8)
FN:79,(anonymous_9)
FN:86,(anonymous_10)
FN:106,(anonymous_11)
FN:107,(anonymous_12)
FN:131,(anonymous_13)
FN:132,(anonymous_14)
FN:145,(anonymous_15)
FN:154,(anonymous_16)
FN:159,(anonymous_17)
FN:177,(anonymous_18)
FN:178,(anonymous_19)
FN:197,(anonymous_20)
FN:198,(anonymous_21)
FN:203,(anonymous_22)
FN:207,(anonymous_23)
FN:218,(anonymous_24)
FN:229,(anonymous_25)
FNF:26
FNH:24
FNDA:1,(anonymous_0)
FNDA:1,(anonymous_1)
FNDA:1,(anonymous_2)
FNDA:0,(anonymous_3)
FNDA:1,(anonymous_4)
FNDA:4,(anonymous_5)
FNDA:4,(anonymous_6)
FNDA:4,(anonymous_7)
FNDA:3,(anonymous_8)
FNDA:0,(anonymous_9)
FNDA:1,(anonymous_10)
FNDA:1,(anonymous_11)
FNDA:5,(anonymous_12)
FNDA:5,(anonymous_13)
FNDA:9,(anonymous_14)
FNDA:7,(anonymous_15)
FNDA:7,(anonymous_16)
FNDA:1,(anonymous_17)
FNDA:2,(anonymous_18)
FNDA:2,(anonymous_19)
FNDA:1,(anonymous_20)
FNDA:2,(anonymous_21)
FNDA:2,(anonymous_22)
FNDA:2,(anonymous_23)
FNDA:1,(anonymous_24)
FNDA:1,(anonymous_25)
DA:5,1
DA:6,1
DA:20,1
DA:21,1
DA:22,1
DA:24,1
DA:25,1
DA:42,0
DA:55,1
DA:56,4
DA:59,4
DA:64,4
DA:66,4
DA:67,3
DA:68,3
DA:71,3
DA:73,3
DA:80,0
DA:83,1
DA:87,1
DA:88,1
DA:89,1
DA:92,1
DA:107,1
DA:108,5
DA:109,5
DA:110,5
DA:111,5
DA:112,1
DA:113,0
DA:114,0
DA:115,0
DA:118,5
DA:119,1
DA:120,4
DA:132,5
DA:133,9
DA:134,9
DA:137,9
DA:139,8
DA:140,8
DA:142,8
DA:144,8
DA:146,7
DA:155,7
DA:156,7
DA:160,1
DA:164,1
DA:165,1
DA:178,2
DA:179,2
DA:180,1
DA:182,1
DA:183,1
DA:184,1
DA:185,1
DA:198,1
DA:199,2
DA:205,2
DA:206,2
DA:208,2
DA:209,1
DA:210,1
DA:211,1
DA:212,1
DA:214,1
DA:219,1
DA:230,1
LF:68
LH:63
BRDA:66,0,0,3
BRDA:66,0,1,1
BRDA:87,1,0,1
BRDA:87,1,1,0
BRDA:87,2,0,1
BRDA:87,2,1,1
BRDA:110,3,0,5
BRDA:110,3,1,0
BRDA:111,4,0,1
BRDA:111,4,1,4
BRDA:111,5,0,5
BRDA:111,5,1,4
BRDA:113,6,0,0
BRDA:113,6,1,0
BRDA:114,7,0,0
BRDA:114,7,1,0
BRDA:118,8,0,1
BRDA:118,8,1,4
BRDA:134,9,0,9
BRDA:134,9,1,9
BRDA:134,9,2,9
BRDA:134,9,3,9
BRDA:134,9,4,9
BRDA:137,10,0,8
BRDA:137,10,1,1
BRDA:142,11,0,0
BRDA:142,11,1,8
BRDA:179,12,0,1
BRDA:179,12,1,1
BRDA:208,13,0,1
BRDA:208,13,1,1
BRDA:221,14,0,1
BRDA:221,14,1,0
BRF:33
BRH:25
end_of_record
TN:
SF:C:\Users\kingsley\Desktop\Events-Manager\server\models\user.js
FN:4,(anonymous_0)
FN:75,(anonymous_1)
FN:77,(anonymous_2)
FN:83,(anonymous_3)
FN:85,(anonymous_4)
FN:93,(anonymous_5)
FNF:6
FNH:6
FNDA:1,(anonymous_0)
FNDA:6,(anonymous_1)
FNDA:6,(anonymous_2)
FNDA:1,(anonymous_3)
FNDA:1,(anonymous_4)
FNDA:1,(anonymous_5)
DA:5,1
DA:76,6
DA:78,6
DA:79,6
DA:84,1
DA:86,1
DA:87,1
DA:93,1
DA:94,1
DA:102,1
DA:112,1
LF:11
LH:11
BRF:0
BRH:0
end_of_record
TN:
SF:C:\Users\kingsley\Desktop\Events-Manager\server\routes\authRoutes.js
FNF:0
FNH:0
DA:6,1
DA:7,1
DA:8,1
DA:10,1
DA:19,1
LF:5
LH:5
BRF:0
BRH:0
end_of_record
TN:
SF:C:\Users\kingsley\Desktop\Events-Manager\server\services\authenticationService.js
FN:19,(anonymous_0)
FN:20,(anonymous_1)
FN:27,(anonymous_2)
FN:46,(anonymous_3)
FNF:4
FNH:4
FNDA:7,(anonymous_0)
FNDA:7,(anonymous_1)
FNDA:7,(anonymous_2)
FNDA:11,(anonymous_3)
DA:20,7
DA:21,7
DA:27,7
DA:28,7
DA:29,1
DA:30,1
DA:31,1
DA:33,6
DA:48,11
DA:49,11
DA:53,11
DA:54,8
DA:55,8
DA:58,3
DA:59,3
DA:60,0
DA:62,3
DA:64,3
LF:18
LH:17
BRDA:28,0,0,1
BRDA:28,0,1,6
BRDA:54,1,0,8
BRDA:54,1,1,0
BRDA:59,2,0,0
BRDA:59,2,1,3
BRF:6
BRH:4
end_of_record
TN:
SF:C:\Users\kingsley\Desktop\Events-Manager\server\services\modelService.js
FN:25,(anonymous_0)
FN:27,(anonymous_1)
FN:36,(anonymous_2)
FN:53,(anonymous_3)
FN:59,(anonymous_4)
FN:88,(anonymous_5)
FN:95,(anonymous_6)
FN:105,(anonymous_7)
FN:122,(anonymous_8)
FN:128,(anonymous_9)
FN:150,(anonymous_10)
FN:152,(anonymous_11)
FN:170,(anonymous_12)
FN:184,(anonymous_13)
FN:186,(anonymous_14)
FN:188,(anonymous_15)
FN:197,(anonymous_16)
FN:213,(anonymous_17)
FN:217,(anonymous_18)
FN:221,(anonymous_19)
FN:238,(anonymous_20)
FN:251,(anonymous_21)
FN:286,(anonymous_22)
FN:303,(anonymous_23)
FN:316,(anonymous_24)
FNF:25
FNH:16
FNDA:9,(anonymous_0)
FNDA:6,(anonymous_1)
FNDA:3,(anonymous_2)
FNDA:1,(anonymous_3)
FNDA:2,(anonymous_4)
FNDA:14,(anonymous_5)
FNDA:14,(anonymous_6)
FNDA:0,(anonymous_7)
FNDA:6,(anonymous_8)
FNDA:6,(anonymous_9)
FNDA:0,(anonymous_10)
FNDA:0,(anonymous_11)
FNDA:0,(anonymous_12)
FNDA:0,(anonymous_13)
FNDA:0,(anonymous_14)
FNDA:0,(anonymous_15)
FNDA:0,(anonymous_16)
FNDA:1,(anonymous_17)
FNDA:1,(anonymous_18)
FNDA:1,(anonymous_19)
FNDA:0,(anonymous_20)
FNDA:4,(anonymous_21)
FNDA:16,(anonymous_22)
FNDA:6,(anonymous_23)
FNDA:4,(anonymous_24)
DA:4,1
DA:26,9
DA:28,6
DA:37,3
DA:38,3
DA:54,1
DA:55,1
DA:57,1
DA:59,1
DA:60,2
DA:63,1
DA:65,1
DA:66,1
DA:67,1
DA:71,1
DA:89,14
DA:90,14
DA:91,14
DA:96,14
DA:97,0
DA:98,0
DA:101,0
DA:103,14
DA:106,0
DA:123,6
DA:124,6
DA:129,6
DA:130,6
DA:131,6
DA:135,6
DA:151,0
DA:153,0
DA:154,0
DA:157,0
DA:158,0
DA:159,0
DA:160,0
DA:162,0
DA:163,0
DA:164,0
DA:167,0
DA:171,0
DA:185,0
DA:187,0
DA:189,0
DA:198,0
DA:214,1
DA:218,1
DA:219,1
DA:220,1
DA:222,1
DA:223,1
DA:233,0
DA:234,0
DA:239,0
DA:252,4
DA:253,4
DA:254,4
DA:256,4
DA:257,4
DA:260,3
DA:261,3
DA:262,3
DA:264,3
DA:265,1
DA:266,2
DA:267,3
DA:269,1
DA:270,1
DA:272,4
DA:273,4
DA:275,4
DA:287,16
DA:288,16
DA:304,6
DA:305,6
DA:317,4
LF:77
LH:54
BRDA:30,0,0,0
BRDA:30,0,1,6
BRDA:65,1,0,1
BRDA:65,1,1,0
BRDA:91,2,0,0
BRDA:91,2,1,14
BRDA:96,3,0,0
BRDA:96,3,1,14
BRDA:98,4,0,0
BRDA:98,4,1,0
BRDA:124,5,0,0
BRDA:124,5,1,6
BRDA:131,6,0,1
BRDA:131,6,1,5
BRDA:135,7,0,4
BRDA:135,7,1,2
BRDA:153,8,0,0
BRDA:153,8,1,0
BRDA:158,9,0,0
BRDA:158,9,1,0
BRDA:164,10,0,0
BRDA:164,10,1,0
BRDA:191,11,0,0
BRDA:191,11,1,0
BRDA:222,12,0,1
BRDA:222,12,1,0
BRDA:224,13,0,1
BRDA:224,13,1,0
BRDA:226,14,0,1
BRDA:226,14,1,0
BRDA:227,15,0,0
BRDA:227,15,1,1
BRDA:256,16,0,4
BRDA:256,16,1,0
BRDA:257,17,0,2
BRDA:257,17,1,3
BRDA:257,17,2,1
BRDA:264,18,0,1
BRDA:264,18,1,2
BRDA:272,19,0,4
BRDA:272,19,1,0
BRDA:273,20,0,1
BRDA:273,20,1,3
BRDA:287,21,0,0
BRDA:287,21,1,16
BRDA:287,22,0,0
BRDA:287,22,1,0
BRDA:290,23,0,16
BRDA:290,23,1,13
BRDA:304,24,0,6
BRDA:304,24,1,4
BRF:51
BRH:27
end_of_record
TN:
SF:C:\Users\kingsley\Desktop\Events-Manager\server\services\validationService.js
FN:18,(anonymous_0)
FN:19,(anonymous_1)
FN:46,(anonymous_2)
FN:59,(anonymous_3)
FN:73,(anonymous_4)
FN:89,(anonymous_5)
FN:107,(anonymous_6)
FN:123,(anonymous_7)
FN:139,(anonymous_8)
FN:155,(anonymous_9)
FN:168,(anonymous_10)
FN:183,(anonymous_11)
FN:200,(anonymous_12)
FN:213,(anonymous_13)
FN:227,(anonymous_14)
FN:245,(anonymous_15)
FNF:16
FNH:16
FNDA:3,(anonymous_0)
FNDA:1,(anonymous_1)
FNDA:20,(anonymous_2)
FNDA:19,(anonymous_3)
FNDA:5,(anonymous_4)
FNDA:9,(anonymous_5)
FNDA:5,(anonymous_6)
FNDA:14,(anonymous_7)
FNDA:9,(anonymous_8)
FNDA:14,(anonymous_9)
FNDA:17,(anonymous_10)
FNDA:7,(anonymous_11)
FNDA:8,(anonymous_12)
FNDA:8,(anonymous_13)
FNDA:7,(anonymous_14)
FNDA:22,(anonymous_15)
DA:3,1
DA:19,3
DA:20,1
DA:22,1
DA:23,1
DA:24,1
DA:25,1
DA:29,1
DA:30,1
DA:31,1
DA:32,1
DA:33,1
DA:35,0
DA:47,20
DA:48,1
DA:49,19
DA:60,19
DA:61,1
DA:62,18
DA:74,5
DA:75,1
DA:77,4
DA:78,4
DA:91,9
DA:92,1
DA:94,8
DA:95,8
DA:96,8
DA:108,5
DA:109,1
DA:111,4
DA:112,4
DA:124,14
DA:125,1
DA:127,13
DA:128,13
DA:140,9
DA:141,1
DA:143,8
DA:144,8
DA:156,14
DA:157,1
DA:158,13
DA:169,17
DA:170,1
DA:171,16
DA:172,6
DA:173,10
DA:184,7
DA:185,1
DA:186,6
DA:187,3
DA:189,3
DA:201,8
DA:202,1
DA:203,7
DA:214,8
DA:215,1
DA:216,7
DA:228,7
DA:229,1
DA:231,6
DA:232,6
DA:246,22
DA:247,1
DA:249,21
DA:250,21
LF:67
LH:66
BRDA:23,0,0,1
BRDA:23,0,1,0
BRDA:23,1,0,1
BRDA:23,1,1,1
BRDA:29,2,0,1
BRDA:29,2,1,0
BRDA:47,3,0,1
BRDA:47,3,1,19
BRDA:49,4,0,1
BRDA:49,4,1,18
BRDA:49,5,0,19
BRDA:49,5,1,18
BRDA:60,6,0,1
BRDA:60,6,1,18
BRDA:62,7,0,4
BRDA:62,7,1,14
BRDA:74,8,0,1
BRDA:74,8,1,4
BRDA:78,9,0,1
BRDA:78,9,1,3
BRDA:91,10,0,1
BRDA:91,10,1,8
BRDA:94,11,0,0
BRDA:94,11,1,8
BRDA:96,12,0,4
BRDA:96,12,1,4
BRDA:108,13,0,1
BRDA:108,13,1,4
BRDA:112,14,0,1
BRDA:112,14,1,3
BRDA:124,15,0,1
BRDA:124,15,1,13
BRDA:128,16,0,9
BRDA:128,16,1,4
BRDA:140,17,0,1
BRDA:140,17,1,8
BRDA:144,18,0,5
BRDA:144,18,1,3
BRDA:156,19,0,1
BRDA:156,19,1,13
BRDA:158,20,0,7
BRDA:158,20,1,6
BRDA:158,21,0,13
BRDA:158,21,1,10
BRDA:169,22,0,1
BRDA:169,22,1,16
BRDA:171,23,0,6
BRDA:171,23,1,10
BRDA:173,24,0,7
BRDA:173,24,1,3
BRDA:184,25,0,1
BRDA:184,25,1,6
BRDA:186,26,0,3
BRDA:186,26,1,3
BRDA:186,27,0,6
BRDA:186,27,1,4
BRDA:201,28,0,1
BRDA:201,28,1,7
BRDA:203,29,0,2
BRDA:203,29,1,5
BRDA:214,30,0,1
BRDA:214,30,1,7
BRDA:216,31,0,5
BRDA:216,31,1,2
BRDA:228,32,0,1
BRDA:228,32,1,6
BRDA:232,33,0,3
BRDA:232,33,1,3
BRDA:246,34,0,1
BRDA:246,34,1,21
BRDA:250,35,0,9
BRDA:250,35,1,12
BRF:72
BRH:69
end_of_record
TN:
SF:C:\Users\kingsley\Desktop\Events-Manager\server\validations\userValidations.js
FN:17,(anonymous_0)
FN:18,(anonymous_1)
FN:101,(anonymous_2)
FN:102,(anonymous_3)
FN:107,(anonymous_4)
FN:110,(anonymous_5)
FN:123,(anonymous_6)
FN:124,(anonymous_7)
FN:130,(anonymous_8)
FN:133,(anonymous_9)
FNF:10
FNH:10
FNDA:2,(anonymous_0)
FNDA:12,(anonymous_1)
FNDA:1,(anonymous_2)
FNDA:3,(anonymous_3)
FNDA:2,(anonymous_4)
FNDA:1,(anonymous_5)
FNDA:1,(anonymous_6)
FNDA:2,(anonymous_7)
FNDA:1,(anonymous_8)
FNDA:1,(anonymous_9)
DA:4,1
DA:5,1
DA:18,2
DA:20,12
DA:21,12
DA:22,12
DA:23,12
DA:25,12
DA:26,7
DA:30,6
DA:31,6
DA:32,6
DA:38,6
DA:39,0
DA:41,6
DA:42,1
DA:44,5
DA:45,1
DA:49,4
DA:50,1
DA:52,3
DA:53,0
DA:55,3
DA:56,0
DA:58,6
DA:59,0
DA:60,1
DA:61,0
DA:63,1
DA:64,0
DA:66,1
DA:67,1
DA:69,5
DA:71,5
DA:77,4
DA:79,4
DA:80,0
DA:81,4
DA:82,1
DA:83,4
DA:84,1
DA:86,1
DA:89,12
DA:102,1
DA:103,3
DA:104,0
DA:106,3
DA:108,2
DA:111,1
DA:124,1
DA:125,2
DA:126,0
DA:128,2
DA:131,1
DA:134,1
LF:55
LH:46
BRDA:25,0,0,7
BRDA:25,0,1,5
BRDA:26,1,0,6
BRDA:26,1,1,1
BRDA:26,2,0,7
BRDA:26,2,1,7
BRDA:26,2,2,7
BRDA:38,3,0,0
BRDA:38,3,1,6
BRDA:41,4,0,1
BRDA:41,4,1,5
BRDA:44,5,0,1
BRDA:44,5,1,4
BRDA:49,6,0,1
BRDA:49,6,1,3
BRDA:49,7,0,4
BRDA:49,7,1,4
BRDA:52,8,0,0
BRDA:52,8,1,3
BRDA:55,9,0,0
BRDA:55,9,1,3
BRDA:58,10,0,0
BRDA:58,10,1,6
BRDA:60,11,0,0
BRDA:60,11,1,1
BRDA:63,12,0,0
BRDA:63,12,1,1
BRDA:66,13,0,1
BRDA:66,13,1,0
BRDA:69,14,0,5
BRDA:69,14,1,0
BRDA:71,15,0,4
BRDA:71,15,1,1
BRDA:79,16,0,0
BRDA:79,16,1,4
BRDA:81,17,0,1
BRDA:81,17,1,3
BRDA:81,18,0,4
BRDA:81,18,1,4
BRDA:83,19,0,1
BRDA:83,19,1,3
BRDA:83,20,0,4
BRDA:83,20,1,3
BRDA:89,21,0,7
BRDA:89,21,1,5
BRDA:103,22,0,0
BRDA:103,22,1,3
BRDA:125,23,0,0
BRDA:125,23,1,2
BRF:49
BRH:38
end_of_record
